2026-03-17 13:27:50,606 [INFO] Activator:176 - 


2026-03-17 13:27:50,615 [INFO] Activator:177 - !SESSION log4j initialized
2026-03-17 13:27:55,771 [INFO] LogOutputStream:77 - [STDOUT_REDIRECT] 
2026-03-17 13:27:59,016 [INFO] ApplicationProperties:184 - Using Application install path: C:\ST\STM32CubeIDE_1.17.0\STM32CubeIDE\plugins\com.st.stm32cube.common.mx_6.13.0.202411220809
2026-03-17 13:27:59,043 [INFO] DbMcusXml:78 - Set database path to: C:\ST\STM32CubeIDE_1.17.0\STM32CubeIDE\plugins\com.st.stm32cube.common.mx_6.13.0.202411220809\\db\/mcu/
2026-03-17 13:27:59,043 [INFO] ApiDb:274 - Set plugin database path to: C:\ST\STM32CubeIDE_1.17.0\STM32CubeIDE\plugins\com.st.stm32cube.common.mx_6.13.0.202411220809\\db\/plugins/boardmanager/
2026-03-17 13:27:59,045 [WARN] ApiDb:259 - Overriding images path with different value:  => C:\ST\STM32CubeIDE_1.17.0\STM32CubeIDE\plugins\com.st.stm32cube.common.mx_6.13.0.202411220809\\db\/plugins/mcufinder/images/
2026-03-17 13:27:59,057 [INFO] ApiDb:250 - Set database path to: C:\Users\ADMIN\.stmcufinder\plugins\mcufinder//mcu/
2026-03-17 13:27:59,057 [INFO] DbMcusAds:125 - Set database path to: C:\Users\ADMIN\.stmcufinder\plugins\mcufinder//mcu/
2026-03-17 13:27:59,061 [INFO] CrossReferenceDbSqlite:203 - Set database path to: C:\Users\ADMIN\.stmcufinder\plugins\mcufinder//mcu/cs/
2026-03-17 13:27:59,137 [ERROR] ConfigurationRetriever:142 - IOException on connection: Read timed out
2026-03-17 13:27:59,282 [INFO] RulesReader:64 - Compatibility file has been processed (297 Rules)
2026-03-17 13:27:59,433 [INFO] DbMcusXml:78 - Set database path to: C:\ST\STM32CubeIDE_1.17.0\STM32CubeIDE\plugins\com.st.stm32cube.common.mx_6.13.0.202411220809\\db\/mcu/
2026-03-17 13:27:59,433 [INFO] ApiDb:274 - Set plugin database path to: C:\ST\STM32CubeIDE_1.17.0\STM32CubeIDE\plugins\com.st.stm32cube.common.mx_6.13.0.202411220809\\db\/plugins/boardmanager/
2026-03-17 13:27:59,433 [INFO] ApiDb:261 - Set plugin images path to: C:\ST\STM32CubeIDE_1.17.0\STM32CubeIDE\plugins\com.st.stm32cube.common.mx_6.13.0.202411220809\\db\/plugins/mcufinder/images/
2026-03-17 13:27:59,433 [WARN] DbFile:41 - Overriding database path with different value: C:\Users\ADMIN\.stmcufinder\plugins\mcufinder/ => C:\Users\ADMIN\.stmcufinder\plugins\mcufinder
2026-03-17 13:27:59,433 [INFO] ApiDb:250 - Set database path to: C:\Users\ADMIN\.stmcufinder\plugins\mcufinder//mcu/
2026-03-17 13:27:59,433 [WARN] DbFile:41 - Overriding database path with different value: C:\Users\ADMIN\.stmcufinder\plugins\mcufinder/ => C:\Users\ADMIN\.stmcufinder\plugins\mcufinder
2026-03-17 13:27:59,435 [INFO] DbMcusAds:125 - Set database path to: C:\Users\ADMIN\.stmcufinder\plugins\mcufinder//mcu/
2026-03-17 13:27:59,435 [WARN] DbFile:41 - Overriding database path with different value: C:\Users\ADMIN\.stmcufinder\plugins\mcufinder/ => C:\Users\ADMIN\.stmcufinder\plugins\mcufinder
2026-03-17 13:27:59,435 [WARN] DbFile:41 - Overriding database path with different value: C:\Users\ADMIN\.stmcufinder\plugins\mcufinder/ => C:\Users\ADMIN\.stmcufinder\plugins\mcufinder
2026-03-17 13:27:59,435 [INFO] CrossReferenceDbSqlite:203 - Set database path to: C:\Users\ADMIN\.stmcufinder\plugins\mcufinder//mcu/cs/
2026-03-17 13:27:59,545 [INFO] MainPanel:272 - HeapMemory: 268435456
2026-03-17 13:27:59,694 [INFO] DbMcusXml:78 - Set database path to: C:\ST\STM32CubeIDE_1.17.0\STM32CubeIDE\plugins\com.st.stm32cube.common.mx_6.13.0.202411220809\\db\/mcu/
2026-03-17 13:27:59,696 [INFO] ApiDb:274 - Set plugin database path to: C:\ST\STM32CubeIDE_1.17.0\STM32CubeIDE\plugins\com.st.stm32cube.common.mx_6.13.0.202411220809\\db\/plugins/boardmanager/
2026-03-17 13:27:59,696 [INFO] ApiDb:261 - Set plugin images path to: C:\ST\STM32CubeIDE_1.17.0\STM32CubeIDE\plugins\com.st.stm32cube.common.mx_6.13.0.202411220809\\db\/plugins/mcufinder/images/
2026-03-17 13:27:59,696 [WARN] DbFile:41 - Overriding database path with different value: C:\Users\ADMIN\.stmcufinder\plugins\mcufinder/ => C:\Users\ADMIN\.stmcufinder\plugins\mcufinder
2026-03-17 13:27:59,698 [INFO] ApiDb:250 - Set database path to: C:\Users\ADMIN\.stmcufinder\plugins\mcufinder//mcu/
2026-03-17 13:27:59,698 [WARN] DbFile:41 - Overriding database path with different value: C:\Users\ADMIN\.stmcufinder\plugins\mcufinder/ => C:\Users\ADMIN\.stmcufinder\plugins\mcufinder
2026-03-17 13:27:59,698 [INFO] DbMcusAds:125 - Set database path to: C:\Users\ADMIN\.stmcufinder\plugins\mcufinder//mcu/
2026-03-17 13:27:59,698 [WARN] DbFile:41 - Overriding database path with different value: C:\Users\ADMIN\.stmcufinder\plugins\mcufinder/ => C:\Users\ADMIN\.stmcufinder\plugins\mcufinder
2026-03-17 13:27:59,698 [WARN] DbFile:41 - Overriding database path with different value: C:\Users\ADMIN\.stmcufinder\plugins\mcufinder/ => C:\Users\ADMIN\.stmcufinder\plugins\mcufinder
2026-03-17 13:27:59,698 [INFO] CrossReferenceDbSqlite:203 - Set database path to: C:\Users\ADMIN\.stmcufinder\plugins\mcufinder//mcu/cs/
2026-03-17 13:27:59,740 [INFO] ApplicationProperties:184 - Using Application install path: C:\ST\STM32CubeIDE_1.17.0\STM32CubeIDE\plugins\com.st.stm32cube.common.mx_6.13.0.202411220809
2026-03-17 13:27:59,745 [INFO] PluginManage:196 - Search for loadable plugins [exclusion list=, ]
2026-03-17 13:27:59,749 [INFO] PluginManage:310 - Check plugin analytics
2026-03-17 13:28:00,080 [INFO] AnalyticsPlugin:253 - Accepted Software Licenses: STM32CubeMX.6.16.1
2026-03-17 13:28:00,080 [INFO] AnalyticsPlugin:255 - Accepted CMSIS Pack Licenses: 
2026-03-17 13:28:00,082 [INFO] AnalyticsPlugin:257 - Accepted Firmware Licenses: 
2026-03-17 13:28:00,088 [INFO] PluginManage:359 - Loaded plugin analytics (category:tool,tabindex:-1)
2026-03-17 13:28:00,088 [INFO] PluginManage:310 - Check plugin cadmodel
2026-03-17 13:28:00,093 [INFO] CADModel:105 - Init CAD model plugin
2026-03-17 13:28:00,093 [INFO] PluginManage:359 - Loaded plugin cadmodel (category:power,tabindex:5)
2026-03-17 13:28:00,096 [INFO] PluginManage:310 - Check plugin clock
2026-03-17 13:28:00,110 [INFO] PluginManage:359 - Loaded plugin clock (category:base,tabindex:2)
2026-03-17 13:28:00,110 [INFO] PluginManage:310 - Check plugin ddr
2026-03-17 13:28:00,116 [INFO] PluginManage:359 - Loaded plugin ddr (category:tool,tabindex:6)
2026-03-17 13:28:00,116 [INFO] PluginManage:310 - Check plugin filemanager
2026-03-17 13:28:00,411 [INFO] PluginManage:359 - Loaded plugin filemanager (category:base,tabindex:10)
2026-03-17 13:28:00,411 [INFO] PluginManage:310 - Check plugin ipmanager
2026-03-17 13:28:00,422 [INFO] PluginManage:359 - Loaded plugin ipmanager (category:base,tabindex:5)
2026-03-17 13:28:00,422 [INFO] PluginManage:310 - Check plugin lpbam
2026-03-17 13:28:00,463 [INFO] PluginManage:359 - Loaded plugin lpbam (category:base,tabindex:0)
2026-03-17 13:28:00,466 [INFO] PluginManage:310 - Check plugin memorymap
2026-03-17 13:28:00,487 [INFO] PluginManage:359 - Loaded plugin memorymap (category:base,tabindex:4)
2026-03-17 13:28:00,487 [INFO] PluginManage:310 - Check plugin pinoutandconfiguration
2026-03-17 13:28:00,502 [INFO] PluginManage:359 - Loaded plugin pinoutandconfiguration (category:base,tabindex:1)
2026-03-17 13:28:00,502 [INFO] PluginManage:310 - Check plugin pinoutconfig
2026-03-17 13:28:00,655 [WARN] SupportedApi:132 - Cannot load RTOS API schema: s4s-elt-must-match.1: The content of 'definitions' must match (annotation?, (simpleType | complexType)?, (unique | key | keyref)*)). A problem was found starting at: attribute.
2026-03-17 13:28:00,865 [INFO] PluginManage:359 - Loaded plugin pinoutconfig (category:base,tabindex:0)
2026-03-17 13:28:00,865 [INFO] PluginManage:310 - Check plugin power
2026-03-17 13:28:00,878 [INFO] PluginManage:359 - Loaded plugin power (category:power,tabindex:4)
2026-03-17 13:28:00,878 [INFO] PluginManage:310 - Check plugin projectmanager
2026-03-17 13:28:00,948 [INFO] PluginManage:359 - Loaded plugin projectmanager (category:projectmanager,tabindex:4)
2026-03-17 13:28:00,948 [INFO] PluginManage:310 - Check plugin rif
2026-03-17 13:28:00,958 [INFO] PluginManage:359 - Loaded plugin rif (category:base,tabindex:3)
2026-03-17 13:28:00,958 [INFO] PluginManage:310 - Check plugin thirdparty
2026-03-17 13:28:01,144 [ERROR] ConfigurationRetriever:142 - IOException on connection: Connect timed out
2026-03-17 13:28:01,182 [INFO] PluginManage:359 - Loaded plugin thirdparty (category:base,tabindex:-1)
2026-03-17 13:28:01,182 [WARN] IntegrityCheckThread:84 - waiting for thirdparty lock release [integrity check]
2026-03-17 13:28:01,182 [INFO] PluginManage:310 - Check plugin tools
2026-03-17 13:28:01,182 [INFO] IntegrityCheckThread:86 - entering critical section [integrity check]
2026-03-17 13:28:01,182 [INFO] ThirdPartyUpdaterWithRetryManager:70 - Updater plugin not ready yet. [1/15]
2026-03-17 13:28:01,185 [INFO] PluginManage:359 - Loaded plugin tools (category:base,tabindex:7)
2026-03-17 13:28:01,185 [INFO] PluginManage:310 - Check plugin tutovideos
2026-03-17 13:28:01,386 [INFO] PluginManage:359 - Loaded plugin tutovideos (category:base,tabindex:-1)
2026-03-17 13:28:01,386 [INFO] PluginManage:310 - Check plugin updater
2026-03-17 13:28:01,432 [INFO] PluginManage:359 - Loaded plugin updater (category:base,tabindex:12)
2026-03-17 13:28:01,432 [INFO] PluginManage:310 - Check plugin userauth
2026-03-17 13:28:01,439 [INFO] UserAuth:118 - Init User Auth plugin
2026-03-17 13:28:01,439 [INFO] PluginManage:359 - Loaded plugin userauth (category:base,tabindex:14)
2026-03-17 13:28:01,447 [INFO] PluginManage:283 - PluginManage : Loaded plugins [18]
2026-03-17 13:28:01,785 [INFO] PinOutPanel:1589 - setPackage(No Configuration,No Configuration)
2026-03-17 13:28:01,912 [INFO] CADModel:165 - CPN selected for project level
2026-03-17 13:28:01,912 [INFO] CADModel:114 - Register for checkConnection events
2026-03-17 13:28:01,934 [INFO] IPUIPlugin:80 - create IPUIPlugin
2026-03-17 13:28:01,934 [INFO] PluginManager:220 - loadIPPluginJar : add adc
2026-03-17 13:28:01,934 [INFO] IPUIPlugin:80 - create IPUIPlugin
2026-03-17 13:28:01,934 [INFO] PluginManager:220 - loadIPPluginJar : add aes
2026-03-17 13:28:01,942 [INFO] IPUIPlugin:80 - create IPUIPlugin
2026-03-17 13:28:01,942 [INFO] PluginManager:220 - loadIPPluginJar : add can
2026-03-17 13:28:01,949 [INFO] IPUIPlugin:80 - create IPUIPlugin
2026-03-17 13:28:01,949 [INFO] PluginManager:220 - loadIPPluginJar : add comp
2026-03-17 13:28:01,952 [INFO] IPUIPlugin:80 - create IPUIPlugin
2026-03-17 13:28:01,952 [INFO] PluginManager:220 - loadIPPluginJar : add cryp
2026-03-17 13:28:01,952 [INFO] IPUIPlugin:80 - create IPUIPlugin
2026-03-17 13:28:01,952 [INFO] PluginManager:220 - loadIPPluginJar : add ddr_ctrl_phy
2026-03-17 13:28:01,959 [INFO] IPUIPlugin:80 - create IPUIPlugin
2026-03-17 13:28:01,959 [INFO] PluginManager:220 - loadIPPluginJar : add dfsdm
2026-03-17 13:28:01,969 [INFO] IPUIPlugin:80 - create IPUIPlugin
2026-03-17 13:28:01,969 [INFO] PluginManager:220 - loadIPPluginJar : add dma
2026-03-17 13:28:01,975 [INFO] IPUIPlugin:80 - create IPUIPlugin
2026-03-17 13:28:01,975 [INFO] PluginManager:220 - loadIPPluginJar : add dma3
2026-03-17 13:28:02,067 [INFO] IPUIPlugin:80 - create IPUIPlugin
2026-03-17 13:28:02,067 [INFO] PluginManager:220 - loadIPPluginJar : add extmemmanager
2026-03-17 13:28:02,077 [INFO] IPUIPlugin:80 - create IPUIPlugin
2026-03-17 13:28:02,077 [INFO] PluginManager:220 - loadIPPluginJar : add fatfs
2026-03-17 13:28:02,192 [INFO] IPUIPlugin:80 - create IPUIPlugin
2026-03-17 13:28:02,192 [INFO] PluginManager:220 - loadIPPluginJar : add fmc
2026-03-17 13:28:02,222 [INFO] IPUIPlugin:80 - create IPUIPlugin
2026-03-17 13:28:02,222 [INFO] PluginManager:220 - loadIPPluginJar : add freertos
2026-03-17 13:28:02,259 [INFO] IPUIPlugin:80 - create IPUIPlugin
2026-03-17 13:28:02,259 [INFO] PluginManager:220 - loadIPPluginJar : add genericplugin
2026-03-17 13:28:02,415 [INFO] IPUIPlugin:80 - create IPUIPlugin
2026-03-17 13:28:02,415 [INFO] PluginManager:220 - loadIPPluginJar : add gfxmmu
2026-03-17 13:28:02,677 [INFO] IPUIPlugin:80 - create IPUIPlugin
2026-03-17 13:28:02,677 [INFO] PluginManager:220 - loadIPPluginJar : add gic
2026-03-17 13:28:02,707 [INFO] IPUIPlugin:80 - create IPUIPlugin
2026-03-17 13:28:02,707 [INFO] PluginManager:220 - loadIPPluginJar : add gpio
2026-03-17 13:28:02,888 [INFO] IPUIPlugin:80 - create IPUIPlugin
2026-03-17 13:28:02,888 [INFO] PluginManager:220 - loadIPPluginJar : add gtzc
2026-03-17 13:28:02,982 [INFO] IPUIPlugin:80 - create IPUIPlugin
2026-03-17 13:28:02,982 [INFO] PluginManager:220 - loadIPPluginJar : add hash
2026-03-17 13:28:03,114 [INFO] IPUIPlugin:80 - create IPUIPlugin
2026-03-17 13:28:03,114 [INFO] PluginManager:220 - loadIPPluginJar : add i2c
2026-03-17 13:28:03,197 [INFO] IPUIPlugin:80 - create IPUIPlugin
2026-03-17 13:28:03,197 [INFO] PluginManager:220 - loadIPPluginJar : add i2s
2026-03-17 13:28:03,280 [INFO] IPUIPlugin:80 - create IPUIPlugin
2026-03-17 13:28:03,280 [INFO] PluginManager:220 - loadIPPluginJar : add i3c
2026-03-17 13:28:03,460 [INFO] IPUIPlugin:80 - create IPUIPlugin
2026-03-17 13:28:03,460 [INFO] PluginManager:220 - loadIPPluginJar : add ipddr
2026-03-17 13:28:03,629 [INFO] IPUIPlugin:80 - create IPUIPlugin
2026-03-17 13:28:03,629 [INFO] PluginManager:220 - loadIPPluginJar : add linkedlist
2026-03-17 13:28:03,633 [INFO] IPUIPlugin:80 - create IPUIPlugin
2026-03-17 13:28:03,635 [INFO] PluginManager:220 - loadIPPluginJar : add lorawan
2026-03-17 13:28:03,698 [INFO] IPUIPlugin:80 - create IPUIPlugin
2026-03-17 13:28:03,700 [INFO] PluginManager:220 - loadIPPluginJar : add ltdc
2026-03-17 13:28:03,718 [INFO] IPUIPlugin:80 - create IPUIPlugin
2026-03-17 13:28:03,718 [INFO] PluginManager:220 - loadIPPluginJar : add mdma
2026-03-17 13:28:03,743 [INFO] IPUIPlugin:80 - create IPUIPlugin
2026-03-17 13:28:03,743 [INFO] PluginManager:220 - loadIPPluginJar : add nvic
2026-03-17 13:28:03,829 [INFO] IPUIPlugin:80 - create IPUIPlugin
2026-03-17 13:28:03,829 [INFO] PluginManager:220 - loadIPPluginJar : add opamp
2026-03-17 13:28:03,948 [INFO] IPUIPlugin:80 - create IPUIPlugin
2026-03-17 13:28:03,948 [INFO] PluginManager:220 - loadIPPluginJar : add openamp
2026-03-17 13:28:04,029 [INFO] IPUIPlugin:80 - create IPUIPlugin
2026-03-17 13:28:04,029 [INFO] PluginManager:220 - loadIPPluginJar : add pdm2pcm
2026-03-17 13:28:04,045 [INFO] IPUIPlugin:80 - create IPUIPlugin
2026-03-17 13:28:04,053 [INFO] PluginManager:220 - loadIPPluginJar : add plateformsettings
2026-03-17 13:28:04,097 [INFO] IPUIPlugin:80 - create IPUIPlugin
2026-03-17 13:28:04,097 [INFO] PluginManager:220 - loadIPPluginJar : add quadspi
2026-03-17 13:28:04,103 [INFO] IPUIPlugin:80 - create IPUIPlugin
2026-03-17 13:28:04,103 [INFO] PluginManager:220 - loadIPPluginJar : add radio
2026-03-17 13:28:04,132 [INFO] IPUIPlugin:80 - create IPUIPlugin
2026-03-17 13:28:04,132 [INFO] PluginManager:220 - loadIPPluginJar : add resmgrutility
2026-03-17 13:28:04,185 [INFO] ThirdPartyUpdaterWithRetryManager:70 - Updater plugin not ready yet. [2/15]
2026-03-17 13:28:04,222 [INFO] IPUIPlugin:80 - create IPUIPlugin
2026-03-17 13:28:04,222 [INFO] PluginManager:220 - loadIPPluginJar : add sai
2026-03-17 13:28:04,291 [INFO] IPUIPlugin:80 - create IPUIPlugin
2026-03-17 13:28:04,291 [INFO] PluginManager:220 - loadIPPluginJar : add spi
2026-03-17 13:28:04,429 [INFO] IPUIPlugin:80 - create IPUIPlugin
2026-03-17 13:28:04,429 [INFO] PluginManager:220 - loadIPPluginJar : add stm32_wpan
2026-03-17 13:28:04,480 [INFO] IPUIPlugin:80 - create IPUIPlugin
2026-03-17 13:28:04,480 [INFO] PluginManager:220 - loadIPPluginJar : add tim
2026-03-17 13:28:04,580 [INFO] IPUIPlugin:80 - create IPUIPlugin
2026-03-17 13:28:04,580 [INFO] PluginManager:220 - loadIPPluginJar : add touchsensing
2026-03-17 13:28:04,628 [INFO] IPUIPlugin:80 - create IPUIPlugin
2026-03-17 13:28:04,628 [INFO] PluginManager:220 - loadIPPluginJar : add tracer_emb
2026-03-17 13:28:04,684 [INFO] IPUIPlugin:80 - create IPUIPlugin
2026-03-17 13:28:04,684 [INFO] PluginManager:220 - loadIPPluginJar : add ts
2026-03-17 13:28:04,770 [INFO] IPUIPlugin:80 - create IPUIPlugin
2026-03-17 13:28:04,772 [INFO] PluginManager:220 - loadIPPluginJar : add tsc
2026-03-17 13:28:04,832 [INFO] IPUIPlugin:80 - create IPUIPlugin
2026-03-17 13:28:04,832 [INFO] PluginManager:220 - loadIPPluginJar : add ucpd
2026-03-17 13:28:04,936 [INFO] IPUIPlugin:80 - create IPUIPlugin
2026-03-17 13:28:04,936 [INFO] PluginManager:220 - loadIPPluginJar : add usart
2026-03-17 13:28:05,019 [INFO] IPUIPlugin:80 - create IPUIPlugin
2026-03-17 13:28:05,019 [INFO] PluginManager:220 - loadIPPluginJar : add usbx
2026-03-17 13:28:05,229 [FATAL] Updater:351 - Updater called before beeing initialized
2026-03-17 13:28:05,283 [INFO] RulesReader:64 - Compatibility file has been processed (297 Rules)
2026-03-17 13:28:05,301 [INFO] RulesReader:64 - Compatibility file has been processed (297 Rules)
2026-03-17 13:28:05,319 [INFO] CADModel:165 - CPN selected for project level
2026-03-17 13:28:05,319 [INFO] CADModel:114 - Register for checkConnection events
2026-03-17 13:28:05,319 [FATAL] Updater:351 - Updater called before beeing initialized
2026-03-17 13:28:05,319 [ERROR] CADModel:125 - Updater not yet initialized, retry later 
2026-03-17 13:28:05,744 [FATAL] Updater:351 - Updater called before beeing initialized
2026-03-17 13:28:05,749 [INFO] CADModel:165 - CPN selected for project level
2026-03-17 13:28:05,749 [INFO] CADModel:114 - Register for checkConnection events
2026-03-17 13:28:05,749 [FATAL] Updater:351 - Updater called before beeing initialized
2026-03-17 13:28:05,749 [ERROR] CADModel:125 - Updater not yet initialized, retry later 
2026-03-17 13:28:05,754 [FATAL] Updater:351 - Updater called before beeing initialized
2026-03-17 13:28:05,950 [FATAL] Updater:351 - Updater called before beeing initialized
2026-03-17 13:28:05,967 [INFO] DbMcusAds:53 - JSON generation date=Thu Mar 05 21:32:53 ICT 2026 (1772721173050)
2026-03-17 13:28:05,967 [FATAL] Updater:351 - Updater called before beeing initialized
2026-03-17 13:28:06,022 [WARN] DetailPanel:346 - Failed to get advertising image, set to default
2026-03-17 13:28:06,330 [FATAL] Updater:351 - Updater called before beeing initialized
2026-03-17 13:28:06,334 [FATAL] Updater:351 - Updater called before beeing initialized
2026-03-17 13:28:06,335 [FATAL] Updater:351 - Updater called before beeing initialized
2026-03-17 13:28:06,335 [WARN] DetailPanel:346 - Failed to get advertising image, set to default
2026-03-17 13:28:06,335 [FATAL] Updater:351 - Updater called before beeing initialized
2026-03-17 13:28:06,450 [ERROR] Updater:1198 - MainUpdater not yet initialized. External WinMGr cannot be set.
2026-03-17 13:28:06,470 [INFO] Updater:1134 - Updater Version found : 6.13.0
2026-03-17 13:28:06,492 [INFO] ApplicationProperties:184 - Using Application install path: C:\ST\STM32CubeIDE_1.17.0\STM32CubeIDE\plugins\com.st.stm32cube.common.mx_6.13.0.202411220809
2026-03-17 13:28:07,190 [INFO] ThirdPartyUpdaterWithRetryManager:70 - Updater plugin not ready yet. [3/15]
2026-03-17 13:28:08,166 [ERROR] LogOutputStream:75 - [STDERR_REDIRECT] Mar 17, 2026 1:28:08 PM java.util.prefs.WindowsPreferences <init>
2026-03-17 13:28:08,170 [ERROR] LogOutputStream:75 - [STDERR_REDIRECT] WARNING: Could not open/create prefs root node Software\JavaSoft\Prefs at root 0xffffffff80000002. Windows RegCreateKeyEx(...) returned error code 5.
2026-03-17 13:28:08,170 [ERROR] LogOutputStream:75 - [STDERR_REDIRECT] 
2026-03-17 13:28:09,747 [INFO] MainUpdater:2872 - connection check result : 10
2026-03-17 13:28:09,747 [INFO] MainUpdater:3566 - Updater definition file requires update
2026-03-17 13:28:09,747 [INFO] MainUpdater:289 - Updater Check For Update Now.
2026-03-17 13:28:09,747 [INFO] MicroXplorer:498 - Change Database Version : DB.6.0.130
2026-03-17 13:28:09,832 [INFO] McuFinderGlobals:63 - Set McuFinder mode to 2 (CubeIDE integrated)
2026-03-17 13:28:09,834 [INFO] UserAuth:171 - activating auth plugin
2026-03-17 13:28:09,840 [INFO] UserAuth:486 - Internet connection configuration mode: 1
2026-03-17 13:28:09,908 [INFO] JxBrowserEngine:152 - Initiate JxBrowser Engine with user profile folder
2026-03-17 13:28:10,198 [WARN] MainUpdater:1193 - Updater busy. Cannot search thirdparties
2026-03-17 13:28:10,198 [INFO] ThirdPartyUpdaterWithRetryManager:96 - Updater plugin is busy. [1/15]
2026-03-17 13:28:10,263 [INFO] ServerAccessManage:473 - Download File updaters.zip
2026-03-17 13:28:10,804 [INFO] FileExtend:240 - Unzip File : updaters.zip
2026-03-17 13:28:10,806 [INFO] FileExtend:255 - Standard Zip Deflate
2026-03-17 13:28:13,204 [WARN] MainUpdater:1193 - Updater busy. Cannot search thirdparties
2026-03-17 13:28:13,206 [INFO] ThirdPartyUpdaterWithRetryManager:96 - Updater plugin is busy. [2/15]
2026-03-17 13:28:13,440 [INFO] WebApp:168 - Instantiating new browser for Auth
2026-03-17 13:28:15,110 [INFO] ServerAccessManage:473 - Download File PacksControlFlags.xml
2026-03-17 13:28:15,136 [INFO] WebApp:449 - Apply proxy settings
2026-03-17 13:28:15,136 [INFO] WebApp:534 - Chromium requires no authentication
2026-03-17 13:28:15,160 [INFO] WebApp:477 - Direct internet connection detected
2026-03-17 13:28:15,214 [INFO] WebApp:880 - Register for checkConnection events
2026-03-17 13:28:15,216 [INFO] WebApp:449 - Apply proxy settings
2026-03-17 13:28:15,216 [INFO] WebApp:534 - Chromium requires no authentication
2026-03-17 13:28:15,218 [INFO] WebApp:477 - Direct internet connection detected
2026-03-17 13:28:15,554 [INFO] WebApp:221 - Starting web application
2026-03-17 13:28:15,554 [INFO] WebApp:579 - Web application path used C:\ST\STM32CubeIDE_1.17.0\STM32CubeIDE\plugins\com.st.stm32cube.common.mx_6.13.0.202411220809\db\plugins\mcufinder\reactClient1\index.html
2026-03-17 13:28:16,215 [WARN] MainUpdater:1193 - Updater busy. Cannot search thirdparties
2026-03-17 13:28:16,215 [INFO] ThirdPartyUpdaterWithRetryManager:96 - Updater plugin is busy. [3/15]
2026-03-17 13:28:16,524 [INFO] ServerAccessManage:473 - Download File cubemx.pidx
2026-03-17 13:28:16,745 [INFO] LoadServerUpdatesThread:375 - End of LoadServerUpdate Thread
2026-03-17 13:28:16,970 [INFO] CheckServerUpdateThread:120 - End of CheckServer Thread
2026-03-17 13:28:18,266 [INFO] WebApp:187 - Connection restablished
2026-03-17 13:28:19,976 [WARN] PackLoader:240 - Cannot read IP mode file for STMicroelectronics.X-CUBE-AZRTOS-H7.3.5.0
2026-03-17 13:28:20,049 [WARN] PackLoader:240 - Cannot read IP mode file for STMicroelectronics.FP-ATR-ASTRA1.2.0.2
2026-03-17 13:28:20,098 [WARN] PackLoader:240 - Cannot read IP mode file for STMicroelectronics.X-CUBE-SMBUS.2.1.0
2026-03-17 13:28:20,171 [WARN] PackLoader:240 - Cannot read IP mode file for STMicroelectronics.X-CUBE-AZRTOS-F7.1.1.0
2026-03-17 13:28:20,227 [ERROR] Engine:466 - C:\Users\ADMIN\.stm32cubemx\thirdparties\pdsc\STMicroelectronics.FP-SNS-MOTENV1.5.1.0.pdsc: PDSC version is not supported
2026-03-17 13:28:20,266 [ERROR] Engine:466 - C:\Users\ADMIN\.stm32cubemx\thirdparties\pdsc\WES.I-CUBE-Cesium.1.4.0.pdsc: PDSC version is not supported
2026-03-17 13:28:20,355 [WARN] PackLoader:240 - Cannot read IP mode file for STMicroelectronics.X-CUBE-AZRTOS-H7.3.4.0
2026-03-17 13:28:20,409 [WARN] PackLoader:240 - Cannot read IP mode file for STMicroelectronics.X-CUBE-DISPLAY.3.0.0
2026-03-17 13:28:20,445 [ERROR] Engine:466 - C:\Users\ADMIN\.stm32cubemx\thirdparties\pdsc\STMicroelectronics.FP-SNS-MOTENVWB1.1.5.0.pdsc: PDSC version is not supported
2026-03-17 13:28:20,481 [WARN] PackLoader:240 - Cannot read IP mode file for STMicroelectronics.X-CUBE-NFC10.1.0.0
2026-03-17 13:28:20,514 [WARN] PackLoader:240 - Cannot read IP mode file for STMicroelectronics.X-CUBE-ST60.1.1.0
2026-03-17 13:28:20,547 [WARN] PackLoader:240 - Cannot read IP mode file for emotas.I-CUBE-CANOPEN.1.3.0
2026-03-17 13:28:20,580 [WARN] PackLoader:240 - Cannot read IP mode file for STMicroelectronics.X-CUBE-GNSS1.7.1.0
2026-03-17 13:28:20,623 [ERROR] Engine:466 - C:\Users\ADMIN\.stm32cubemx\thirdparties\pdsc\STMicroelectronics.FP-SNS-STBOX1.2.1.0.pdsc: PDSC version is not supported
2026-03-17 13:28:20,662 [WARN] PackLoader:240 - Cannot read IP mode file for STMicroelectronics.FP-SNS-SMARTAG2.1.2.0
2026-03-17 13:28:20,686 [WARN] PackLoader:240 - Cannot read IP mode file for STMicroelectronics.FP-SNS-FLIGHT1.5.1.0
2026-03-17 13:28:20,727 [INFO] LogOutputStream:77 - [STDOUT_REDIRECT] 1 : Invalid condition id : UX_CORESTACK_Condition cause : null
2026-03-17 13:28:20,727 [INFO] LogOutputStream:77 - [STDOUT_REDIRECT] 1 : Invalid condition id : UX_CORESTACK_Condition cause : null
2026-03-17 13:28:20,727 [INFO] LogOutputStream:77 - [STDOUT_REDIRECT] 1 : Invalid condition id : UX_CORESTACK_Condition cause : null
2026-03-17 13:28:20,727 [INFO] LogOutputStream:77 - [STDOUT_REDIRECT] 1 : Invalid condition id : UX_CORESTACK_Condition cause : null
2026-03-17 13:28:20,736 [INFO] LogOutputStream:77 - [STDOUT_REDIRECT] 1 : Invalid condition id : UX_CORESTACK_Condition cause : null
2026-03-17 13:28:20,739 [WARN] PackLoader:240 - Cannot read IP mode file for STMicroelectronics.X-CUBE-AZRTOS-WL.2.0.0
2026-03-17 13:28:20,831 [WARN] PackLoader:240 - Cannot read IP mode file for STMicroelectronics.X-CUBE-AZRTOS-H7RS.1.2.0
2026-03-17 13:28:20,865 [WARN] PackLoader:240 - Cannot read IP mode file for STMicroelectronics.X-CUBE-BLE2.3.3.0
2026-03-17 13:28:20,977 [WARN] PackLoader:240 - Cannot read IP mode file for Infineon.AIROC-Wi-Fi-Bluetooth-STM32.1.8.0
2026-03-17 13:28:21,026 [WARN] PackLoader:240 - Cannot read IP mode file for STMicroelectronics.X-CUBE-NFC9.1.0.0
2026-03-17 13:28:21,062 [WARN] PackLoader:240 - Cannot read IP mode file for STMicroelectronics.X-CUBE-BLE1.7.1.0
2026-03-17 13:28:21,082 [WARN] PackLoader:240 - Cannot read IP mode file for wolfSSL.I-CUBE-wolfMQTT.1.19.2
2026-03-17 13:28:21,114 [ERROR] Engine:466 - C:\Users\ADMIN\.stm32cubemx\thirdparties\pdsc\STMicroelectronics.X-CUBE-FREERTOS.1.4.0.pdsc: PDSC version is not supported
2026-03-17 13:28:21,147 [WARN] PackLoader:240 - Cannot read IP mode file for STMicroelectronics.X-CUBE-EEPRMA1.5.2.0
2026-03-17 13:28:21,180 [WARN] PackLoader:240 - Cannot read IP mode file for wolfSSL.I-CUBE-wolfSSL.5.8.4
2026-03-17 13:28:21,213 [WARN] PackLoader:240 - Cannot read IP mode file for Cesanta.I-CUBE-Mongoose.7.20.0
2026-03-17 13:28:21,336 [WARN] PackLoader:240 - Cannot read IP mode file for STMicroelectronics.X-CUBE-MEMS1.12.0.0
2026-03-17 13:28:21,512 [WARN] PackLoader:240 - Cannot read IP mode file for STMicroelectronics.X-CUBE-AZRTOS-G0.1.1.0
2026-03-17 13:28:21,549 [WARN] PackLoader:240 - Cannot read IP mode file for STMicroelectronics.X-CUBE-NFC4.3.0.0
2026-03-17 13:28:21,586 [WARN] PackLoader:240 - Cannot read IP mode file for EmbeddedOffice.I-CUBE-FS-RTOS.1.0.1
2026-03-17 13:28:21,614 [WARN] PackLoader:240 - Cannot read IP mode file for STMicroelectronics.X-CUBE-WB05N.2.0.0
2026-03-17 13:28:21,648 [WARN] PackLoader:240 - Cannot read IP mode file for wolfSSL.I-CUBE-wolfTPM.3.8.0
2026-03-17 13:28:21,696 [WARN] PackLoader:240 - Cannot read IP mode file for STMicroelectronics.X-CUBE-TCPP.4.2.0
2026-03-17 13:28:21,729 [WARN] PackLoader:240 - Cannot read IP mode file for RealThread.X-CUBE-RT-Thread_Nano.4.1.1
2026-03-17 13:28:21,737 [WARN] PackLoader:240 - Cannot read IP mode file for STMicroelectronics.FP-ATR-SIGFOX1.3.2.0
2026-03-17 13:28:21,758 [ERROR] Engine:466 - C:\Users\ADMIN\.stm32cubemx\thirdparties\pdsc\STMicroelectronics.X-CUBE-FREERTOS.1.5.0.pdsc: PDSC version is not supported
2026-03-17 13:28:21,787 [WARN] PackLoader:240 - Cannot read IP mode file for ITTIA_DB.I-CUBE-ITTIADB.8.9.0
2026-03-17 13:28:21,821 [WARN] PackLoader:240 - Cannot read IP mode file for STMicroelectronics.X-CUBE-NFC6.3.2.0
2026-03-17 13:28:21,853 [WARN] PackLoader:240 - Cannot read IP mode file for STMicroelectronics.X-CUBE-AI.10.2.0
2026-03-17 13:28:21,912 [WARN] PackLoader:240 - Cannot read IP mode file for SEGGER.I-CUBE-embOS.1.3.1
2026-03-17 13:28:21,993 [WARN] PackLoader:240 - Cannot read IP mode file for STMicroelectronics.X-CUBE-ALGOBUILD.1.4.0
2026-03-17 13:28:22,017 [WARN] PackLoader:240 - Cannot read IP mode file for STMicroelectronics.X-CUBE-PM33A1.1.0.0
2026-03-17 13:28:22,077 [WARN] PackLoader:240 - Cannot read IP mode file for STMicroelectronics.X-CUBE-AZRTOS-F4.1.1.0
2026-03-17 13:28:22,108 [WARN] PackLoader:240 - Cannot read IP mode file for STMicroelectronics.X-CUBE-ISPU.2.1.0
2026-03-17 13:28:22,144 [ERROR] Engine:466 - C:\Users\ADMIN\.stm32cubemx\thirdparties\pdsc\STMicroelectronics.X-CUBE-IPS.3.2.0.pdsc: PDSC version is not supported
2026-03-17 13:28:22,176 [WARN] PackLoader:240 - Cannot read IP mode file for STMicroelectronics.X-CUBE-NFC12.1.0.0
2026-03-17 13:28:22,238 [WARN] PackLoader:240 - Cannot read IP mode file for STMicroelectronics.X-CUBE-AZRTOS-L5.2.0.0
2026-03-17 13:28:22,274 [WARN] PackLoader:240 - Cannot read IP mode file for STMicroelectronics.X-CUBE-TOUCHGFX.4.26.0
2026-03-17 13:28:22,300 [WARN] PackLoader:240 - Cannot read IP mode file for STMicroelectronics.X-CUBE-TOUCHGFX.4.26.1
2026-03-17 13:28:22,329 [WARN] PackLoader:240 - Cannot read IP mode file for STMicroelectronics.FP-SNS-STAIOTCFT.1.0.0
2026-03-17 13:28:22,368 [WARN] PackLoader:240 - Cannot read IP mode file for STMicroelectronics.X-CUBE-DPower.1.3.0
2026-03-17 13:28:22,433 [WARN] ConditionMgr:438 - getConditionDescription Invalid condition id : LAN8742 Phy interface Condition cause : null
2026-03-17 13:28:22,434 [WARN] PackLoader:240 - Cannot read IP mode file for STMicroelectronics.X-CUBE-AZRTOS-L4.2.0.0
2026-03-17 13:28:22,434 [WARN] ConditionMgr:1044 - genDependencies : Invalid condition id : LAN8742 Phy interface Condition cause : null
2026-03-17 13:28:22,434 [WARN] ConditionMgr:1044 - genDependencies : Invalid condition id : LAN8742 Phy interface Condition cause : null
2026-03-17 13:28:22,438 [WARN] ConditionMgr:1044 - genDependencies : Invalid condition id : LAN8742 Phy interface Condition cause : null
2026-03-17 13:28:22,481 [WARN] PackLoader:240 - Cannot read IP mode file for STMicroelectronics.X-CUBE-SFXS2LP1.4.0.0
2026-03-17 13:28:22,514 [ERROR] Engine:466 - C:\Users\ADMIN\.stm32cubemx\thirdparties\pdsc\STMicroelectronics.X-CUBE-ST67W61.1.2.0.pdsc: PDSC version is not supported
2026-03-17 13:28:22,576 [WARN] PackLoader:240 - Cannot read IP mode file for STMicroelectronics.X-CUBE-BLEMGR.4.1.0
2026-03-17 13:28:22,632 [WARN] ConditionMgr:438 - getConditionDescription Invalid condition id : UX DEVICE CLASS RTOS Condition cause : null
2026-03-17 13:28:22,632 [WARN] ConditionMgr:438 - getConditionDescription Invalid condition id : UX DEVICE CLASS RTOS Condition cause : null
2026-03-17 13:28:22,632 [WARN] PackLoader:240 - Cannot read IP mode file for STMicroelectronics.X-CUBE-AZRTOS-WB.2.0.0
2026-03-17 13:28:22,632 [WARN] ConditionMgr:1044 - genDependencies : Invalid condition id : UX DEVICE CLASS RTOS Condition cause : null
2026-03-17 13:28:22,632 [WARN] ConditionMgr:1044 - genDependencies : Invalid condition id : UX DEVICE CLASS RTOS Condition cause : null
2026-03-17 13:28:22,632 [WARN] ConditionMgr:1044 - genDependencies : Invalid condition id : UX DEVICE CLASS RTOS Condition cause : null
2026-03-17 13:28:22,632 [WARN] ConditionMgr:1044 - genDependencies : Invalid condition id : UX DEVICE CLASS RTOS Condition cause : null
2026-03-17 13:28:22,640 [WARN] ConditionMgr:1044 - genDependencies : Invalid condition id : UX DEVICE CLASS RTOS Condition cause : null
2026-03-17 13:28:22,665 [WARN] ConditionMgr:438 - getConditionDescription Invalid condition id : Cortex-A Device cause : null
2026-03-17 13:28:22,689 [WARN] ConditionMgr:1044 - genDependencies : Invalid condition id : Cortex-A Device cause : null
2026-03-17 13:28:22,689 [WARN] ConditionMgr:1044 - genDependencies : Invalid condition id : Cortex-A Device cause : null
2026-03-17 13:28:22,689 [WARN] ConditionMgr:1044 - genDependencies : Invalid condition id : Cortex-A Device cause : null
2026-03-17 13:28:22,721 [WARN] PackLoader:240 - Cannot read IP mode file for STMicroelectronics.X-CUBE-STSE01.2.0.0
2026-03-17 13:28:22,778 [WARN] PackLoader:240 - Cannot read IP mode file for STMicroelectronics.X-CUBE-SUBG2.5.0.0
2026-03-17 13:28:22,826 [WARN] PackLoader:240 - Cannot read IP mode file for STMicroelectronics.X-CUBE-AZRTOS-G4.2.0.0
2026-03-17 13:28:22,842 [WARN] PackLoader:240 - Cannot read IP mode file for wolfSSL.I-CUBE-wolfSSH.1.4.20
2026-03-17 13:28:22,873 [WARN] PackLoader:240 - Cannot read IP mode file for STMicroelectronics.X-CUBE-NFC7.2.0.0
2026-03-17 13:28:22,889 [WARN] PackLoader:240 - Cannot read IP mode file for STMicroelectronics.X-CUBE-ALS.1.0.2
2026-03-17 13:28:22,937 [WARN] PackLoader:240 - Cannot read IP mode file for STMicroelectronics.X-CUBE-TOF1.3.4.3
2026-03-17 13:28:22,959 [INFO] ThirdParty:978 - Integrity check success = true
2026-03-17 13:28:22,959 [INFO] IntegrityCheckThread:100 - exiting critical section [integrity check]
2026-03-17 13:28:22,959 [INFO] IntegrityCheckThread:103 - End integrity checks thread
2026-03-17 13:30:05,775 [ERROR] AdobePublisher:187 - Exception while getting the server answer: java.net.SocketTimeoutException: Read timed out
