2026-03-13 19:19:10,350 [INFO] Activator:176 - 


2026-03-13 19:19:10,355 [INFO] Activator:177 - !SESSION log4j initialized
2026-03-13 19:19:14,641 [INFO] LogOutputStream:77 - [STDOUT_REDIRECT] 
2026-03-13 19:19:19,469 [INFO] ApplicationProperties:184 - Using Application install path: C:\ST\STM32CubeIDE_1.17.0\STM32CubeIDE\plugins\com.st.stm32cube.common.mx_6.13.0.202411220809
2026-03-13 19:19:19,494 [INFO] DbMcusXml:78 - Set database path to: C:\ST\STM32CubeIDE_1.17.0\STM32CubeIDE\plugins\com.st.stm32cube.common.mx_6.13.0.202411220809\\db\/mcu/
2026-03-13 19:19:19,494 [INFO] ApiDb:274 - Set plugin database path to: C:\ST\STM32CubeIDE_1.17.0\STM32CubeIDE\plugins\com.st.stm32cube.common.mx_6.13.0.202411220809\\db\/plugins/boardmanager/
2026-03-13 19:19:19,495 [WARN] ApiDb:259 - Overriding images path with different value:  => C:\ST\STM32CubeIDE_1.17.0\STM32CubeIDE\plugins\com.st.stm32cube.common.mx_6.13.0.202411220809\\db\/plugins/mcufinder/images/
2026-03-13 19:19:19,515 [INFO] ApiDb:250 - Set database path to: C:\Users\ADMIN\.stmcufinder\plugins\mcufinder//mcu/
2026-03-13 19:19:19,517 [INFO] DbMcusAds:125 - Set database path to: C:\Users\ADMIN\.stmcufinder\plugins\mcufinder//mcu/
2026-03-13 19:19:20,414 [INFO] CrossReferenceDbSqlite:203 - Set database path to: C:\Users\ADMIN\.stmcufinder\plugins\mcufinder//mcu/cs/
2026-03-13 19:19:20,673 [INFO] RulesReader:64 - Compatibility file has been processed (297 Rules)
2026-03-13 19:19:20,853 [INFO] DbMcusXml:78 - Set database path to: C:\ST\STM32CubeIDE_1.17.0\STM32CubeIDE\plugins\com.st.stm32cube.common.mx_6.13.0.202411220809\\db\/mcu/
2026-03-13 19:19:20,853 [INFO] ApiDb:274 - Set plugin database path to: C:\ST\STM32CubeIDE_1.17.0\STM32CubeIDE\plugins\com.st.stm32cube.common.mx_6.13.0.202411220809\\db\/plugins/boardmanager/
2026-03-13 19:19:20,854 [INFO] ApiDb:261 - Set plugin images path to: C:\ST\STM32CubeIDE_1.17.0\STM32CubeIDE\plugins\com.st.stm32cube.common.mx_6.13.0.202411220809\\db\/plugins/mcufinder/images/
2026-03-13 19:19:20,855 [WARN] DbFile:41 - Overriding database path with different value: C:\Users\ADMIN\.stmcufinder\plugins\mcufinder/ => C:\Users\ADMIN\.stmcufinder\plugins\mcufinder
2026-03-13 19:19:20,855 [INFO] ApiDb:250 - Set database path to: C:\Users\ADMIN\.stmcufinder\plugins\mcufinder//mcu/
2026-03-13 19:19:20,855 [WARN] DbFile:41 - Overriding database path with different value: C:\Users\ADMIN\.stmcufinder\plugins\mcufinder/ => C:\Users\ADMIN\.stmcufinder\plugins\mcufinder
2026-03-13 19:19:20,855 [INFO] DbMcusAds:125 - Set database path to: C:\Users\ADMIN\.stmcufinder\plugins\mcufinder//mcu/
2026-03-13 19:19:20,855 [WARN] DbFile:41 - Overriding database path with different value: C:\Users\ADMIN\.stmcufinder\plugins\mcufinder/ => C:\Users\ADMIN\.stmcufinder\plugins\mcufinder
2026-03-13 19:19:20,855 [WARN] DbFile:41 - Overriding database path with different value: C:\Users\ADMIN\.stmcufinder\plugins\mcufinder/ => C:\Users\ADMIN\.stmcufinder\plugins\mcufinder
2026-03-13 19:19:21,414 [INFO] CrossReferenceDbSqlite:203 - Set database path to: C:\Users\ADMIN\.stmcufinder\plugins\mcufinder//mcu/cs/
2026-03-13 19:19:21,587 [INFO] MainPanel:272 - HeapMemory: 268435456
2026-03-13 19:19:21,800 [INFO] DbMcusXml:78 - Set database path to: C:\ST\STM32CubeIDE_1.17.0\STM32CubeIDE\plugins\com.st.stm32cube.common.mx_6.13.0.202411220809\\db\/mcu/
2026-03-13 19:19:21,800 [INFO] ApiDb:274 - Set plugin database path to: C:\ST\STM32CubeIDE_1.17.0\STM32CubeIDE\plugins\com.st.stm32cube.common.mx_6.13.0.202411220809\\db\/plugins/boardmanager/
2026-03-13 19:19:21,800 [INFO] ApiDb:261 - Set plugin images path to: C:\ST\STM32CubeIDE_1.17.0\STM32CubeIDE\plugins\com.st.stm32cube.common.mx_6.13.0.202411220809\\db\/plugins/mcufinder/images/
2026-03-13 19:19:21,801 [WARN] DbFile:41 - Overriding database path with different value: C:\Users\ADMIN\.stmcufinder\plugins\mcufinder/ => C:\Users\ADMIN\.stmcufinder\plugins\mcufinder
2026-03-13 19:19:21,802 [INFO] ApiDb:250 - Set database path to: C:\Users\ADMIN\.stmcufinder\plugins\mcufinder//mcu/
2026-03-13 19:19:21,802 [WARN] DbFile:41 - Overriding database path with different value: C:\Users\ADMIN\.stmcufinder\plugins\mcufinder/ => C:\Users\ADMIN\.stmcufinder\plugins\mcufinder
2026-03-13 19:19:21,802 [INFO] DbMcusAds:125 - Set database path to: C:\Users\ADMIN\.stmcufinder\plugins\mcufinder//mcu/
2026-03-13 19:19:21,802 [WARN] DbFile:41 - Overriding database path with different value: C:\Users\ADMIN\.stmcufinder\plugins\mcufinder/ => C:\Users\ADMIN\.stmcufinder\plugins\mcufinder
2026-03-13 19:19:21,802 [WARN] DbFile:41 - Overriding database path with different value: C:\Users\ADMIN\.stmcufinder\plugins\mcufinder/ => C:\Users\ADMIN\.stmcufinder\plugins\mcufinder
2026-03-13 19:19:22,414 [INFO] CrossReferenceDbSqlite:203 - Set database path to: C:\Users\ADMIN\.stmcufinder\plugins\mcufinder//mcu/cs/
2026-03-13 19:19:22,456 [INFO] ApplicationProperties:184 - Using Application install path: C:\ST\STM32CubeIDE_1.17.0\STM32CubeIDE\plugins\com.st.stm32cube.common.mx_6.13.0.202411220809
2026-03-13 19:19:22,459 [INFO] PluginManage:196 - Search for loadable plugins [exclusion list=, ]
2026-03-13 19:19:22,463 [INFO] PluginManage:310 - Check plugin analytics
2026-03-13 19:19:23,611 [INFO] AnalyticsPlugin:253 - Accepted Software Licenses: STM32CubeMX.6.16.1
2026-03-13 19:19:23,611 [INFO] AnalyticsPlugin:255 - Accepted CMSIS Pack Licenses: 
2026-03-13 19:19:23,612 [INFO] AnalyticsPlugin:257 - Accepted Firmware Licenses: 
2026-03-13 19:19:23,617 [INFO] PluginManage:359 - Loaded plugin analytics (category:tool,tabindex:-1)
2026-03-13 19:19:23,618 [INFO] PluginManage:310 - Check plugin cadmodel
2026-03-13 19:19:23,658 [INFO] CADModel:105 - Init CAD model plugin
2026-03-13 19:19:23,658 [INFO] PluginManage:359 - Loaded plugin cadmodel (category:power,tabindex:5)
2026-03-13 19:19:23,659 [INFO] PluginManage:310 - Check plugin clock
2026-03-13 19:19:23,705 [INFO] PluginManage:359 - Loaded plugin clock (category:base,tabindex:2)
2026-03-13 19:19:23,705 [INFO] PluginManage:310 - Check plugin ddr
2026-03-13 19:19:23,713 [INFO] PluginManage:359 - Loaded plugin ddr (category:tool,tabindex:6)
2026-03-13 19:19:23,714 [INFO] PluginManage:310 - Check plugin filemanager
2026-03-13 19:19:24,079 [INFO] PluginManage:359 - Loaded plugin filemanager (category:base,tabindex:10)
2026-03-13 19:19:24,080 [INFO] PluginManage:310 - Check plugin ipmanager
2026-03-13 19:19:24,093 [INFO] PluginManage:359 - Loaded plugin ipmanager (category:base,tabindex:5)
2026-03-13 19:19:24,094 [INFO] PluginManage:310 - Check plugin lpbam
2026-03-13 19:19:24,111 [INFO] PluginManage:359 - Loaded plugin lpbam (category:base,tabindex:0)
2026-03-13 19:19:24,111 [INFO] PluginManage:310 - Check plugin memorymap
2026-03-13 19:19:24,166 [INFO] PluginManage:359 - Loaded plugin memorymap (category:base,tabindex:4)
2026-03-13 19:19:24,166 [INFO] PluginManage:310 - Check plugin pinoutandconfiguration
2026-03-13 19:19:24,205 [INFO] PluginManage:359 - Loaded plugin pinoutandconfiguration (category:base,tabindex:1)
2026-03-13 19:19:24,205 [INFO] PluginManage:310 - Check plugin pinoutconfig
2026-03-13 19:19:24,424 [WARN] SupportedApi:132 - Cannot load RTOS API schema: s4s-elt-must-match.1: The content of 'definitions' must match (annotation?, (simpleType | complexType)?, (unique | key | keyref)*)). A problem was found starting at: attribute.
2026-03-13 19:19:24,691 [INFO] PluginManage:359 - Loaded plugin pinoutconfig (category:base,tabindex:0)
2026-03-13 19:19:24,691 [INFO] PluginManage:310 - Check plugin power
2026-03-13 19:19:24,725 [INFO] PluginManage:359 - Loaded plugin power (category:power,tabindex:4)
2026-03-13 19:19:24,725 [INFO] PluginManage:310 - Check plugin projectmanager
2026-03-13 19:19:24,751 [INFO] PluginManage:359 - Loaded plugin projectmanager (category:projectmanager,tabindex:4)
2026-03-13 19:19:24,751 [INFO] PluginManage:310 - Check plugin rif
2026-03-13 19:19:24,780 [INFO] PluginManage:359 - Loaded plugin rif (category:base,tabindex:3)
2026-03-13 19:19:24,780 [INFO] PluginManage:310 - Check plugin thirdparty
2026-03-13 19:19:25,267 [INFO] PluginManage:359 - Loaded plugin thirdparty (category:base,tabindex:-1)
2026-03-13 19:19:25,267 [WARN] IntegrityCheckThread:84 - waiting for thirdparty lock release [integrity check]
2026-03-13 19:19:25,267 [INFO] PluginManage:310 - Check plugin tools
2026-03-13 19:19:25,268 [INFO] IntegrityCheckThread:86 - entering critical section [integrity check]
2026-03-13 19:19:25,268 [INFO] ThirdPartyUpdaterWithRetryManager:70 - Updater plugin not ready yet. [1/15]
2026-03-13 19:19:25,272 [INFO] PluginManage:359 - Loaded plugin tools (category:base,tabindex:7)
2026-03-13 19:19:25,272 [INFO] PluginManage:310 - Check plugin tutovideos
2026-03-13 19:19:25,605 [INFO] PluginManage:359 - Loaded plugin tutovideos (category:base,tabindex:-1)
2026-03-13 19:19:25,605 [INFO] PluginManage:310 - Check plugin updater
2026-03-13 19:19:25,642 [INFO] PluginManage:359 - Loaded plugin updater (category:base,tabindex:12)
2026-03-13 19:19:25,642 [INFO] PluginManage:310 - Check plugin userauth
2026-03-13 19:19:25,648 [INFO] UserAuth:118 - Init User Auth plugin
2026-03-13 19:19:25,649 [INFO] PluginManage:359 - Loaded plugin userauth (category:base,tabindex:14)
2026-03-13 19:19:25,650 [INFO] PluginManage:283 - PluginManage : Loaded plugins [18]
2026-03-13 19:19:26,012 [INFO] PinOutPanel:1589 - setPackage(No Configuration,No Configuration)
2026-03-13 19:19:26,143 [INFO] CADModel:165 - CPN selected for project level
2026-03-13 19:19:26,144 [INFO] CADModel:114 - Register for checkConnection events
2026-03-13 19:19:26,187 [INFO] IPUIPlugin:80 - create IPUIPlugin
2026-03-13 19:19:26,187 [INFO] PluginManager:220 - loadIPPluginJar : add adc
2026-03-13 19:19:26,263 [INFO] IPUIPlugin:80 - create IPUIPlugin
2026-03-13 19:19:26,263 [INFO] PluginManager:220 - loadIPPluginJar : add aes
2026-03-13 19:19:26,269 [INFO] IPUIPlugin:80 - create IPUIPlugin
2026-03-13 19:19:26,269 [INFO] PluginManager:220 - loadIPPluginJar : add can
2026-03-13 19:19:26,273 [INFO] IPUIPlugin:80 - create IPUIPlugin
2026-03-13 19:19:26,273 [INFO] PluginManager:220 - loadIPPluginJar : add comp
2026-03-13 19:19:26,353 [INFO] IPUIPlugin:80 - create IPUIPlugin
2026-03-13 19:19:26,354 [INFO] PluginManager:220 - loadIPPluginJar : add cryp
2026-03-13 19:19:26,378 [INFO] IPUIPlugin:80 - create IPUIPlugin
2026-03-13 19:19:26,378 [INFO] PluginManager:220 - loadIPPluginJar : add ddr_ctrl_phy
2026-03-13 19:19:26,437 [INFO] IPUIPlugin:80 - create IPUIPlugin
2026-03-13 19:19:26,437 [INFO] PluginManager:220 - loadIPPluginJar : add dfsdm
2026-03-13 19:19:26,445 [INFO] IPUIPlugin:80 - create IPUIPlugin
2026-03-13 19:19:26,446 [INFO] PluginManager:220 - loadIPPluginJar : add dma
2026-03-13 19:19:26,450 [INFO] IPUIPlugin:80 - create IPUIPlugin
2026-03-13 19:19:26,450 [INFO] PluginManager:220 - loadIPPluginJar : add dma3
2026-03-13 19:19:26,455 [INFO] IPUIPlugin:80 - create IPUIPlugin
2026-03-13 19:19:26,456 [INFO] PluginManager:220 - loadIPPluginJar : add extmemmanager
2026-03-13 19:19:26,459 [INFO] IPUIPlugin:80 - create IPUIPlugin
2026-03-13 19:19:26,459 [INFO] PluginManager:220 - loadIPPluginJar : add fatfs
2026-03-13 19:19:26,466 [INFO] IPUIPlugin:80 - create IPUIPlugin
2026-03-13 19:19:26,467 [INFO] PluginManager:220 - loadIPPluginJar : add fmc
2026-03-13 19:19:26,475 [INFO] IPUIPlugin:80 - create IPUIPlugin
2026-03-13 19:19:26,476 [INFO] PluginManager:220 - loadIPPluginJar : add freertos
2026-03-13 19:19:26,478 [INFO] IPUIPlugin:80 - create IPUIPlugin
2026-03-13 19:19:26,479 [INFO] PluginManager:220 - loadIPPluginJar : add genericplugin
2026-03-13 19:19:26,667 [INFO] IPUIPlugin:80 - create IPUIPlugin
2026-03-13 19:19:26,667 [INFO] PluginManager:220 - loadIPPluginJar : add gfxmmu
2026-03-13 19:19:26,964 [INFO] IPUIPlugin:80 - create IPUIPlugin
2026-03-13 19:19:26,964 [INFO] PluginManager:220 - loadIPPluginJar : add gic
2026-03-13 19:19:26,987 [INFO] IPUIPlugin:80 - create IPUIPlugin
2026-03-13 19:19:26,987 [INFO] PluginManager:220 - loadIPPluginJar : add gpio
2026-03-13 19:19:26,992 [INFO] IPUIPlugin:80 - create IPUIPlugin
2026-03-13 19:19:26,992 [INFO] PluginManager:220 - loadIPPluginJar : add gtzc
2026-03-13 19:19:26,998 [INFO] IPUIPlugin:80 - create IPUIPlugin
2026-03-13 19:19:26,998 [INFO] PluginManager:220 - loadIPPluginJar : add hash
2026-03-13 19:19:27,113 [INFO] IPUIPlugin:80 - create IPUIPlugin
2026-03-13 19:19:27,113 [INFO] PluginManager:220 - loadIPPluginJar : add i2c
2026-03-13 19:19:27,118 [INFO] IPUIPlugin:80 - create IPUIPlugin
2026-03-13 19:19:27,118 [INFO] PluginManager:220 - loadIPPluginJar : add i2s
2026-03-13 19:19:27,212 [INFO] IPUIPlugin:80 - create IPUIPlugin
2026-03-13 19:19:27,213 [INFO] PluginManager:220 - loadIPPluginJar : add i3c
2026-03-13 19:19:27,446 [INFO] IPUIPlugin:80 - create IPUIPlugin
2026-03-13 19:19:27,446 [INFO] PluginManager:220 - loadIPPluginJar : add ipddr
2026-03-13 19:19:27,499 [INFO] IPUIPlugin:80 - create IPUIPlugin
2026-03-13 19:19:27,499 [INFO] PluginManager:220 - loadIPPluginJar : add linkedlist
2026-03-13 19:19:27,529 [INFO] IPUIPlugin:80 - create IPUIPlugin
2026-03-13 19:19:27,529 [INFO] PluginManager:220 - loadIPPluginJar : add lorawan
2026-03-13 19:19:27,649 [INFO] IPUIPlugin:80 - create IPUIPlugin
2026-03-13 19:19:27,651 [INFO] PluginManager:220 - loadIPPluginJar : add ltdc
2026-03-13 19:19:27,690 [INFO] IPUIPlugin:80 - create IPUIPlugin
2026-03-13 19:19:27,691 [INFO] PluginManager:220 - loadIPPluginJar : add mdma
2026-03-13 19:19:27,719 [INFO] IPUIPlugin:80 - create IPUIPlugin
2026-03-13 19:19:27,720 [INFO] PluginManager:220 - loadIPPluginJar : add nvic
2026-03-13 19:19:27,728 [INFO] IPUIPlugin:80 - create IPUIPlugin
2026-03-13 19:19:27,728 [INFO] PluginManager:220 - loadIPPluginJar : add opamp
2026-03-13 19:19:27,906 [INFO] IPUIPlugin:80 - create IPUIPlugin
2026-03-13 19:19:27,906 [INFO] PluginManager:220 - loadIPPluginJar : add openamp
2026-03-13 19:19:28,037 [INFO] IPUIPlugin:80 - create IPUIPlugin
2026-03-13 19:19:28,037 [INFO] PluginManager:220 - loadIPPluginJar : add pdm2pcm
2026-03-13 19:19:28,047 [INFO] IPUIPlugin:80 - create IPUIPlugin
2026-03-13 19:19:28,051 [INFO] PluginManager:220 - loadIPPluginJar : add plateformsettings
2026-03-13 19:19:28,102 [INFO] IPUIPlugin:80 - create IPUIPlugin
2026-03-13 19:19:28,102 [INFO] PluginManager:220 - loadIPPluginJar : add quadspi
2026-03-13 19:19:28,154 [INFO] IPUIPlugin:80 - create IPUIPlugin
2026-03-13 19:19:28,155 [INFO] PluginManager:220 - loadIPPluginJar : add radio
2026-03-13 19:19:28,160 [INFO] IPUIPlugin:80 - create IPUIPlugin
2026-03-13 19:19:28,161 [INFO] PluginManager:220 - loadIPPluginJar : add resmgrutility
2026-03-13 19:19:28,255 [INFO] IPUIPlugin:80 - create IPUIPlugin
2026-03-13 19:19:28,255 [INFO] PluginManager:220 - loadIPPluginJar : add sai
2026-03-13 19:19:28,269 [INFO] ThirdPartyUpdaterWithRetryManager:70 - Updater plugin not ready yet. [2/15]
2026-03-13 19:19:28,330 [INFO] IPUIPlugin:80 - create IPUIPlugin
2026-03-13 19:19:28,330 [INFO] PluginManager:220 - loadIPPluginJar : add spi
2026-03-13 19:19:37,003 [INFO] Activator:176 - 


2026-03-13 19:19:37,005 [INFO] Activator:177 - !SESSION log4j initialized
2026-03-13 19:19:41,141 [INFO] LogOutputStream:77 - [STDOUT_REDIRECT] 
2026-03-13 19:19:45,464 [INFO] ApplicationProperties:184 - Using Application install path: C:\ST\STM32CubeIDE_1.17.0\STM32CubeIDE\plugins\com.st.stm32cube.common.mx_6.13.0.202411220809
2026-03-13 19:19:45,491 [INFO] DbMcusXml:78 - Set database path to: C:\ST\STM32CubeIDE_1.17.0\STM32CubeIDE\plugins\com.st.stm32cube.common.mx_6.13.0.202411220809\\db\/mcu/
2026-03-13 19:19:45,491 [INFO] ApiDb:274 - Set plugin database path to: C:\ST\STM32CubeIDE_1.17.0\STM32CubeIDE\plugins\com.st.stm32cube.common.mx_6.13.0.202411220809\\db\/plugins/boardmanager/
2026-03-13 19:19:45,492 [WARN] ApiDb:259 - Overriding images path with different value:  => C:\ST\STM32CubeIDE_1.17.0\STM32CubeIDE\plugins\com.st.stm32cube.common.mx_6.13.0.202411220809\\db\/plugins/mcufinder/images/
2026-03-13 19:19:45,505 [INFO] ApiDb:250 - Set database path to: C:\Users\ADMIN\.stmcufinder\plugins\mcufinder//mcu/
2026-03-13 19:19:45,507 [INFO] DbMcusAds:125 - Set database path to: C:\Users\ADMIN\.stmcufinder\plugins\mcufinder//mcu/
2026-03-13 19:19:46,421 [INFO] CrossReferenceDbSqlite:203 - Set database path to: C:\Users\ADMIN\.stmcufinder\plugins\mcufinder//mcu/cs/
2026-03-13 19:19:46,620 [INFO] RulesReader:64 - Compatibility file has been processed (297 Rules)
2026-03-13 19:19:46,793 [INFO] DbMcusXml:78 - Set database path to: C:\ST\STM32CubeIDE_1.17.0\STM32CubeIDE\plugins\com.st.stm32cube.common.mx_6.13.0.202411220809\\db\/mcu/
2026-03-13 19:19:46,794 [INFO] ApiDb:274 - Set plugin database path to: C:\ST\STM32CubeIDE_1.17.0\STM32CubeIDE\plugins\com.st.stm32cube.common.mx_6.13.0.202411220809\\db\/plugins/boardmanager/
2026-03-13 19:19:46,794 [INFO] ApiDb:261 - Set plugin images path to: C:\ST\STM32CubeIDE_1.17.0\STM32CubeIDE\plugins\com.st.stm32cube.common.mx_6.13.0.202411220809\\db\/plugins/mcufinder/images/
2026-03-13 19:19:46,795 [WARN] DbFile:41 - Overriding database path with different value: C:\Users\ADMIN\.stmcufinder\plugins\mcufinder/ => C:\Users\ADMIN\.stmcufinder\plugins\mcufinder
2026-03-13 19:19:46,795 [INFO] ApiDb:250 - Set database path to: C:\Users\ADMIN\.stmcufinder\plugins\mcufinder//mcu/
2026-03-13 19:19:46,795 [WARN] DbFile:41 - Overriding database path with different value: C:\Users\ADMIN\.stmcufinder\plugins\mcufinder/ => C:\Users\ADMIN\.stmcufinder\plugins\mcufinder
2026-03-13 19:19:46,795 [INFO] DbMcusAds:125 - Set database path to: C:\Users\ADMIN\.stmcufinder\plugins\mcufinder//mcu/
2026-03-13 19:19:46,795 [WARN] DbFile:41 - Overriding database path with different value: C:\Users\ADMIN\.stmcufinder\plugins\mcufinder/ => C:\Users\ADMIN\.stmcufinder\plugins\mcufinder
2026-03-13 19:19:46,795 [WARN] DbFile:41 - Overriding database path with different value: C:\Users\ADMIN\.stmcufinder\plugins\mcufinder/ => C:\Users\ADMIN\.stmcufinder\plugins\mcufinder
2026-03-13 19:19:47,414 [INFO] CrossReferenceDbSqlite:203 - Set database path to: C:\Users\ADMIN\.stmcufinder\plugins\mcufinder//mcu/cs/
2026-03-13 19:19:47,608 [INFO] MainPanel:272 - HeapMemory: 268435456
2026-03-13 19:19:47,802 [INFO] DbMcusXml:78 - Set database path to: C:\ST\STM32CubeIDE_1.17.0\STM32CubeIDE\plugins\com.st.stm32cube.common.mx_6.13.0.202411220809\\db\/mcu/
2026-03-13 19:19:47,803 [INFO] ApiDb:274 - Set plugin database path to: C:\ST\STM32CubeIDE_1.17.0\STM32CubeIDE\plugins\com.st.stm32cube.common.mx_6.13.0.202411220809\\db\/plugins/boardmanager/
2026-03-13 19:19:47,803 [INFO] ApiDb:261 - Set plugin images path to: C:\ST\STM32CubeIDE_1.17.0\STM32CubeIDE\plugins\com.st.stm32cube.common.mx_6.13.0.202411220809\\db\/plugins/mcufinder/images/
2026-03-13 19:19:47,804 [WARN] DbFile:41 - Overriding database path with different value: C:\Users\ADMIN\.stmcufinder\plugins\mcufinder/ => C:\Users\ADMIN\.stmcufinder\plugins\mcufinder
2026-03-13 19:19:47,804 [INFO] ApiDb:250 - Set database path to: C:\Users\ADMIN\.stmcufinder\plugins\mcufinder//mcu/
2026-03-13 19:19:47,804 [WARN] DbFile:41 - Overriding database path with different value: C:\Users\ADMIN\.stmcufinder\plugins\mcufinder/ => C:\Users\ADMIN\.stmcufinder\plugins\mcufinder
2026-03-13 19:19:47,804 [INFO] DbMcusAds:125 - Set database path to: C:\Users\ADMIN\.stmcufinder\plugins\mcufinder//mcu/
2026-03-13 19:19:47,805 [WARN] DbFile:41 - Overriding database path with different value: C:\Users\ADMIN\.stmcufinder\plugins\mcufinder/ => C:\Users\ADMIN\.stmcufinder\plugins\mcufinder
2026-03-13 19:19:47,805 [WARN] DbFile:41 - Overriding database path with different value: C:\Users\ADMIN\.stmcufinder\plugins\mcufinder/ => C:\Users\ADMIN\.stmcufinder\plugins\mcufinder
2026-03-13 19:19:48,415 [INFO] CrossReferenceDbSqlite:203 - Set database path to: C:\Users\ADMIN\.stmcufinder\plugins\mcufinder//mcu/cs/
2026-03-13 19:19:48,491 [INFO] ApplicationProperties:184 - Using Application install path: C:\ST\STM32CubeIDE_1.17.0\STM32CubeIDE\plugins\com.st.stm32cube.common.mx_6.13.0.202411220809
2026-03-13 19:19:48,495 [INFO] PluginManage:196 - Search for loadable plugins [exclusion list=, ]
2026-03-13 19:19:48,500 [INFO] PluginManage:310 - Check plugin analytics
2026-03-13 19:19:49,557 [INFO] AnalyticsPlugin:253 - Accepted Software Licenses: STM32CubeMX.6.16.1
2026-03-13 19:19:49,558 [INFO] AnalyticsPlugin:255 - Accepted CMSIS Pack Licenses: 
2026-03-13 19:19:49,558 [INFO] AnalyticsPlugin:257 - Accepted Firmware Licenses: 
2026-03-13 19:19:49,564 [INFO] PluginManage:359 - Loaded plugin analytics (category:tool,tabindex:-1)
2026-03-13 19:19:49,566 [INFO] PluginManage:310 - Check plugin cadmodel
2026-03-13 19:19:49,574 [INFO] CADModel:105 - Init CAD model plugin
2026-03-13 19:19:49,575 [INFO] PluginManage:359 - Loaded plugin cadmodel (category:power,tabindex:5)
2026-03-13 19:19:49,575 [INFO] PluginManage:310 - Check plugin clock
2026-03-13 19:19:49,597 [INFO] PluginManage:359 - Loaded plugin clock (category:base,tabindex:2)
2026-03-13 19:19:49,617 [INFO] PluginManage:310 - Check plugin ddr
2026-03-13 19:19:49,623 [INFO] PluginManage:359 - Loaded plugin ddr (category:tool,tabindex:6)
2026-03-13 19:19:49,623 [INFO] PluginManage:310 - Check plugin filemanager
2026-03-13 19:19:49,934 [INFO] PluginManage:359 - Loaded plugin filemanager (category:base,tabindex:10)
2026-03-13 19:19:49,934 [INFO] PluginManage:310 - Check plugin ipmanager
2026-03-13 19:19:49,953 [INFO] PluginManage:359 - Loaded plugin ipmanager (category:base,tabindex:5)
2026-03-13 19:19:49,953 [INFO] PluginManage:310 - Check plugin lpbam
2026-03-13 19:19:49,999 [INFO] PluginManage:359 - Loaded plugin lpbam (category:base,tabindex:0)
2026-03-13 19:19:49,999 [INFO] PluginManage:310 - Check plugin memorymap
2026-03-13 19:19:50,025 [INFO] PluginManage:359 - Loaded plugin memorymap (category:base,tabindex:4)
2026-03-13 19:19:50,026 [INFO] PluginManage:310 - Check plugin pinoutandconfiguration
2026-03-13 19:19:50,042 [INFO] PluginManage:359 - Loaded plugin pinoutandconfiguration (category:base,tabindex:1)
2026-03-13 19:19:50,043 [INFO] PluginManage:310 - Check plugin pinoutconfig
2026-03-13 19:19:50,248 [WARN] SupportedApi:132 - Cannot load RTOS API schema: s4s-elt-must-match.1: The content of 'definitions' must match (annotation?, (simpleType | complexType)?, (unique | key | keyref)*)). A problem was found starting at: attribute.
2026-03-13 19:19:50,499 [INFO] PluginManage:359 - Loaded plugin pinoutconfig (category:base,tabindex:0)
2026-03-13 19:19:50,499 [INFO] PluginManage:310 - Check plugin power
2026-03-13 19:19:50,515 [INFO] PluginManage:359 - Loaded plugin power (category:power,tabindex:4)
2026-03-13 19:19:50,516 [INFO] PluginManage:310 - Check plugin projectmanager
2026-03-13 19:19:50,546 [INFO] PluginManage:359 - Loaded plugin projectmanager (category:projectmanager,tabindex:4)
2026-03-13 19:19:50,548 [INFO] PluginManage:310 - Check plugin rif
2026-03-13 19:19:50,559 [INFO] PluginManage:359 - Loaded plugin rif (category:base,tabindex:3)
2026-03-13 19:19:50,560 [INFO] PluginManage:310 - Check plugin thirdparty
2026-03-13 19:19:50,793 [INFO] PluginManage:359 - Loaded plugin thirdparty (category:base,tabindex:-1)
2026-03-13 19:19:50,792 [WARN] IntegrityCheckThread:84 - waiting for thirdparty lock release [integrity check]
2026-03-13 19:19:50,793 [INFO] PluginManage:310 - Check plugin tools
2026-03-13 19:19:50,793 [INFO] IntegrityCheckThread:86 - entering critical section [integrity check]
2026-03-13 19:19:50,794 [INFO] ThirdPartyUpdaterWithRetryManager:70 - Updater plugin not ready yet. [1/15]
2026-03-13 19:19:50,797 [INFO] PluginManage:359 - Loaded plugin tools (category:base,tabindex:7)
2026-03-13 19:19:50,798 [INFO] PluginManage:310 - Check plugin tutovideos
2026-03-13 19:19:51,074 [INFO] PluginManage:359 - Loaded plugin tutovideos (category:base,tabindex:-1)
2026-03-13 19:19:51,075 [INFO] PluginManage:310 - Check plugin updater
2026-03-13 19:19:51,113 [INFO] PluginManage:359 - Loaded plugin updater (category:base,tabindex:12)
2026-03-13 19:19:51,113 [INFO] PluginManage:310 - Check plugin userauth
2026-03-13 19:19:51,120 [INFO] UserAuth:118 - Init User Auth plugin
2026-03-13 19:19:51,122 [INFO] PluginManage:359 - Loaded plugin userauth (category:base,tabindex:14)
2026-03-13 19:19:51,123 [INFO] PluginManage:283 - PluginManage : Loaded plugins [18]
2026-03-13 19:19:51,482 [INFO] PinOutPanel:1589 - setPackage(No Configuration,No Configuration)
2026-03-13 19:19:51,628 [INFO] CADModel:165 - CPN selected for project level
2026-03-13 19:19:51,629 [INFO] CADModel:114 - Register for checkConnection events
2026-03-13 19:19:51,659 [INFO] IPUIPlugin:80 - create IPUIPlugin
2026-03-13 19:19:51,659 [INFO] PluginManager:220 - loadIPPluginJar : add adc
2026-03-13 19:19:51,664 [INFO] IPUIPlugin:80 - create IPUIPlugin
2026-03-13 19:19:51,665 [INFO] PluginManager:220 - loadIPPluginJar : add aes
2026-03-13 19:19:51,671 [INFO] IPUIPlugin:80 - create IPUIPlugin
2026-03-13 19:19:51,671 [INFO] PluginManager:220 - loadIPPluginJar : add can
2026-03-13 19:19:51,675 [INFO] IPUIPlugin:80 - create IPUIPlugin
2026-03-13 19:19:51,676 [INFO] PluginManager:220 - loadIPPluginJar : add comp
2026-03-13 19:19:51,680 [INFO] IPUIPlugin:80 - create IPUIPlugin
2026-03-13 19:19:51,681 [INFO] PluginManager:220 - loadIPPluginJar : add cryp
2026-03-13 19:19:51,685 [INFO] IPUIPlugin:80 - create IPUIPlugin
2026-03-13 19:19:51,686 [INFO] PluginManager:220 - loadIPPluginJar : add ddr_ctrl_phy
2026-03-13 19:19:51,690 [INFO] IPUIPlugin:80 - create IPUIPlugin
2026-03-13 19:19:51,691 [INFO] PluginManager:220 - loadIPPluginJar : add dfsdm
2026-03-13 19:19:51,701 [INFO] IPUIPlugin:80 - create IPUIPlugin
2026-03-13 19:19:51,702 [INFO] PluginManager:220 - loadIPPluginJar : add dma
2026-03-13 19:19:51,708 [INFO] IPUIPlugin:80 - create IPUIPlugin
2026-03-13 19:19:51,708 [INFO] PluginManager:220 - loadIPPluginJar : add dma3
2026-03-13 19:19:51,713 [INFO] IPUIPlugin:80 - create IPUIPlugin
2026-03-13 19:19:51,714 [INFO] PluginManager:220 - loadIPPluginJar : add extmemmanager
2026-03-13 19:19:51,717 [INFO] IPUIPlugin:80 - create IPUIPlugin
2026-03-13 19:19:51,717 [INFO] PluginManager:220 - loadIPPluginJar : add fatfs
2026-03-13 19:19:51,725 [INFO] IPUIPlugin:80 - create IPUIPlugin
2026-03-13 19:19:51,725 [INFO] PluginManager:220 - loadIPPluginJar : add fmc
2026-03-13 19:19:51,733 [INFO] IPUIPlugin:80 - create IPUIPlugin
2026-03-13 19:19:51,733 [INFO] PluginManager:220 - loadIPPluginJar : add freertos
2026-03-13 19:19:51,735 [INFO] IPUIPlugin:80 - create IPUIPlugin
2026-03-13 19:19:51,735 [INFO] PluginManager:220 - loadIPPluginJar : add genericplugin
2026-03-13 19:19:51,738 [INFO] IPUIPlugin:80 - create IPUIPlugin
2026-03-13 19:19:51,739 [INFO] PluginManager:220 - loadIPPluginJar : add gfxmmu
2026-03-13 19:19:51,749 [INFO] IPUIPlugin:80 - create IPUIPlugin
2026-03-13 19:19:51,749 [INFO] PluginManager:220 - loadIPPluginJar : add gic
2026-03-13 19:19:51,756 [INFO] IPUIPlugin:80 - create IPUIPlugin
2026-03-13 19:19:51,756 [INFO] PluginManager:220 - loadIPPluginJar : add gpio
2026-03-13 19:19:51,761 [INFO] IPUIPlugin:80 - create IPUIPlugin
2026-03-13 19:19:51,761 [INFO] PluginManager:220 - loadIPPluginJar : add gtzc
2026-03-13 19:19:51,765 [INFO] IPUIPlugin:80 - create IPUIPlugin
2026-03-13 19:19:51,765 [INFO] PluginManager:220 - loadIPPluginJar : add hash
2026-03-13 19:19:51,772 [INFO] IPUIPlugin:80 - create IPUIPlugin
2026-03-13 19:19:51,772 [INFO] PluginManager:220 - loadIPPluginJar : add i2c
2026-03-13 19:19:51,776 [INFO] IPUIPlugin:80 - create IPUIPlugin
2026-03-13 19:19:51,776 [INFO] PluginManager:220 - loadIPPluginJar : add i2s
2026-03-13 19:19:51,783 [INFO] IPUIPlugin:80 - create IPUIPlugin
2026-03-13 19:19:51,783 [INFO] PluginManager:220 - loadIPPluginJar : add i3c
2026-03-13 19:19:51,789 [INFO] IPUIPlugin:80 - create IPUIPlugin
2026-03-13 19:19:51,789 [INFO] PluginManager:220 - loadIPPluginJar : add ipddr
2026-03-13 19:19:51,799 [INFO] IPUIPlugin:80 - create IPUIPlugin
2026-03-13 19:19:51,800 [INFO] PluginManager:220 - loadIPPluginJar : add linkedlist
2026-03-13 19:19:51,806 [INFO] IPUIPlugin:80 - create IPUIPlugin
2026-03-13 19:19:51,806 [INFO] PluginManager:220 - loadIPPluginJar : add lorawan
2026-03-13 19:19:51,810 [INFO] IPUIPlugin:80 - create IPUIPlugin
2026-03-13 19:19:51,810 [INFO] PluginManager:220 - loadIPPluginJar : add ltdc
2026-03-13 19:19:51,821 [INFO] IPUIPlugin:80 - create IPUIPlugin
2026-03-13 19:19:51,821 [INFO] PluginManager:220 - loadIPPluginJar : add mdma
2026-03-13 19:19:51,828 [INFO] IPUIPlugin:80 - create IPUIPlugin
2026-03-13 19:19:51,828 [INFO] PluginManager:220 - loadIPPluginJar : add nvic
2026-03-13 19:19:51,835 [INFO] IPUIPlugin:80 - create IPUIPlugin
2026-03-13 19:19:51,835 [INFO] PluginManager:220 - loadIPPluginJar : add opamp
2026-03-13 19:19:51,841 [INFO] IPUIPlugin:80 - create IPUIPlugin
2026-03-13 19:19:51,841 [INFO] PluginManager:220 - loadIPPluginJar : add openamp
2026-03-13 19:19:51,846 [INFO] IPUIPlugin:80 - create IPUIPlugin
2026-03-13 19:19:51,847 [INFO] PluginManager:220 - loadIPPluginJar : add pdm2pcm
2026-03-13 19:19:51,856 [INFO] IPUIPlugin:80 - create IPUIPlugin
2026-03-13 19:19:51,861 [INFO] PluginManager:220 - loadIPPluginJar : add plateformsettings
2026-03-13 19:19:51,864 [INFO] IPUIPlugin:80 - create IPUIPlugin
2026-03-13 19:19:51,865 [INFO] PluginManager:220 - loadIPPluginJar : add quadspi
2026-03-13 19:19:51,868 [INFO] IPUIPlugin:80 - create IPUIPlugin
2026-03-13 19:19:51,870 [INFO] PluginManager:220 - loadIPPluginJar : add radio
2026-03-13 19:19:51,875 [INFO] IPUIPlugin:80 - create IPUIPlugin
2026-03-13 19:19:51,875 [INFO] PluginManager:220 - loadIPPluginJar : add resmgrutility
2026-03-13 19:19:51,881 [INFO] IPUIPlugin:80 - create IPUIPlugin
2026-03-13 19:19:51,882 [INFO] PluginManager:220 - loadIPPluginJar : add sai
2026-03-13 19:19:51,886 [INFO] IPUIPlugin:80 - create IPUIPlugin
2026-03-13 19:19:51,887 [INFO] PluginManager:220 - loadIPPluginJar : add spi
2026-03-13 19:19:51,895 [INFO] IPUIPlugin:80 - create IPUIPlugin
2026-03-13 19:19:51,895 [INFO] PluginManager:220 - loadIPPluginJar : add stm32_wpan
2026-03-13 19:19:51,965 [INFO] IPUIPlugin:80 - create IPUIPlugin
2026-03-13 19:19:51,966 [INFO] PluginManager:220 - loadIPPluginJar : add tim
2026-03-13 19:19:51,975 [INFO] IPUIPlugin:80 - create IPUIPlugin
2026-03-13 19:19:51,975 [INFO] PluginManager:220 - loadIPPluginJar : add touchsensing
2026-03-13 19:19:51,982 [INFO] IPUIPlugin:80 - create IPUIPlugin
2026-03-13 19:19:51,982 [INFO] PluginManager:220 - loadIPPluginJar : add tracer_emb
2026-03-13 19:19:52,048 [INFO] IPUIPlugin:80 - create IPUIPlugin
2026-03-13 19:19:52,049 [INFO] PluginManager:220 - loadIPPluginJar : add ts
2026-03-13 19:19:52,099 [INFO] IPUIPlugin:80 - create IPUIPlugin
2026-03-13 19:19:52,100 [INFO] PluginManager:220 - loadIPPluginJar : add tsc
2026-03-13 19:19:52,106 [INFO] IPUIPlugin:80 - create IPUIPlugin
2026-03-13 19:19:52,106 [INFO] PluginManager:220 - loadIPPluginJar : add ucpd
2026-03-13 19:19:52,209 [INFO] IPUIPlugin:80 - create IPUIPlugin
2026-03-13 19:19:52,210 [INFO] PluginManager:220 - loadIPPluginJar : add usart
2026-03-13 19:19:52,300 [INFO] IPUIPlugin:80 - create IPUIPlugin
2026-03-13 19:19:52,301 [INFO] PluginManager:220 - loadIPPluginJar : add usbx
2026-03-13 19:19:52,488 [FATAL] Updater:351 - Updater called before beeing initialized
2026-03-13 19:19:52,539 [INFO] RulesReader:64 - Compatibility file has been processed (297 Rules)
2026-03-13 19:19:52,562 [INFO] RulesReader:64 - Compatibility file has been processed (297 Rules)
2026-03-13 19:19:52,576 [INFO] CADModel:165 - CPN selected for project level
2026-03-13 19:19:52,577 [INFO] CADModel:114 - Register for checkConnection events
2026-03-13 19:19:52,577 [FATAL] Updater:351 - Updater called before beeing initialized
2026-03-13 19:19:52,577 [ERROR] CADModel:125 - Updater not yet initialized, retry later 
2026-03-13 19:19:52,853 [FATAL] Updater:351 - Updater called before beeing initialized
2026-03-13 19:19:52,857 [INFO] CADModel:165 - CPN selected for project level
2026-03-13 19:19:52,857 [INFO] CADModel:114 - Register for checkConnection events
2026-03-13 19:19:52,857 [FATAL] Updater:351 - Updater called before beeing initialized
2026-03-13 19:19:52,858 [ERROR] CADModel:125 - Updater not yet initialized, retry later 
2026-03-13 19:19:52,862 [FATAL] Updater:351 - Updater called before beeing initialized
2026-03-13 19:19:53,062 [FATAL] Updater:351 - Updater called before beeing initialized
2026-03-13 19:19:53,072 [INFO] DbMcusAds:53 - JSON generation date=Thu Mar 05 21:32:53 ICT 2026 (1772721173050)
2026-03-13 19:19:53,072 [FATAL] Updater:351 - Updater called before beeing initialized
2026-03-13 19:19:53,143 [WARN] DetailPanel:346 - Failed to get advertising image, set to default
2026-03-13 19:19:53,558 [FATAL] Updater:351 - Updater called before beeing initialized
2026-03-13 19:19:53,562 [FATAL] Updater:351 - Updater called before beeing initialized
2026-03-13 19:19:53,562 [FATAL] Updater:351 - Updater called before beeing initialized
2026-03-13 19:19:53,562 [WARN] DetailPanel:346 - Failed to get advertising image, set to default
2026-03-13 19:19:53,564 [FATAL] Updater:351 - Updater called before beeing initialized
2026-03-13 19:19:53,674 [ERROR] Updater:1198 - MainUpdater not yet initialized. External WinMGr cannot be set.
2026-03-13 19:19:53,699 [INFO] Updater:1134 - Updater Version found : 6.13.0
2026-03-13 19:19:53,728 [INFO] ApplicationProperties:184 - Using Application install path: C:\ST\STM32CubeIDE_1.17.0\STM32CubeIDE\plugins\com.st.stm32cube.common.mx_6.13.0.202411220809
2026-03-13 19:19:53,794 [INFO] ThirdPartyUpdaterWithRetryManager:70 - Updater plugin not ready yet. [2/15]
2026-03-13 19:19:55,370 [ERROR] LogOutputStream:75 - [STDERR_REDIRECT] Mar 13, 2026 7:19:55 PM java.util.prefs.WindowsPreferences <init>
2026-03-13 19:19:55,372 [ERROR] LogOutputStream:75 - [STDERR_REDIRECT] WARNING: Could not open/create prefs root node Software\JavaSoft\Prefs at root 0xffffffff80000002. Windows RegCreateKeyEx(...) returned error code 5.
2026-03-13 19:19:55,372 [ERROR] LogOutputStream:75 - [STDERR_REDIRECT] 
2026-03-13 19:19:55,943 [INFO] MainUpdater:2872 - connection check result : 10
2026-03-13 19:19:55,944 [INFO] MainUpdater:289 - Updater Check For Update Now.
2026-03-13 19:19:55,945 [INFO] MicroXplorer:498 - Change Database Version : DB.6.0.130
2026-03-13 19:19:55,982 [INFO] McuFinderGlobals:63 - Set McuFinder mode to 2 (CubeIDE integrated)
2026-03-13 19:19:55,983 [INFO] UserAuth:171 - activating auth plugin
2026-03-13 19:19:55,988 [INFO] UserAuth:486 - Internet connection configuration mode: 1
2026-03-13 19:19:56,059 [INFO] JxBrowserEngine:152 - Initiate JxBrowser Engine with user profile folder
2026-03-13 19:19:56,281 [INFO] CheckServerUpdateThread:120 - End of CheckServer Thread
2026-03-13 19:19:57,582 [WARN] PackLoader:240 - Cannot read IP mode file for STMicroelectronics.X-CUBE-AZRTOS-H7.3.5.0
2026-03-13 19:19:57,751 [WARN] PackLoader:240 - Cannot read IP mode file for STMicroelectronics.FP-ATR-ASTRA1.2.0.2
2026-03-13 19:19:57,815 [WARN] PackLoader:240 - Cannot read IP mode file for STMicroelectronics.X-CUBE-SMBUS.2.1.0
2026-03-13 19:19:57,890 [WARN] PackLoader:240 - Cannot read IP mode file for STMicroelectronics.X-CUBE-AZRTOS-F7.1.1.0
2026-03-13 19:19:57,933 [ERROR] Engine:466 - C:\Users\ADMIN\.stm32cubemx\thirdparties\pdsc\STMicroelectronics.FP-SNS-MOTENV1.5.1.0.pdsc: PDSC version is not supported
2026-03-13 19:19:57,971 [ERROR] Engine:466 - C:\Users\ADMIN\.stm32cubemx\thirdparties\pdsc\WES.I-CUBE-Cesium.1.4.0.pdsc: PDSC version is not supported
2026-03-13 19:19:58,002 [INFO] WebApp:168 - Instantiating new browser for Auth
2026-03-13 19:19:58,146 [WARN] PackLoader:240 - Cannot read IP mode file for STMicroelectronics.X-CUBE-AZRTOS-H7.3.4.0
2026-03-13 19:19:58,204 [WARN] PackLoader:240 - Cannot read IP mode file for STMicroelectronics.X-CUBE-DISPLAY.3.0.0
2026-03-13 19:19:58,269 [ERROR] Engine:466 - C:\Users\ADMIN\.stm32cubemx\thirdparties\pdsc\STMicroelectronics.FP-SNS-MOTENVWB1.1.5.0.pdsc: PDSC version is not supported
2026-03-13 19:19:58,314 [WARN] PackLoader:240 - Cannot read IP mode file for STMicroelectronics.X-CUBE-NFC10.1.0.0
2026-03-13 19:19:58,350 [WARN] PackLoader:240 - Cannot read IP mode file for STMicroelectronics.X-CUBE-ST60.1.1.0
2026-03-13 19:19:58,395 [WARN] PackLoader:240 - Cannot read IP mode file for emotas.I-CUBE-CANOPEN.1.3.0
2026-03-13 19:19:58,437 [WARN] PackLoader:240 - Cannot read IP mode file for STMicroelectronics.X-CUBE-GNSS1.7.1.0
2026-03-13 19:19:58,476 [ERROR] Engine:466 - C:\Users\ADMIN\.stm32cubemx\thirdparties\pdsc\STMicroelectronics.FP-SNS-STBOX1.2.1.0.pdsc: PDSC version is not supported
2026-03-13 19:19:58,511 [WARN] PackLoader:240 - Cannot read IP mode file for STMicroelectronics.FP-SNS-SMARTAG2.1.2.0
2026-03-13 19:19:58,524 [WARN] PackLoader:240 - Cannot read IP mode file for STMicroelectronics.FP-SNS-FLIGHT1.5.1.0
2026-03-13 19:19:58,567 [INFO] LogOutputStream:77 - [STDOUT_REDIRECT] 1 : Invalid condition id : UX_CORESTACK_Condition cause : null
2026-03-13 19:19:58,569 [INFO] LogOutputStream:77 - [STDOUT_REDIRECT] 1 : Invalid condition id : UX_CORESTACK_Condition cause : null
2026-03-13 19:19:58,571 [INFO] LogOutputStream:77 - [STDOUT_REDIRECT] 1 : Invalid condition id : UX_CORESTACK_Condition cause : null
2026-03-13 19:19:58,574 [INFO] LogOutputStream:77 - [STDOUT_REDIRECT] 1 : Invalid condition id : UX_CORESTACK_Condition cause : null
2026-03-13 19:19:58,575 [INFO] LogOutputStream:77 - [STDOUT_REDIRECT] 1 : Invalid condition id : UX_CORESTACK_Condition cause : null
2026-03-13 19:19:58,580 [WARN] PackLoader:240 - Cannot read IP mode file for STMicroelectronics.X-CUBE-AZRTOS-WL.2.0.0
2026-03-13 19:19:58,645 [WARN] PackLoader:240 - Cannot read IP mode file for STMicroelectronics.X-CUBE-AZRTOS-H7RS.1.2.0
2026-03-13 19:19:58,680 [WARN] PackLoader:240 - Cannot read IP mode file for STMicroelectronics.X-CUBE-BLE2.3.3.0
2026-03-13 19:19:58,845 [WARN] PackLoader:240 - Cannot read IP mode file for Infineon.AIROC-Wi-Fi-Bluetooth-STM32.1.8.0
2026-03-13 19:19:58,886 [WARN] PackLoader:240 - Cannot read IP mode file for STMicroelectronics.X-CUBE-NFC9.1.0.0
2026-03-13 19:19:58,922 [WARN] PackLoader:240 - Cannot read IP mode file for STMicroelectronics.X-CUBE-BLE1.7.1.0
2026-03-13 19:19:58,934 [WARN] PackLoader:240 - Cannot read IP mode file for wolfSSL.I-CUBE-wolfMQTT.1.19.2
2026-03-13 19:19:58,965 [ERROR] Engine:466 - C:\Users\ADMIN\.stm32cubemx\thirdparties\pdsc\STMicroelectronics.X-CUBE-FREERTOS.1.4.0.pdsc: PDSC version is not supported
2026-03-13 19:19:58,998 [WARN] PackLoader:240 - Cannot read IP mode file for STMicroelectronics.X-CUBE-EEPRMA1.5.2.0
2026-03-13 19:19:59,042 [WARN] PackLoader:240 - Cannot read IP mode file for wolfSSL.I-CUBE-wolfSSL.5.8.4
2026-03-13 19:19:59,078 [WARN] PackLoader:240 - Cannot read IP mode file for Cesanta.I-CUBE-Mongoose.7.20.0
2026-03-13 19:19:59,197 [WARN] PackLoader:240 - Cannot read IP mode file for STMicroelectronics.X-CUBE-MEMS1.12.0.0
2026-03-13 19:19:59,455 [WARN] PackLoader:240 - Cannot read IP mode file for STMicroelectronics.X-CUBE-AZRTOS-G0.1.1.0
2026-03-13 19:19:59,490 [WARN] PackLoader:240 - Cannot read IP mode file for STMicroelectronics.X-CUBE-NFC4.3.0.0
2026-03-13 19:19:59,524 [WARN] PackLoader:240 - Cannot read IP mode file for EmbeddedOffice.I-CUBE-FS-RTOS.1.0.1
2026-03-13 19:19:59,555 [WARN] PackLoader:240 - Cannot read IP mode file for STMicroelectronics.X-CUBE-WB05N.2.0.0
2026-03-13 19:19:59,611 [WARN] PackLoader:240 - Cannot read IP mode file for wolfSSL.I-CUBE-wolfTPM.3.8.0
2026-03-13 19:19:59,659 [WARN] PackLoader:240 - Cannot read IP mode file for STMicroelectronics.X-CUBE-TCPP.4.2.0
2026-03-13 19:19:59,727 [WARN] PackLoader:240 - Cannot read IP mode file for RealThread.X-CUBE-RT-Thread_Nano.4.1.1
2026-03-13 19:19:59,763 [WARN] PackLoader:240 - Cannot read IP mode file for STMicroelectronics.FP-ATR-SIGFOX1.3.2.0
2026-03-13 19:19:59,798 [ERROR] Engine:466 - C:\Users\ADMIN\.stm32cubemx\thirdparties\pdsc\STMicroelectronics.X-CUBE-FREERTOS.1.5.0.pdsc: PDSC version is not supported
2026-03-13 19:19:59,833 [WARN] PackLoader:240 - Cannot read IP mode file for ITTIA_DB.I-CUBE-ITTIADB.8.9.0
2026-03-13 19:19:59,879 [INFO] WebApp:449 - Apply proxy settings
2026-03-13 19:19:59,879 [INFO] WebApp:534 - Chromium requires no authentication
2026-03-13 19:19:59,880 [WARN] PackLoader:240 - Cannot read IP mode file for STMicroelectronics.X-CUBE-NFC6.3.2.0
2026-03-13 19:19:59,898 [INFO] WebApp:477 - Direct internet connection detected
2026-03-13 19:19:59,914 [WARN] PackLoader:240 - Cannot read IP mode file for STMicroelectronics.X-CUBE-AI.10.2.0
2026-03-13 19:19:59,966 [INFO] WebApp:880 - Register for checkConnection events
2026-03-13 19:19:59,967 [INFO] WebApp:449 - Apply proxy settings
2026-03-13 19:19:59,968 [INFO] WebApp:534 - Chromium requires no authentication
2026-03-13 19:19:59,971 [INFO] WebApp:477 - Direct internet connection detected
2026-03-13 19:19:59,992 [WARN] PackLoader:240 - Cannot read IP mode file for SEGGER.I-CUBE-embOS.1.3.1
2026-03-13 19:20:00,086 [WARN] PackLoader:240 - Cannot read IP mode file for STMicroelectronics.X-CUBE-ALGOBUILD.1.4.0
2026-03-13 19:20:00,118 [WARN] PackLoader:240 - Cannot read IP mode file for STMicroelectronics.X-CUBE-PM33A1.1.0.0
2026-03-13 19:20:00,177 [WARN] PackLoader:240 - Cannot read IP mode file for STMicroelectronics.X-CUBE-AZRTOS-F4.1.1.0
2026-03-13 19:20:00,214 [WARN] PackLoader:240 - Cannot read IP mode file for STMicroelectronics.X-CUBE-ISPU.2.1.0
2026-03-13 19:20:00,246 [ERROR] Engine:466 - C:\Users\ADMIN\.stm32cubemx\thirdparties\pdsc\STMicroelectronics.X-CUBE-IPS.3.2.0.pdsc: PDSC version is not supported
2026-03-13 19:20:00,277 [WARN] PackLoader:240 - Cannot read IP mode file for STMicroelectronics.X-CUBE-NFC12.1.0.0
2026-03-13 19:20:00,339 [WARN] PackLoader:240 - Cannot read IP mode file for STMicroelectronics.X-CUBE-AZRTOS-L5.2.0.0
2026-03-13 19:20:00,376 [WARN] PackLoader:240 - Cannot read IP mode file for STMicroelectronics.X-CUBE-TOUCHGFX.4.26.0
2026-03-13 19:20:00,406 [WARN] PackLoader:240 - Cannot read IP mode file for STMicroelectronics.X-CUBE-TOUCHGFX.4.26.1
2026-03-13 19:20:00,442 [WARN] PackLoader:240 - Cannot read IP mode file for STMicroelectronics.FP-SNS-STAIOTCFT.1.0.0
2026-03-13 19:20:00,477 [WARN] PackLoader:240 - Cannot read IP mode file for STMicroelectronics.X-CUBE-DPower.1.3.0
2026-03-13 19:20:00,498 [INFO] WebApp:221 - Starting web application
2026-03-13 19:20:00,498 [INFO] WebApp:579 - Web application path used C:\ST\STM32CubeIDE_1.17.0\STM32CubeIDE\plugins\com.st.stm32cube.common.mx_6.13.0.202411220809\db\plugins\mcufinder\reactClient1\index.html
2026-03-13 19:20:00,538 [WARN] ConditionMgr:438 - getConditionDescription Invalid condition id : LAN8742 Phy interface Condition cause : null
2026-03-13 19:20:00,540 [WARN] PackLoader:240 - Cannot read IP mode file for STMicroelectronics.X-CUBE-AZRTOS-L4.2.0.0
2026-03-13 19:20:00,541 [WARN] ConditionMgr:1044 - genDependencies : Invalid condition id : LAN8742 Phy interface Condition cause : null
2026-03-13 19:20:00,542 [WARN] ConditionMgr:1044 - genDependencies : Invalid condition id : LAN8742 Phy interface Condition cause : null
2026-03-13 19:20:00,543 [WARN] ConditionMgr:1044 - genDependencies : Invalid condition id : LAN8742 Phy interface Condition cause : null
2026-03-13 19:20:00,576 [WARN] PackLoader:240 - Cannot read IP mode file for STMicroelectronics.X-CUBE-SFXS2LP1.4.0.0
2026-03-13 19:20:00,608 [ERROR] Engine:466 - C:\Users\ADMIN\.stm32cubemx\thirdparties\pdsc\STMicroelectronics.X-CUBE-ST67W61.1.2.0.pdsc: PDSC version is not supported
2026-03-13 19:20:00,651 [WARN] PackLoader:240 - Cannot read IP mode file for STMicroelectronics.X-CUBE-BLEMGR.4.1.0
2026-03-13 19:20:00,700 [WARN] ConditionMgr:438 - getConditionDescription Invalid condition id : UX DEVICE CLASS RTOS Condition cause : null
2026-03-13 19:20:00,700 [WARN] ConditionMgr:438 - getConditionDescription Invalid condition id : UX DEVICE CLASS RTOS Condition cause : null
2026-03-13 19:20:00,703 [WARN] PackLoader:240 - Cannot read IP mode file for STMicroelectronics.X-CUBE-AZRTOS-WB.2.0.0
2026-03-13 19:20:00,704 [WARN] ConditionMgr:1044 - genDependencies : Invalid condition id : UX DEVICE CLASS RTOS Condition cause : null
2026-03-13 19:20:00,705 [WARN] ConditionMgr:1044 - genDependencies : Invalid condition id : UX DEVICE CLASS RTOS Condition cause : null
2026-03-13 19:20:00,705 [WARN] ConditionMgr:1044 - genDependencies : Invalid condition id : UX DEVICE CLASS RTOS Condition cause : null
2026-03-13 19:20:00,706 [WARN] ConditionMgr:1044 - genDependencies : Invalid condition id : UX DEVICE CLASS RTOS Condition cause : null
2026-03-13 19:20:00,706 [WARN] ConditionMgr:1044 - genDependencies : Invalid condition id : UX DEVICE CLASS RTOS Condition cause : null
2026-03-13 19:20:00,731 [WARN] ConditionMgr:438 - getConditionDescription Invalid condition id : Cortex-A Device cause : null
2026-03-13 19:20:00,761 [WARN] ConditionMgr:1044 - genDependencies : Invalid condition id : Cortex-A Device cause : null
2026-03-13 19:20:00,761 [WARN] ConditionMgr:1044 - genDependencies : Invalid condition id : Cortex-A Device cause : null
2026-03-13 19:20:00,761 [WARN] ConditionMgr:1044 - genDependencies : Invalid condition id : Cortex-A Device cause : null
2026-03-13 19:20:00,793 [WARN] PackLoader:240 - Cannot read IP mode file for STMicroelectronics.X-CUBE-STSE01.2.0.0
2026-03-13 19:20:00,829 [WARN] PackLoader:240 - Cannot read IP mode file for STMicroelectronics.X-CUBE-SUBG2.5.0.0
2026-03-13 19:20:00,882 [WARN] PackLoader:240 - Cannot read IP mode file for STMicroelectronics.X-CUBE-AZRTOS-G4.2.0.0
2026-03-13 19:20:00,910 [WARN] PackLoader:240 - Cannot read IP mode file for wolfSSL.I-CUBE-wolfSSH.1.4.20
2026-03-13 19:20:00,940 [WARN] PackLoader:240 - Cannot read IP mode file for STMicroelectronics.X-CUBE-NFC7.2.0.0
2026-03-13 19:20:00,963 [WARN] PackLoader:240 - Cannot read IP mode file for STMicroelectronics.X-CUBE-ALS.1.0.2
2026-03-13 19:20:00,997 [WARN] PackLoader:240 - Cannot read IP mode file for STMicroelectronics.X-CUBE-TOF1.3.4.3
2026-03-13 19:20:01,007 [INFO] ThirdParty:978 - Integrity check success = true
2026-03-13 19:20:01,008 [INFO] IntegrityCheckThread:100 - exiting critical section [integrity check]
2026-03-13 19:20:01,008 [INFO] IntegrityCheckThread:103 - End integrity checks thread
2026-03-13 19:20:01,198 [INFO] WebApp:187 - Connection restablished
