2026-03-13 13:29:48,244 [INFO] Activator:176 - 


2026-03-13 13:29:48,250 [INFO] Activator:177 - !SESSION log4j initialized
2026-03-13 13:29:53,864 [INFO] LogOutputStream:77 - [STDOUT_REDIRECT] 
2026-03-13 13:29:57,742 [INFO] ApplicationProperties:184 - Using Application install path: C:\ST\STM32CubeIDE_1.17.0\STM32CubeIDE\plugins\com.st.stm32cube.common.mx_6.13.0.202411220809
2026-03-13 13:29:57,775 [INFO] DbMcusXml:78 - Set database path to: C:\ST\STM32CubeIDE_1.17.0\STM32CubeIDE\plugins\com.st.stm32cube.common.mx_6.13.0.202411220809\\db\/mcu/
2026-03-13 13:29:57,777 [INFO] ApiDb:274 - Set plugin database path to: C:\ST\STM32CubeIDE_1.17.0\STM32CubeIDE\plugins\com.st.stm32cube.common.mx_6.13.0.202411220809\\db\/plugins/boardmanager/
2026-03-13 13:29:57,778 [WARN] ApiDb:259 - Overriding images path with different value:  => C:\ST\STM32CubeIDE_1.17.0\STM32CubeIDE\plugins\com.st.stm32cube.common.mx_6.13.0.202411220809\\db\/plugins/mcufinder/images/
2026-03-13 13:29:57,804 [INFO] ApiDb:250 - Set database path to: C:\Users\ADMIN\.stmcufinder\plugins\mcufinder//mcu/
2026-03-13 13:29:57,806 [INFO] DbMcusAds:125 - Set database path to: C:\Users\ADMIN\.stmcufinder\plugins\mcufinder//mcu/
2026-03-13 13:29:57,809 [INFO] CrossReferenceDbSqlite:203 - Set database path to: C:\Users\ADMIN\.stmcufinder\plugins\mcufinder//mcu/cs/
2026-03-13 13:29:58,010 [INFO] RulesReader:64 - Compatibility file has been processed (297 Rules)
2026-03-13 13:29:58,205 [INFO] DbMcusXml:78 - Set database path to: C:\ST\STM32CubeIDE_1.17.0\STM32CubeIDE\plugins\com.st.stm32cube.common.mx_6.13.0.202411220809\\db\/mcu/
2026-03-13 13:29:58,205 [INFO] ApiDb:274 - Set plugin database path to: C:\ST\STM32CubeIDE_1.17.0\STM32CubeIDE\plugins\com.st.stm32cube.common.mx_6.13.0.202411220809\\db\/plugins/boardmanager/
2026-03-13 13:29:58,205 [INFO] ApiDb:261 - Set plugin images path to: C:\ST\STM32CubeIDE_1.17.0\STM32CubeIDE\plugins\com.st.stm32cube.common.mx_6.13.0.202411220809\\db\/plugins/mcufinder/images/
2026-03-13 13:29:58,205 [WARN] DbFile:41 - Overriding database path with different value: C:\Users\ADMIN\.stmcufinder\plugins\mcufinder/ => C:\Users\ADMIN\.stmcufinder\plugins\mcufinder
2026-03-13 13:29:58,206 [INFO] ApiDb:250 - Set database path to: C:\Users\ADMIN\.stmcufinder\plugins\mcufinder//mcu/
2026-03-13 13:29:58,206 [WARN] DbFile:41 - Overriding database path with different value: C:\Users\ADMIN\.stmcufinder\plugins\mcufinder/ => C:\Users\ADMIN\.stmcufinder\plugins\mcufinder
2026-03-13 13:29:58,206 [INFO] DbMcusAds:125 - Set database path to: C:\Users\ADMIN\.stmcufinder\plugins\mcufinder//mcu/
2026-03-13 13:29:58,206 [WARN] DbFile:41 - Overriding database path with different value: C:\Users\ADMIN\.stmcufinder\plugins\mcufinder/ => C:\Users\ADMIN\.stmcufinder\plugins\mcufinder
2026-03-13 13:29:58,206 [WARN] DbFile:41 - Overriding database path with different value: C:\Users\ADMIN\.stmcufinder\plugins\mcufinder/ => C:\Users\ADMIN\.stmcufinder\plugins\mcufinder
2026-03-13 13:29:58,206 [INFO] CrossReferenceDbSqlite:203 - Set database path to: C:\Users\ADMIN\.stmcufinder\plugins\mcufinder//mcu/cs/
2026-03-13 13:29:58,343 [INFO] MainPanel:272 - HeapMemory: 268435456
2026-03-13 13:29:58,542 [INFO] DbMcusXml:78 - Set database path to: C:\ST\STM32CubeIDE_1.17.0\STM32CubeIDE\plugins\com.st.stm32cube.common.mx_6.13.0.202411220809\\db\/mcu/
2026-03-13 13:29:58,542 [INFO] ApiDb:274 - Set plugin database path to: C:\ST\STM32CubeIDE_1.17.0\STM32CubeIDE\plugins\com.st.stm32cube.common.mx_6.13.0.202411220809\\db\/plugins/boardmanager/
2026-03-13 13:29:58,542 [INFO] ApiDb:261 - Set plugin images path to: C:\ST\STM32CubeIDE_1.17.0\STM32CubeIDE\plugins\com.st.stm32cube.common.mx_6.13.0.202411220809\\db\/plugins/mcufinder/images/
2026-03-13 13:29:58,543 [WARN] DbFile:41 - Overriding database path with different value: C:\Users\ADMIN\.stmcufinder\plugins\mcufinder/ => C:\Users\ADMIN\.stmcufinder\plugins\mcufinder
2026-03-13 13:29:58,543 [INFO] ApiDb:250 - Set database path to: C:\Users\ADMIN\.stmcufinder\plugins\mcufinder//mcu/
2026-03-13 13:29:58,543 [WARN] DbFile:41 - Overriding database path with different value: C:\Users\ADMIN\.stmcufinder\plugins\mcufinder/ => C:\Users\ADMIN\.stmcufinder\plugins\mcufinder
2026-03-13 13:29:58,543 [INFO] DbMcusAds:125 - Set database path to: C:\Users\ADMIN\.stmcufinder\plugins\mcufinder//mcu/
2026-03-13 13:29:58,544 [WARN] DbFile:41 - Overriding database path with different value: C:\Users\ADMIN\.stmcufinder\plugins\mcufinder/ => C:\Users\ADMIN\.stmcufinder\plugins\mcufinder
2026-03-13 13:29:58,544 [WARN] DbFile:41 - Overriding database path with different value: C:\Users\ADMIN\.stmcufinder\plugins\mcufinder/ => C:\Users\ADMIN\.stmcufinder\plugins\mcufinder
2026-03-13 13:29:58,544 [INFO] CrossReferenceDbSqlite:203 - Set database path to: C:\Users\ADMIN\.stmcufinder\plugins\mcufinder//mcu/cs/
2026-03-13 13:29:58,577 [INFO] ApplicationProperties:184 - Using Application install path: C:\ST\STM32CubeIDE_1.17.0\STM32CubeIDE\plugins\com.st.stm32cube.common.mx_6.13.0.202411220809
2026-03-13 13:29:58,580 [INFO] PluginManage:196 - Search for loadable plugins [exclusion list=, ]
2026-03-13 13:29:58,584 [INFO] PluginManage:310 - Check plugin analytics
2026-03-13 13:29:58,925 [INFO] AnalyticsPlugin:253 - Accepted Software Licenses: STM32CubeMX.6.16.1
2026-03-13 13:29:58,925 [INFO] AnalyticsPlugin:255 - Accepted CMSIS Pack Licenses: 
2026-03-13 13:29:58,926 [INFO] AnalyticsPlugin:257 - Accepted Firmware Licenses: 
2026-03-13 13:29:58,930 [INFO] PluginManage:359 - Loaded plugin analytics (category:tool,tabindex:-1)
2026-03-13 13:29:58,931 [INFO] PluginManage:310 - Check plugin cadmodel
2026-03-13 13:29:58,957 [INFO] CADModel:105 - Init CAD model plugin
2026-03-13 13:29:58,957 [INFO] PluginManage:359 - Loaded plugin cadmodel (category:power,tabindex:5)
2026-03-13 13:29:58,957 [INFO] PluginManage:310 - Check plugin clock
2026-03-13 13:29:58,988 [INFO] PluginManage:359 - Loaded plugin clock (category:base,tabindex:2)
2026-03-13 13:29:58,989 [INFO] PluginManage:310 - Check plugin ddr
2026-03-13 13:29:58,992 [INFO] PluginManage:359 - Loaded plugin ddr (category:tool,tabindex:6)
2026-03-13 13:29:58,993 [INFO] PluginManage:310 - Check plugin filemanager
2026-03-13 13:29:59,297 [INFO] PluginManage:359 - Loaded plugin filemanager (category:base,tabindex:10)
2026-03-13 13:29:59,298 [INFO] PluginManage:310 - Check plugin ipmanager
2026-03-13 13:29:59,310 [INFO] PluginManage:359 - Loaded plugin ipmanager (category:base,tabindex:5)
2026-03-13 13:29:59,310 [INFO] PluginManage:310 - Check plugin lpbam
2026-03-13 13:29:59,341 [INFO] PluginManage:359 - Loaded plugin lpbam (category:base,tabindex:0)
2026-03-13 13:29:59,341 [INFO] PluginManage:310 - Check plugin memorymap
2026-03-13 13:29:59,380 [INFO] PluginManage:359 - Loaded plugin memorymap (category:base,tabindex:4)
2026-03-13 13:29:59,380 [INFO] PluginManage:310 - Check plugin pinoutandconfiguration
2026-03-13 13:29:59,411 [INFO] PluginManage:359 - Loaded plugin pinoutandconfiguration (category:base,tabindex:1)
2026-03-13 13:29:59,412 [INFO] PluginManage:310 - Check plugin pinoutconfig
2026-03-13 13:29:59,547 [WARN] SupportedApi:132 - Cannot load RTOS API schema: s4s-elt-must-match.1: The content of 'definitions' must match (annotation?, (simpleType | complexType)?, (unique | key | keyref)*)). A problem was found starting at: attribute.
2026-03-13 13:29:59,787 [INFO] PluginManage:359 - Loaded plugin pinoutconfig (category:base,tabindex:0)
2026-03-13 13:29:59,787 [INFO] PluginManage:310 - Check plugin power
2026-03-13 13:29:59,825 [INFO] PluginManage:359 - Loaded plugin power (category:power,tabindex:4)
2026-03-13 13:29:59,825 [INFO] PluginManage:310 - Check plugin projectmanager
2026-03-13 13:29:59,858 [INFO] PluginManage:359 - Loaded plugin projectmanager (category:projectmanager,tabindex:4)
2026-03-13 13:29:59,858 [INFO] PluginManage:310 - Check plugin rif
2026-03-13 13:29:59,888 [INFO] PluginManage:359 - Loaded plugin rif (category:base,tabindex:3)
2026-03-13 13:29:59,888 [INFO] PluginManage:310 - Check plugin thirdparty
2026-03-13 13:30:00,416 [INFO] PluginManage:359 - Loaded plugin thirdparty (category:base,tabindex:-1)
2026-03-13 13:30:00,416 [WARN] IntegrityCheckThread:84 - waiting for thirdparty lock release [integrity check]
2026-03-13 13:30:00,417 [INFO] IntegrityCheckThread:86 - entering critical section [integrity check]
2026-03-13 13:30:00,417 [INFO] PluginManage:310 - Check plugin tools
2026-03-13 13:30:00,418 [INFO] ThirdPartyUpdaterWithRetryManager:70 - Updater plugin not ready yet. [1/15]
2026-03-13 13:30:00,490 [INFO] PluginManage:359 - Loaded plugin tools (category:base,tabindex:7)
2026-03-13 13:30:00,491 [INFO] PluginManage:310 - Check plugin tutovideos
2026-03-13 13:30:00,768 [INFO] PluginManage:359 - Loaded plugin tutovideos (category:base,tabindex:-1)
2026-03-13 13:30:00,768 [INFO] PluginManage:310 - Check plugin updater
2026-03-13 13:30:00,802 [INFO] PluginManage:359 - Loaded plugin updater (category:base,tabindex:12)
2026-03-13 13:30:00,802 [INFO] PluginManage:310 - Check plugin userauth
2026-03-13 13:30:00,808 [INFO] UserAuth:118 - Init User Auth plugin
2026-03-13 13:30:00,809 [INFO] PluginManage:359 - Loaded plugin userauth (category:base,tabindex:14)
2026-03-13 13:30:00,810 [INFO] PluginManage:283 - PluginManage : Loaded plugins [18]
2026-03-13 13:30:01,169 [INFO] PinOutPanel:1589 - setPackage(No Configuration,No Configuration)
2026-03-13 13:30:01,328 [INFO] CADModel:165 - CPN selected for project level
2026-03-13 13:30:01,328 [INFO] CADModel:114 - Register for checkConnection events
2026-03-13 13:30:01,373 [INFO] IPUIPlugin:80 - create IPUIPlugin
2026-03-13 13:30:01,373 [INFO] PluginManager:220 - loadIPPluginJar : add adc
2026-03-13 13:30:01,450 [INFO] IPUIPlugin:80 - create IPUIPlugin
2026-03-13 13:30:01,450 [INFO] PluginManager:220 - loadIPPluginJar : add aes
2026-03-13 13:30:01,546 [INFO] IPUIPlugin:80 - create IPUIPlugin
2026-03-13 13:30:01,546 [INFO] PluginManager:220 - loadIPPluginJar : add can
2026-03-13 13:30:01,602 [INFO] IPUIPlugin:80 - create IPUIPlugin
2026-03-13 13:30:01,602 [INFO] PluginManager:220 - loadIPPluginJar : add comp
2026-03-13 13:30:01,681 [INFO] IPUIPlugin:80 - create IPUIPlugin
2026-03-13 13:30:01,682 [INFO] PluginManager:220 - loadIPPluginJar : add cryp
2026-03-13 13:30:01,709 [INFO] IPUIPlugin:80 - create IPUIPlugin
2026-03-13 13:30:01,709 [INFO] PluginManager:220 - loadIPPluginJar : add ddr_ctrl_phy
2026-03-13 13:30:01,769 [INFO] IPUIPlugin:80 - create IPUIPlugin
2026-03-13 13:30:01,769 [INFO] PluginManager:220 - loadIPPluginJar : add dfsdm
2026-03-13 13:30:01,794 [INFO] IPUIPlugin:80 - create IPUIPlugin
2026-03-13 13:30:01,795 [INFO] PluginManager:220 - loadIPPluginJar : add dma
2026-03-13 13:30:01,863 [INFO] IPUIPlugin:80 - create IPUIPlugin
2026-03-13 13:30:01,863 [INFO] PluginManager:220 - loadIPPluginJar : add dma3
2026-03-13 13:30:01,936 [INFO] IPUIPlugin:80 - create IPUIPlugin
2026-03-13 13:30:01,936 [INFO] PluginManager:220 - loadIPPluginJar : add extmemmanager
2026-03-13 13:30:01,969 [INFO] IPUIPlugin:80 - create IPUIPlugin
2026-03-13 13:30:01,969 [INFO] PluginManager:220 - loadIPPluginJar : add fatfs
2026-03-13 13:30:02,057 [INFO] IPUIPlugin:80 - create IPUIPlugin
2026-03-13 13:30:02,058 [INFO] PluginManager:220 - loadIPPluginJar : add fmc
2026-03-13 13:30:02,085 [INFO] IPUIPlugin:80 - create IPUIPlugin
2026-03-13 13:30:02,086 [INFO] PluginManager:220 - loadIPPluginJar : add freertos
2026-03-13 13:30:02,130 [INFO] IPUIPlugin:80 - create IPUIPlugin
2026-03-13 13:30:02,130 [INFO] PluginManager:220 - loadIPPluginJar : add genericplugin
2026-03-13 13:30:02,351 [INFO] IPUIPlugin:80 - create IPUIPlugin
2026-03-13 13:30:02,351 [INFO] PluginManager:220 - loadIPPluginJar : add gfxmmu
2026-03-13 13:30:02,557 [INFO] IPUIPlugin:80 - create IPUIPlugin
2026-03-13 13:30:02,558 [INFO] PluginManager:220 - loadIPPluginJar : add gic
2026-03-13 13:30:02,617 [INFO] IPUIPlugin:80 - create IPUIPlugin
2026-03-13 13:30:02,617 [INFO] PluginManager:220 - loadIPPluginJar : add gpio
2026-03-13 13:30:02,763 [INFO] IPUIPlugin:80 - create IPUIPlugin
2026-03-13 13:30:02,763 [INFO] PluginManager:220 - loadIPPluginJar : add gtzc
2026-03-13 13:30:02,866 [INFO] IPUIPlugin:80 - create IPUIPlugin
2026-03-13 13:30:02,866 [INFO] PluginManager:220 - loadIPPluginJar : add hash
2026-03-13 13:30:02,956 [INFO] IPUIPlugin:80 - create IPUIPlugin
2026-03-13 13:30:02,956 [INFO] PluginManager:220 - loadIPPluginJar : add i2c
2026-03-13 13:30:03,018 [INFO] IPUIPlugin:80 - create IPUIPlugin
2026-03-13 13:30:03,018 [INFO] PluginManager:220 - loadIPPluginJar : add i2s
2026-03-13 13:30:03,087 [INFO] IPUIPlugin:80 - create IPUIPlugin
2026-03-13 13:30:03,088 [INFO] PluginManager:220 - loadIPPluginJar : add i3c
2026-03-13 13:30:03,250 [INFO] IPUIPlugin:80 - create IPUIPlugin
2026-03-13 13:30:03,250 [INFO] PluginManager:220 - loadIPPluginJar : add ipddr
2026-03-13 13:30:03,428 [INFO] ThirdPartyUpdaterWithRetryManager:70 - Updater plugin not ready yet. [2/15]
2026-03-13 13:30:03,440 [INFO] IPUIPlugin:80 - create IPUIPlugin
2026-03-13 13:30:03,440 [INFO] PluginManager:220 - loadIPPluginJar : add linkedlist
2026-03-13 13:30:03,538 [INFO] IPUIPlugin:80 - create IPUIPlugin
2026-03-13 13:30:03,538 [INFO] PluginManager:220 - loadIPPluginJar : add lorawan
2026-03-13 13:30:03,598 [INFO] IPUIPlugin:80 - create IPUIPlugin
2026-03-13 13:30:03,598 [INFO] PluginManager:220 - loadIPPluginJar : add ltdc
2026-03-13 13:30:03,621 [INFO] IPUIPlugin:80 - create IPUIPlugin
2026-03-13 13:30:03,622 [INFO] PluginManager:220 - loadIPPluginJar : add mdma
2026-03-13 13:30:03,643 [INFO] IPUIPlugin:80 - create IPUIPlugin
2026-03-13 13:30:03,643 [INFO] PluginManager:220 - loadIPPluginJar : add nvic
2026-03-13 13:30:03,731 [INFO] IPUIPlugin:80 - create IPUIPlugin
2026-03-13 13:30:03,731 [INFO] PluginManager:220 - loadIPPluginJar : add opamp
2026-03-13 13:30:03,854 [INFO] IPUIPlugin:80 - create IPUIPlugin
2026-03-13 13:30:03,854 [INFO] PluginManager:220 - loadIPPluginJar : add openamp
2026-03-13 13:30:03,971 [INFO] IPUIPlugin:80 - create IPUIPlugin
2026-03-13 13:30:03,971 [INFO] PluginManager:220 - loadIPPluginJar : add pdm2pcm
2026-03-13 13:30:04,003 [INFO] IPUIPlugin:80 - create IPUIPlugin
2026-03-13 13:30:04,009 [INFO] PluginManager:220 - loadIPPluginJar : add plateformsettings
2026-03-13 13:30:04,062 [INFO] IPUIPlugin:80 - create IPUIPlugin
2026-03-13 13:30:04,062 [INFO] PluginManager:220 - loadIPPluginJar : add quadspi
2026-03-13 13:30:04,112 [INFO] IPUIPlugin:80 - create IPUIPlugin
2026-03-13 13:30:04,113 [INFO] PluginManager:220 - loadIPPluginJar : add radio
2026-03-13 13:30:04,136 [INFO] IPUIPlugin:80 - create IPUIPlugin
2026-03-13 13:30:04,136 [INFO] PluginManager:220 - loadIPPluginJar : add resmgrutility
2026-03-13 13:30:04,224 [INFO] IPUIPlugin:80 - create IPUIPlugin
2026-03-13 13:30:04,224 [INFO] PluginManager:220 - loadIPPluginJar : add sai
2026-03-13 13:30:04,301 [INFO] IPUIPlugin:80 - create IPUIPlugin
2026-03-13 13:30:04,301 [INFO] PluginManager:220 - loadIPPluginJar : add spi
2026-03-13 13:30:04,401 [INFO] IPUIPlugin:80 - create IPUIPlugin
2026-03-13 13:30:04,401 [INFO] PluginManager:220 - loadIPPluginJar : add stm32_wpan
2026-03-13 13:30:04,440 [INFO] IPUIPlugin:80 - create IPUIPlugin
2026-03-13 13:30:04,440 [INFO] PluginManager:220 - loadIPPluginJar : add tim
2026-03-13 13:30:04,535 [INFO] IPUIPlugin:80 - create IPUIPlugin
2026-03-13 13:30:04,535 [INFO] PluginManager:220 - loadIPPluginJar : add touchsensing
2026-03-13 13:30:04,569 [INFO] IPUIPlugin:80 - create IPUIPlugin
2026-03-13 13:30:04,569 [INFO] PluginManager:220 - loadIPPluginJar : add tracer_emb
2026-03-13 13:30:04,611 [INFO] IPUIPlugin:80 - create IPUIPlugin
2026-03-13 13:30:04,611 [INFO] PluginManager:220 - loadIPPluginJar : add ts
2026-03-13 13:30:04,654 [INFO] IPUIPlugin:80 - create IPUIPlugin
2026-03-13 13:30:04,654 [INFO] PluginManager:220 - loadIPPluginJar : add tsc
2026-03-13 13:30:04,691 [INFO] IPUIPlugin:80 - create IPUIPlugin
2026-03-13 13:30:04,691 [INFO] PluginManager:220 - loadIPPluginJar : add ucpd
2026-03-13 13:30:04,778 [INFO] IPUIPlugin:80 - create IPUIPlugin
2026-03-13 13:30:04,779 [INFO] PluginManager:220 - loadIPPluginJar : add usart
2026-03-13 13:30:04,847 [INFO] IPUIPlugin:80 - create IPUIPlugin
2026-03-13 13:30:04,847 [INFO] PluginManager:220 - loadIPPluginJar : add usbx
2026-03-13 13:30:05,023 [FATAL] Updater:351 - Updater called before beeing initialized
2026-03-13 13:30:05,057 [INFO] RulesReader:64 - Compatibility file has been processed (297 Rules)
2026-03-13 13:30:05,076 [INFO] RulesReader:64 - Compatibility file has been processed (297 Rules)
2026-03-13 13:30:05,088 [INFO] CADModel:165 - CPN selected for project level
2026-03-13 13:30:05,089 [INFO] CADModel:114 - Register for checkConnection events
2026-03-13 13:30:05,089 [FATAL] Updater:351 - Updater called before beeing initialized
2026-03-13 13:30:05,089 [ERROR] CADModel:125 - Updater not yet initialized, retry later 
2026-03-13 13:30:05,322 [FATAL] Updater:351 - Updater called before beeing initialized
2026-03-13 13:30:05,325 [INFO] CADModel:165 - CPN selected for project level
2026-03-13 13:30:05,325 [INFO] CADModel:114 - Register for checkConnection events
2026-03-13 13:30:05,325 [FATAL] Updater:351 - Updater called before beeing initialized
2026-03-13 13:30:05,325 [ERROR] CADModel:125 - Updater not yet initialized, retry later 
2026-03-13 13:30:05,329 [FATAL] Updater:351 - Updater called before beeing initialized
2026-03-13 13:30:05,500 [FATAL] Updater:351 - Updater called before beeing initialized
2026-03-13 13:30:05,510 [INFO] DbMcusAds:53 - JSON generation date=Thu Mar 05 21:32:53 ICT 2026 (1772721173050)
2026-03-13 13:30:05,510 [FATAL] Updater:351 - Updater called before beeing initialized
2026-03-13 13:30:05,566 [WARN] DetailPanel:346 - Failed to get advertising image, set to default
2026-03-13 13:30:05,860 [FATAL] Updater:351 - Updater called before beeing initialized
2026-03-13 13:30:05,862 [FATAL] Updater:351 - Updater called before beeing initialized
2026-03-13 13:30:05,863 [FATAL] Updater:351 - Updater called before beeing initialized
2026-03-13 13:30:05,863 [WARN] DetailPanel:346 - Failed to get advertising image, set to default
2026-03-13 13:30:05,864 [FATAL] Updater:351 - Updater called before beeing initialized
2026-03-13 13:30:05,964 [ERROR] Updater:1198 - MainUpdater not yet initialized. External WinMGr cannot be set.
2026-03-13 13:30:05,982 [INFO] Updater:1134 - Updater Version found : 6.13.0
2026-03-13 13:30:06,008 [INFO] ApplicationProperties:184 - Using Application install path: C:\ST\STM32CubeIDE_1.17.0\STM32CubeIDE\plugins\com.st.stm32cube.common.mx_6.13.0.202411220809
2026-03-13 13:30:06,435 [INFO] ThirdPartyUpdaterWithRetryManager:70 - Updater plugin not ready yet. [3/15]
2026-03-13 13:30:07,672 [ERROR] LogOutputStream:75 - [STDERR_REDIRECT] Mar 13, 2026 1:30:07 PM java.util.prefs.WindowsPreferences <init>
2026-03-13 13:30:07,676 [ERROR] LogOutputStream:75 - [STDERR_REDIRECT] WARNING: Could not open/create prefs root node Software\JavaSoft\Prefs at root 0xffffffff80000002. Windows RegCreateKeyEx(...) returned error code 5.
2026-03-13 13:30:07,677 [ERROR] LogOutputStream:75 - [STDERR_REDIRECT] 
2026-03-13 13:30:08,301 [INFO] MainUpdater:2872 - connection check result : 10
2026-03-13 13:30:08,302 [INFO] MainUpdater:289 - Updater Check For Update Now.
2026-03-13 13:30:08,303 [INFO] MicroXplorer:498 - Change Database Version : DB.6.0.130
2026-03-13 13:30:08,338 [INFO] McuFinderGlobals:63 - Set McuFinder mode to 2 (CubeIDE integrated)
2026-03-13 13:30:08,338 [INFO] UserAuth:171 - activating auth plugin
2026-03-13 13:30:08,343 [INFO] UserAuth:486 - Internet connection configuration mode: 1
2026-03-13 13:30:08,413 [INFO] JxBrowserEngine:152 - Initiate JxBrowser Engine with user profile folder
2026-03-13 13:30:08,658 [INFO] CheckServerUpdateThread:120 - End of CheckServer Thread
2026-03-13 13:30:10,043 [WARN] PackLoader:240 - Cannot read IP mode file for STMicroelectronics.X-CUBE-AZRTOS-H7.3.5.0
2026-03-13 13:30:10,250 [WARN] PackLoader:240 - Cannot read IP mode file for STMicroelectronics.FP-ATR-ASTRA1.2.0.2
2026-03-13 13:30:10,313 [WARN] PackLoader:240 - Cannot read IP mode file for STMicroelectronics.X-CUBE-SMBUS.2.1.0
2026-03-13 13:30:10,394 [WARN] PackLoader:240 - Cannot read IP mode file for STMicroelectronics.X-CUBE-AZRTOS-F7.1.1.0
2026-03-13 13:30:10,433 [ERROR] Engine:466 - C:\Users\ADMIN\.stm32cubemx\thirdparties\pdsc\STMicroelectronics.FP-SNS-MOTENV1.5.1.0.pdsc: PDSC version is not supported
2026-03-13 13:30:10,468 [ERROR] Engine:466 - C:\Users\ADMIN\.stm32cubemx\thirdparties\pdsc\WES.I-CUBE-Cesium.1.4.0.pdsc: PDSC version is not supported
2026-03-13 13:30:10,549 [WARN] PackLoader:240 - Cannot read IP mode file for STMicroelectronics.X-CUBE-AZRTOS-H7.3.4.0
2026-03-13 13:30:10,596 [WARN] PackLoader:240 - Cannot read IP mode file for STMicroelectronics.X-CUBE-DISPLAY.3.0.0
2026-03-13 13:30:10,630 [ERROR] Engine:466 - C:\Users\ADMIN\.stm32cubemx\thirdparties\pdsc\STMicroelectronics.FP-SNS-MOTENVWB1.1.5.0.pdsc: PDSC version is not supported
2026-03-13 13:30:10,673 [WARN] PackLoader:240 - Cannot read IP mode file for STMicroelectronics.X-CUBE-NFC10.1.0.0
2026-03-13 13:30:10,709 [WARN] PackLoader:240 - Cannot read IP mode file for STMicroelectronics.X-CUBE-ST60.1.1.0
2026-03-13 13:30:10,748 [WARN] PackLoader:240 - Cannot read IP mode file for emotas.I-CUBE-CANOPEN.1.3.0
2026-03-13 13:30:10,782 [WARN] PackLoader:240 - Cannot read IP mode file for STMicroelectronics.X-CUBE-GNSS1.7.1.0
2026-03-13 13:30:10,816 [ERROR] Engine:466 - C:\Users\ADMIN\.stm32cubemx\thirdparties\pdsc\STMicroelectronics.FP-SNS-STBOX1.2.1.0.pdsc: PDSC version is not supported
2026-03-13 13:30:10,843 [WARN] PackLoader:240 - Cannot read IP mode file for STMicroelectronics.FP-SNS-SMARTAG2.1.2.0
2026-03-13 13:30:10,872 [WARN] PackLoader:240 - Cannot read IP mode file for STMicroelectronics.FP-SNS-FLIGHT1.5.1.0
2026-03-13 13:30:10,913 [INFO] LogOutputStream:77 - [STDOUT_REDIRECT] 1 : Invalid condition id : UX_CORESTACK_Condition cause : null
2026-03-13 13:30:10,914 [INFO] LogOutputStream:77 - [STDOUT_REDIRECT] 1 : Invalid condition id : UX_CORESTACK_Condition cause : null
2026-03-13 13:30:10,915 [INFO] LogOutputStream:77 - [STDOUT_REDIRECT] 1 : Invalid condition id : UX_CORESTACK_Condition cause : null
2026-03-13 13:30:10,918 [INFO] LogOutputStream:77 - [STDOUT_REDIRECT] 1 : Invalid condition id : UX_CORESTACK_Condition cause : null
2026-03-13 13:30:10,920 [INFO] LogOutputStream:77 - [STDOUT_REDIRECT] 1 : Invalid condition id : UX_CORESTACK_Condition cause : null
2026-03-13 13:30:10,927 [WARN] PackLoader:240 - Cannot read IP mode file for STMicroelectronics.X-CUBE-AZRTOS-WL.2.0.0
2026-03-13 13:30:10,998 [WARN] PackLoader:240 - Cannot read IP mode file for STMicroelectronics.X-CUBE-AZRTOS-H7RS.1.2.0
2026-03-13 13:30:11,038 [WARN] PackLoader:240 - Cannot read IP mode file for STMicroelectronics.X-CUBE-BLE2.3.3.0
2026-03-13 13:30:11,108 [INFO] WebApp:168 - Instantiating new browser for Auth
2026-03-13 13:30:11,220 [WARN] PackLoader:240 - Cannot read IP mode file for Infineon.AIROC-Wi-Fi-Bluetooth-STM32.1.8.0
2026-03-13 13:30:11,265 [WARN] PackLoader:240 - Cannot read IP mode file for STMicroelectronics.X-CUBE-NFC9.1.0.0
2026-03-13 13:30:11,300 [WARN] PackLoader:240 - Cannot read IP mode file for STMicroelectronics.X-CUBE-BLE1.7.1.0
2026-03-13 13:30:11,340 [WARN] PackLoader:240 - Cannot read IP mode file for wolfSSL.I-CUBE-wolfMQTT.1.19.2
2026-03-13 13:30:11,366 [ERROR] Engine:466 - C:\Users\ADMIN\.stm32cubemx\thirdparties\pdsc\STMicroelectronics.X-CUBE-FREERTOS.1.4.0.pdsc: PDSC version is not supported
2026-03-13 13:30:11,398 [WARN] PackLoader:240 - Cannot read IP mode file for STMicroelectronics.X-CUBE-EEPRMA1.5.2.0
2026-03-13 13:30:11,444 [WARN] PackLoader:240 - Cannot read IP mode file for wolfSSL.I-CUBE-wolfSSL.5.8.4
2026-03-13 13:30:11,479 [WARN] PackLoader:240 - Cannot read IP mode file for Cesanta.I-CUBE-Mongoose.7.20.0
2026-03-13 13:30:11,579 [WARN] PackLoader:240 - Cannot read IP mode file for STMicroelectronics.X-CUBE-MEMS1.12.0.0
2026-03-13 13:30:11,761 [WARN] PackLoader:240 - Cannot read IP mode file for STMicroelectronics.X-CUBE-AZRTOS-G0.1.1.0
2026-03-13 13:30:11,792 [WARN] PackLoader:240 - Cannot read IP mode file for STMicroelectronics.X-CUBE-NFC4.3.0.0
2026-03-13 13:30:11,829 [WARN] PackLoader:240 - Cannot read IP mode file for EmbeddedOffice.I-CUBE-FS-RTOS.1.0.1
2026-03-13 13:30:11,861 [WARN] PackLoader:240 - Cannot read IP mode file for STMicroelectronics.X-CUBE-WB05N.2.0.0
2026-03-13 13:30:11,889 [WARN] PackLoader:240 - Cannot read IP mode file for wolfSSL.I-CUBE-wolfTPM.3.8.0
2026-03-13 13:30:11,919 [WARN] PackLoader:240 - Cannot read IP mode file for STMicroelectronics.X-CUBE-TCPP.4.2.0
2026-03-13 13:30:11,953 [WARN] PackLoader:240 - Cannot read IP mode file for RealThread.X-CUBE-RT-Thread_Nano.4.1.1
2026-03-13 13:30:11,979 [WARN] PackLoader:240 - Cannot read IP mode file for STMicroelectronics.FP-ATR-SIGFOX1.3.2.0
2026-03-13 13:30:12,004 [ERROR] Engine:466 - C:\Users\ADMIN\.stm32cubemx\thirdparties\pdsc\STMicroelectronics.X-CUBE-FREERTOS.1.5.0.pdsc: PDSC version is not supported
2026-03-13 13:30:12,035 [WARN] PackLoader:240 - Cannot read IP mode file for ITTIA_DB.I-CUBE-ITTIADB.8.9.0
2026-03-13 13:30:12,069 [WARN] PackLoader:240 - Cannot read IP mode file for STMicroelectronics.X-CUBE-NFC6.3.2.0
2026-03-13 13:30:12,101 [WARN] PackLoader:240 - Cannot read IP mode file for STMicroelectronics.X-CUBE-AI.10.2.0
2026-03-13 13:30:12,169 [WARN] PackLoader:240 - Cannot read IP mode file for SEGGER.I-CUBE-embOS.1.3.1
2026-03-13 13:30:12,300 [WARN] PackLoader:240 - Cannot read IP mode file for STMicroelectronics.X-CUBE-ALGOBUILD.1.4.0
2026-03-13 13:30:12,330 [WARN] PackLoader:240 - Cannot read IP mode file for STMicroelectronics.X-CUBE-PM33A1.1.0.0
2026-03-13 13:30:12,389 [WARN] PackLoader:240 - Cannot read IP mode file for STMicroelectronics.X-CUBE-AZRTOS-F4.1.1.0
2026-03-13 13:30:12,421 [WARN] PackLoader:240 - Cannot read IP mode file for STMicroelectronics.X-CUBE-ISPU.2.1.0
2026-03-13 13:30:12,457 [ERROR] Engine:466 - C:\Users\ADMIN\.stm32cubemx\thirdparties\pdsc\STMicroelectronics.X-CUBE-IPS.3.2.0.pdsc: PDSC version is not supported
2026-03-13 13:30:12,492 [WARN] PackLoader:240 - Cannot read IP mode file for STMicroelectronics.X-CUBE-NFC12.1.0.0
2026-03-13 13:30:12,547 [WARN] PackLoader:240 - Cannot read IP mode file for STMicroelectronics.X-CUBE-AZRTOS-L5.2.0.0
2026-03-13 13:30:12,587 [WARN] PackLoader:240 - Cannot read IP mode file for STMicroelectronics.X-CUBE-TOUCHGFX.4.26.0
2026-03-13 13:30:12,614 [WARN] PackLoader:240 - Cannot read IP mode file for STMicroelectronics.X-CUBE-TOUCHGFX.4.26.1
2026-03-13 13:30:12,644 [WARN] PackLoader:240 - Cannot read IP mode file for STMicroelectronics.FP-SNS-STAIOTCFT.1.0.0
2026-03-13 13:30:12,675 [WARN] PackLoader:240 - Cannot read IP mode file for STMicroelectronics.X-CUBE-DPower.1.3.0
2026-03-13 13:30:12,735 [WARN] ConditionMgr:438 - getConditionDescription Invalid condition id : LAN8742 Phy interface Condition cause : null
2026-03-13 13:30:12,736 [WARN] PackLoader:240 - Cannot read IP mode file for STMicroelectronics.X-CUBE-AZRTOS-L4.2.0.0
2026-03-13 13:30:12,738 [WARN] ConditionMgr:1044 - genDependencies : Invalid condition id : LAN8742 Phy interface Condition cause : null
2026-03-13 13:30:12,738 [WARN] ConditionMgr:1044 - genDependencies : Invalid condition id : LAN8742 Phy interface Condition cause : null
2026-03-13 13:30:12,739 [WARN] ConditionMgr:1044 - genDependencies : Invalid condition id : LAN8742 Phy interface Condition cause : null
2026-03-13 13:30:12,774 [WARN] PackLoader:240 - Cannot read IP mode file for STMicroelectronics.X-CUBE-SFXS2LP1.4.0.0
2026-03-13 13:30:12,805 [ERROR] Engine:466 - C:\Users\ADMIN\.stm32cubemx\thirdparties\pdsc\STMicroelectronics.X-CUBE-ST67W61.1.2.0.pdsc: PDSC version is not supported
2026-03-13 13:30:12,850 [WARN] PackLoader:240 - Cannot read IP mode file for STMicroelectronics.X-CUBE-BLEMGR.4.1.0
2026-03-13 13:30:12,932 [WARN] ConditionMgr:438 - getConditionDescription Invalid condition id : UX DEVICE CLASS RTOS Condition cause : null
2026-03-13 13:30:12,933 [WARN] ConditionMgr:438 - getConditionDescription Invalid condition id : UX DEVICE CLASS RTOS Condition cause : null
2026-03-13 13:30:12,939 [WARN] PackLoader:240 - Cannot read IP mode file for STMicroelectronics.X-CUBE-AZRTOS-WB.2.0.0
2026-03-13 13:30:12,940 [WARN] ConditionMgr:1044 - genDependencies : Invalid condition id : UX DEVICE CLASS RTOS Condition cause : null
2026-03-13 13:30:12,941 [WARN] ConditionMgr:1044 - genDependencies : Invalid condition id : UX DEVICE CLASS RTOS Condition cause : null
2026-03-13 13:30:12,941 [WARN] ConditionMgr:1044 - genDependencies : Invalid condition id : UX DEVICE CLASS RTOS Condition cause : null
2026-03-13 13:30:12,942 [WARN] ConditionMgr:1044 - genDependencies : Invalid condition id : UX DEVICE CLASS RTOS Condition cause : null
2026-03-13 13:30:12,942 [WARN] ConditionMgr:1044 - genDependencies : Invalid condition id : UX DEVICE CLASS RTOS Condition cause : null
2026-03-13 13:30:12,979 [WARN] ConditionMgr:438 - getConditionDescription Invalid condition id : Cortex-A Device cause : null
2026-03-13 13:30:13,037 [WARN] ConditionMgr:1044 - genDependencies : Invalid condition id : Cortex-A Device cause : null
2026-03-13 13:30:13,038 [WARN] ConditionMgr:1044 - genDependencies : Invalid condition id : Cortex-A Device cause : null
2026-03-13 13:30:13,038 [WARN] ConditionMgr:1044 - genDependencies : Invalid condition id : Cortex-A Device cause : null
2026-03-13 13:30:13,076 [WARN] PackLoader:240 - Cannot read IP mode file for STMicroelectronics.X-CUBE-STSE01.2.0.0
2026-03-13 13:30:13,131 [WARN] PackLoader:240 - Cannot read IP mode file for STMicroelectronics.X-CUBE-SUBG2.5.0.0
2026-03-13 13:30:13,166 [INFO] WebApp:449 - Apply proxy settings
2026-03-13 13:30:13,167 [INFO] WebApp:534 - Chromium requires no authentication
2026-03-13 13:30:13,193 [INFO] WebApp:477 - Direct internet connection detected
2026-03-13 13:30:13,195 [WARN] PackLoader:240 - Cannot read IP mode file for STMicroelectronics.X-CUBE-AZRTOS-G4.2.0.0
2026-03-13 13:30:13,229 [WARN] PackLoader:240 - Cannot read IP mode file for wolfSSL.I-CUBE-wolfSSH.1.4.20
2026-03-13 13:30:13,259 [WARN] PackLoader:240 - Cannot read IP mode file for STMicroelectronics.X-CUBE-NFC7.2.0.0
2026-03-13 13:30:13,288 [WARN] PackLoader:240 - Cannot read IP mode file for STMicroelectronics.X-CUBE-ALS.1.0.2
2026-03-13 13:30:13,325 [INFO] WebApp:880 - Register for checkConnection events
2026-03-13 13:30:13,325 [INFO] WebApp:449 - Apply proxy settings
2026-03-13 13:30:13,326 [INFO] WebApp:534 - Chromium requires no authentication
2026-03-13 13:30:13,327 [INFO] WebApp:477 - Direct internet connection detected
2026-03-13 13:30:13,327 [WARN] PackLoader:240 - Cannot read IP mode file for STMicroelectronics.X-CUBE-TOF1.3.4.3
2026-03-13 13:30:13,342 [INFO] ThirdParty:978 - Integrity check success = true
2026-03-13 13:30:13,342 [INFO] IntegrityCheckThread:100 - exiting critical section [integrity check]
2026-03-13 13:30:13,342 [INFO] IntegrityCheckThread:103 - End integrity checks thread
2026-03-13 13:30:13,443 [INFO] WebApp:187 - Connection restablished
2026-03-13 13:30:13,828 [INFO] WebApp:221 - Starting web application
2026-03-13 13:30:13,828 [INFO] WebApp:579 - Web application path used C:\ST\STM32CubeIDE_1.17.0\STM32CubeIDE\plugins\com.st.stm32cube.common.mx_6.13.0.202411220809\db\plugins\mcufinder\reactClient1\index.html
2026-03-13 13:31:25,198 [ERROR] LogOutputStream:75 - [STDERR_REDIRECT] 
2026-03-13 13:31:25,202 [ERROR] LogOutputStream:75 - [STDERR_REDIRECT] 
