2026-03-17 13:27:21,594 [INFO] Activator:176 - 


2026-03-17 13:27:21,601 [INFO] Activator:177 - !SESSION log4j initialized
2026-03-17 13:27:31,156 [INFO] LogOutputStream:77 - [STDOUT_REDIRECT] 
2026-03-17 13:27:36,175 [INFO] ApplicationProperties:184 - Using Application install path: C:\ST\STM32CubeIDE_1.17.0\STM32CubeIDE\plugins\com.st.stm32cube.common.mx_6.13.0.202411220809
2026-03-17 13:27:36,206 [INFO] DbMcusXml:78 - Set database path to: C:\ST\STM32CubeIDE_1.17.0\STM32CubeIDE\plugins\com.st.stm32cube.common.mx_6.13.0.202411220809\\db\/mcu/
2026-03-17 13:27:36,207 [INFO] ApiDb:274 - Set plugin database path to: C:\ST\STM32CubeIDE_1.17.0\STM32CubeIDE\plugins\com.st.stm32cube.common.mx_6.13.0.202411220809\\db\/plugins/boardmanager/
2026-03-17 13:27:36,208 [WARN] ApiDb:259 - Overriding images path with different value:  => C:\ST\STM32CubeIDE_1.17.0\STM32CubeIDE\plugins\com.st.stm32cube.common.mx_6.13.0.202411220809\\db\/plugins/mcufinder/images/
2026-03-17 13:27:36,237 [INFO] ApiDb:250 - Set database path to: C:\Users\ADMIN\.stmcufinder\plugins\mcufinder//mcu/
2026-03-17 13:27:36,240 [INFO] DbMcusAds:125 - Set database path to: C:\Users\ADMIN\.stmcufinder\plugins\mcufinder//mcu/
2026-03-17 13:27:36,244 [INFO] CrossReferenceDbSqlite:203 - Set database path to: C:\Users\ADMIN\.stmcufinder\plugins\mcufinder//mcu/cs/
2026-03-17 13:27:36,461 [INFO] RulesReader:64 - Compatibility file has been processed (297 Rules)
2026-03-17 13:27:36,620 [INFO] DbMcusXml:78 - Set database path to: C:\ST\STM32CubeIDE_1.17.0\STM32CubeIDE\plugins\com.st.stm32cube.common.mx_6.13.0.202411220809\\db\/mcu/
2026-03-17 13:27:36,620 [INFO] ApiDb:274 - Set plugin database path to: C:\ST\STM32CubeIDE_1.17.0\STM32CubeIDE\plugins\com.st.stm32cube.common.mx_6.13.0.202411220809\\db\/plugins/boardmanager/
2026-03-17 13:27:36,620 [INFO] ApiDb:261 - Set plugin images path to: C:\ST\STM32CubeIDE_1.17.0\STM32CubeIDE\plugins\com.st.stm32cube.common.mx_6.13.0.202411220809\\db\/plugins/mcufinder/images/
2026-03-17 13:27:36,621 [WARN] DbFile:41 - Overriding database path with different value: C:\Users\ADMIN\.stmcufinder\plugins\mcufinder/ => C:\Users\ADMIN\.stmcufinder\plugins\mcufinder
2026-03-17 13:27:36,621 [INFO] ApiDb:250 - Set database path to: C:\Users\ADMIN\.stmcufinder\plugins\mcufinder//mcu/
2026-03-17 13:27:36,621 [WARN] DbFile:41 - Overriding database path with different value: C:\Users\ADMIN\.stmcufinder\plugins\mcufinder/ => C:\Users\ADMIN\.stmcufinder\plugins\mcufinder
2026-03-17 13:27:36,622 [INFO] DbMcusAds:125 - Set database path to: C:\Users\ADMIN\.stmcufinder\plugins\mcufinder//mcu/
2026-03-17 13:27:36,622 [WARN] DbFile:41 - Overriding database path with different value: C:\Users\ADMIN\.stmcufinder\plugins\mcufinder/ => C:\Users\ADMIN\.stmcufinder\plugins\mcufinder
2026-03-17 13:27:36,622 [WARN] DbFile:41 - Overriding database path with different value: C:\Users\ADMIN\.stmcufinder\plugins\mcufinder/ => C:\Users\ADMIN\.stmcufinder\plugins\mcufinder
2026-03-17 13:27:36,622 [INFO] CrossReferenceDbSqlite:203 - Set database path to: C:\Users\ADMIN\.stmcufinder\plugins\mcufinder//mcu/cs/
2026-03-17 13:27:36,772 [INFO] MainPanel:272 - HeapMemory: 268435456
2026-03-17 13:27:36,980 [INFO] DbMcusXml:78 - Set database path to: C:\ST\STM32CubeIDE_1.17.0\STM32CubeIDE\plugins\com.st.stm32cube.common.mx_6.13.0.202411220809\\db\/mcu/
2026-03-17 13:27:36,981 [INFO] ApiDb:274 - Set plugin database path to: C:\ST\STM32CubeIDE_1.17.0\STM32CubeIDE\plugins\com.st.stm32cube.common.mx_6.13.0.202411220809\\db\/plugins/boardmanager/
2026-03-17 13:27:36,981 [INFO] ApiDb:261 - Set plugin images path to: C:\ST\STM32CubeIDE_1.17.0\STM32CubeIDE\plugins\com.st.stm32cube.common.mx_6.13.0.202411220809\\db\/plugins/mcufinder/images/
2026-03-17 13:27:36,982 [WARN] DbFile:41 - Overriding database path with different value: C:\Users\ADMIN\.stmcufinder\plugins\mcufinder/ => C:\Users\ADMIN\.stmcufinder\plugins\mcufinder
2026-03-17 13:27:36,982 [INFO] ApiDb:250 - Set database path to: C:\Users\ADMIN\.stmcufinder\plugins\mcufinder//mcu/
2026-03-17 13:27:36,982 [WARN] DbFile:41 - Overriding database path with different value: C:\Users\ADMIN\.stmcufinder\plugins\mcufinder/ => C:\Users\ADMIN\.stmcufinder\plugins\mcufinder
2026-03-17 13:27:36,982 [INFO] DbMcusAds:125 - Set database path to: C:\Users\ADMIN\.stmcufinder\plugins\mcufinder//mcu/
2026-03-17 13:27:36,982 [WARN] DbFile:41 - Overriding database path with different value: C:\Users\ADMIN\.stmcufinder\plugins\mcufinder/ => C:\Users\ADMIN\.stmcufinder\plugins\mcufinder
2026-03-17 13:27:36,983 [WARN] DbFile:41 - Overriding database path with different value: C:\Users\ADMIN\.stmcufinder\plugins\mcufinder/ => C:\Users\ADMIN\.stmcufinder\plugins\mcufinder
2026-03-17 13:27:36,983 [INFO] CrossReferenceDbSqlite:203 - Set database path to: C:\Users\ADMIN\.stmcufinder\plugins\mcufinder//mcu/cs/
2026-03-17 13:27:37,018 [INFO] ApplicationProperties:184 - Using Application install path: C:\ST\STM32CubeIDE_1.17.0\STM32CubeIDE\plugins\com.st.stm32cube.common.mx_6.13.0.202411220809
2026-03-17 13:27:37,020 [INFO] PluginManage:196 - Search for loadable plugins [exclusion list=, ]
2026-03-17 13:27:37,023 [INFO] PluginManage:310 - Check plugin analytics
2026-03-17 13:27:37,384 [INFO] AnalyticsPlugin:253 - Accepted Software Licenses: STM32CubeMX.6.16.1
2026-03-17 13:27:37,384 [INFO] AnalyticsPlugin:255 - Accepted CMSIS Pack Licenses: 
2026-03-17 13:27:37,384 [INFO] AnalyticsPlugin:257 - Accepted Firmware Licenses: 
2026-03-17 13:27:37,390 [INFO] PluginManage:359 - Loaded plugin analytics (category:tool,tabindex:-1)
2026-03-17 13:27:37,391 [INFO] PluginManage:310 - Check plugin cadmodel
2026-03-17 13:27:37,421 [INFO] CADModel:105 - Init CAD model plugin
2026-03-17 13:27:37,421 [INFO] PluginManage:359 - Loaded plugin cadmodel (category:power,tabindex:5)
2026-03-17 13:27:37,423 [INFO] PluginManage:310 - Check plugin clock
2026-03-17 13:27:37,455 [INFO] PluginManage:359 - Loaded plugin clock (category:base,tabindex:2)
2026-03-17 13:27:37,455 [INFO] PluginManage:310 - Check plugin ddr
2026-03-17 13:27:37,459 [INFO] PluginManage:359 - Loaded plugin ddr (category:tool,tabindex:6)
2026-03-17 13:27:37,460 [INFO] PluginManage:310 - Check plugin filemanager
2026-03-17 13:27:37,470 [ERROR] ConfigurationRetriever:142 - IOException on connection: Read timed out
2026-03-17 13:27:37,717 [INFO] PluginManage:359 - Loaded plugin filemanager (category:base,tabindex:10)
2026-03-17 13:27:37,717 [INFO] PluginManage:310 - Check plugin ipmanager
2026-03-17 13:27:37,731 [INFO] PluginManage:359 - Loaded plugin ipmanager (category:base,tabindex:5)
2026-03-17 13:27:37,731 [INFO] PluginManage:310 - Check plugin lpbam
2026-03-17 13:27:37,764 [INFO] PluginManage:359 - Loaded plugin lpbam (category:base,tabindex:0)
2026-03-17 13:27:37,765 [INFO] PluginManage:310 - Check plugin memorymap
2026-03-17 13:27:37,808 [INFO] PluginManage:359 - Loaded plugin memorymap (category:base,tabindex:4)
2026-03-17 13:27:37,809 [INFO] PluginManage:310 - Check plugin pinoutandconfiguration
2026-03-17 13:27:37,843 [INFO] PluginManage:359 - Loaded plugin pinoutandconfiguration (category:base,tabindex:1)
2026-03-17 13:27:37,844 [INFO] PluginManage:310 - Check plugin pinoutconfig
2026-03-17 13:27:38,021 [WARN] SupportedApi:132 - Cannot load RTOS API schema: s4s-elt-must-match.1: The content of 'definitions' must match (annotation?, (simpleType | complexType)?, (unique | key | keyref)*)). A problem was found starting at: attribute.
2026-03-17 13:27:38,291 [INFO] PluginManage:359 - Loaded plugin pinoutconfig (category:base,tabindex:0)
2026-03-17 13:27:38,291 [INFO] PluginManage:310 - Check plugin power
2026-03-17 13:27:38,328 [INFO] PluginManage:359 - Loaded plugin power (category:power,tabindex:4)
2026-03-17 13:27:38,328 [INFO] PluginManage:310 - Check plugin projectmanager
2026-03-17 13:27:38,359 [INFO] PluginManage:359 - Loaded plugin projectmanager (category:projectmanager,tabindex:4)
2026-03-17 13:27:38,359 [INFO] PluginManage:310 - Check plugin rif
2026-03-17 13:27:38,393 [INFO] PluginManage:359 - Loaded plugin rif (category:base,tabindex:3)
2026-03-17 13:27:38,393 [INFO] PluginManage:310 - Check plugin thirdparty
2026-03-17 13:27:38,918 [WARN] IntegrityCheckThread:84 - waiting for thirdparty lock release [integrity check]
2026-03-17 13:27:38,919 [INFO] PluginManage:359 - Loaded plugin thirdparty (category:base,tabindex:-1)
2026-03-17 13:27:38,919 [INFO] IntegrityCheckThread:86 - entering critical section [integrity check]
2026-03-17 13:27:38,919 [INFO] PluginManage:310 - Check plugin tools
2026-03-17 13:27:38,919 [INFO] ThirdPartyUpdaterWithRetryManager:70 - Updater plugin not ready yet. [1/15]
2026-03-17 13:27:38,995 [INFO] PluginManage:359 - Loaded plugin tools (category:base,tabindex:7)
2026-03-17 13:27:38,996 [INFO] PluginManage:310 - Check plugin tutovideos
2026-03-17 13:27:39,472 [ERROR] ConfigurationRetriever:142 - IOException on connection: Connect timed out
2026-03-17 13:27:39,514 [INFO] PluginManage:359 - Loaded plugin tutovideos (category:base,tabindex:-1)
2026-03-17 13:27:39,514 [INFO] PluginManage:310 - Check plugin updater
2026-03-17 13:27:39,559 [INFO] PluginManage:359 - Loaded plugin updater (category:base,tabindex:12)
2026-03-17 13:27:39,559 [INFO] PluginManage:310 - Check plugin userauth
2026-03-17 13:27:39,573 [INFO] UserAuth:118 - Init User Auth plugin
2026-03-17 13:27:39,575 [INFO] PluginManage:359 - Loaded plugin userauth (category:base,tabindex:14)
2026-03-17 13:27:39,577 [INFO] PluginManage:283 - PluginManage : Loaded plugins [18]
2026-03-17 13:27:40,203 [INFO] PinOutPanel:1589 - setPackage(No Configuration,No Configuration)
2026-03-17 13:27:40,407 [INFO] CADModel:165 - CPN selected for project level
2026-03-17 13:27:40,407 [INFO] CADModel:114 - Register for checkConnection events
2026-03-17 13:27:40,493 [INFO] IPUIPlugin:80 - create IPUIPlugin
2026-03-17 13:27:40,493 [INFO] PluginManager:220 - loadIPPluginJar : add adc
2026-03-17 13:27:40,625 [INFO] IPUIPlugin:80 - create IPUIPlugin
2026-03-17 13:27:40,626 [INFO] PluginManager:220 - loadIPPluginJar : add aes
2026-03-17 13:27:40,748 [INFO] IPUIPlugin:80 - create IPUIPlugin
2026-03-17 13:27:40,749 [INFO] PluginManager:220 - loadIPPluginJar : add can
2026-03-17 13:27:40,829 [INFO] IPUIPlugin:80 - create IPUIPlugin
2026-03-17 13:27:40,829 [INFO] PluginManager:220 - loadIPPluginJar : add comp
2026-03-17 13:27:40,920 [INFO] IPUIPlugin:80 - create IPUIPlugin
2026-03-17 13:27:40,920 [INFO] PluginManager:220 - loadIPPluginJar : add cryp
2026-03-17 13:27:40,948 [INFO] IPUIPlugin:80 - create IPUIPlugin
2026-03-17 13:27:40,948 [INFO] PluginManager:220 - loadIPPluginJar : add ddr_ctrl_phy
2026-03-17 13:27:41,024 [INFO] IPUIPlugin:80 - create IPUIPlugin
2026-03-17 13:27:41,025 [INFO] PluginManager:220 - loadIPPluginJar : add dfsdm
