2026-03-16 15:21:55,171 [INFO] Activator:176 - 


2026-03-16 15:21:55,217 [INFO] Activator:177 - !SESSION log4j initialized
2026-03-16 15:22:04,263 [INFO] LogOutputStream:77 - [STDOUT_REDIRECT] 
2026-03-16 15:22:07,370 [ERROR] ConfigurationRetriever:142 - IOException on connection: Connect timed out
2026-03-16 15:22:08,051 [INFO] ApplicationProperties:184 - Using Application install path: C:\ST\STM32CubeIDE_1.17.0\STM32CubeIDE\plugins\com.st.stm32cube.common.mx_6.13.0.202411220809
2026-03-16 15:22:08,073 [INFO] DbMcusXml:78 - Set database path to: C:\ST\STM32CubeIDE_1.17.0\STM32CubeIDE\plugins\com.st.stm32cube.common.mx_6.13.0.202411220809\\db\/mcu/
2026-03-16 15:22:08,074 [INFO] ApiDb:274 - Set plugin database path to: C:\ST\STM32CubeIDE_1.17.0\STM32CubeIDE\plugins\com.st.stm32cube.common.mx_6.13.0.202411220809\\db\/plugins/boardmanager/
2026-03-16 15:22:08,075 [WARN] ApiDb:259 - Overriding images path with different value:  => C:\ST\STM32CubeIDE_1.17.0\STM32CubeIDE\plugins\com.st.stm32cube.common.mx_6.13.0.202411220809\\db\/plugins/mcufinder/images/
2026-03-16 15:22:08,082 [INFO] ApiDb:250 - Set database path to: C:\Users\ADMIN\.stmcufinder\plugins\mcufinder//mcu/
2026-03-16 15:22:08,083 [INFO] DbMcusAds:125 - Set database path to: C:\Users\ADMIN\.stmcufinder\plugins\mcufinder//mcu/
2026-03-16 15:22:08,087 [INFO] CrossReferenceDbSqlite:203 - Set database path to: C:\Users\ADMIN\.stmcufinder\plugins\mcufinder//mcu/cs/
2026-03-16 15:22:08,233 [INFO] RulesReader:64 - Compatibility file has been processed (297 Rules)
2026-03-16 15:22:08,392 [INFO] DbMcusXml:78 - Set database path to: C:\ST\STM32CubeIDE_1.17.0\STM32CubeIDE\plugins\com.st.stm32cube.common.mx_6.13.0.202411220809\\db\/mcu/
2026-03-16 15:22:08,392 [INFO] ApiDb:274 - Set plugin database path to: C:\ST\STM32CubeIDE_1.17.0\STM32CubeIDE\plugins\com.st.stm32cube.common.mx_6.13.0.202411220809\\db\/plugins/boardmanager/
2026-03-16 15:22:08,392 [INFO] ApiDb:261 - Set plugin images path to: C:\ST\STM32CubeIDE_1.17.0\STM32CubeIDE\plugins\com.st.stm32cube.common.mx_6.13.0.202411220809\\db\/plugins/mcufinder/images/
2026-03-16 15:22:08,392 [WARN] DbFile:41 - Overriding database path with different value: C:\Users\ADMIN\.stmcufinder\plugins\mcufinder/ => C:\Users\ADMIN\.stmcufinder\plugins\mcufinder
2026-03-16 15:22:08,393 [INFO] ApiDb:250 - Set database path to: C:\Users\ADMIN\.stmcufinder\plugins\mcufinder//mcu/
2026-03-16 15:22:08,393 [WARN] DbFile:41 - Overriding database path with different value: C:\Users\ADMIN\.stmcufinder\plugins\mcufinder/ => C:\Users\ADMIN\.stmcufinder\plugins\mcufinder
2026-03-16 15:22:08,393 [INFO] DbMcusAds:125 - Set database path to: C:\Users\ADMIN\.stmcufinder\plugins\mcufinder//mcu/
2026-03-16 15:22:08,393 [WARN] DbFile:41 - Overriding database path with different value: C:\Users\ADMIN\.stmcufinder\plugins\mcufinder/ => C:\Users\ADMIN\.stmcufinder\plugins\mcufinder
2026-03-16 15:22:08,393 [WARN] DbFile:41 - Overriding database path with different value: C:\Users\ADMIN\.stmcufinder\plugins\mcufinder/ => C:\Users\ADMIN\.stmcufinder\plugins\mcufinder
2026-03-16 15:22:08,393 [INFO] CrossReferenceDbSqlite:203 - Set database path to: C:\Users\ADMIN\.stmcufinder\plugins\mcufinder//mcu/cs/
2026-03-16 15:22:08,495 [INFO] MainPanel:272 - HeapMemory: 268435456
2026-03-16 15:22:08,602 [INFO] DbMcusXml:78 - Set database path to: C:\ST\STM32CubeIDE_1.17.0\STM32CubeIDE\plugins\com.st.stm32cube.common.mx_6.13.0.202411220809\\db\/mcu/
2026-03-16 15:22:08,602 [INFO] ApiDb:274 - Set plugin database path to: C:\ST\STM32CubeIDE_1.17.0\STM32CubeIDE\plugins\com.st.stm32cube.common.mx_6.13.0.202411220809\\db\/plugins/boardmanager/
2026-03-16 15:22:08,602 [INFO] ApiDb:261 - Set plugin images path to: C:\ST\STM32CubeIDE_1.17.0\STM32CubeIDE\plugins\com.st.stm32cube.common.mx_6.13.0.202411220809\\db\/plugins/mcufinder/images/
2026-03-16 15:22:08,602 [WARN] DbFile:41 - Overriding database path with different value: C:\Users\ADMIN\.stmcufinder\plugins\mcufinder/ => C:\Users\ADMIN\.stmcufinder\plugins\mcufinder
2026-03-16 15:22:08,602 [INFO] ApiDb:250 - Set database path to: C:\Users\ADMIN\.stmcufinder\plugins\mcufinder//mcu/
2026-03-16 15:22:08,602 [WARN] DbFile:41 - Overriding database path with different value: C:\Users\ADMIN\.stmcufinder\plugins\mcufinder/ => C:\Users\ADMIN\.stmcufinder\plugins\mcufinder
2026-03-16 15:22:08,602 [INFO] DbMcusAds:125 - Set database path to: C:\Users\ADMIN\.stmcufinder\plugins\mcufinder//mcu/
2026-03-16 15:22:08,604 [WARN] DbFile:41 - Overriding database path with different value: C:\Users\ADMIN\.stmcufinder\plugins\mcufinder/ => C:\Users\ADMIN\.stmcufinder\plugins\mcufinder
2026-03-16 15:22:08,604 [WARN] DbFile:41 - Overriding database path with different value: C:\Users\ADMIN\.stmcufinder\plugins\mcufinder/ => C:\Users\ADMIN\.stmcufinder\plugins\mcufinder
2026-03-16 15:22:08,604 [INFO] CrossReferenceDbSqlite:203 - Set database path to: C:\Users\ADMIN\.stmcufinder\plugins\mcufinder//mcu/cs/
2026-03-16 15:22:08,668 [INFO] ApplicationProperties:184 - Using Application install path: C:\ST\STM32CubeIDE_1.17.0\STM32CubeIDE\plugins\com.st.stm32cube.common.mx_6.13.0.202411220809
2026-03-16 15:22:08,672 [INFO] PluginManage:196 - Search for loadable plugins [exclusion list=, ]
2026-03-16 15:22:08,674 [INFO] PluginManage:310 - Check plugin analytics
2026-03-16 15:22:08,892 [INFO] AnalyticsPlugin:253 - Accepted Software Licenses: STM32CubeMX.6.16.1
2026-03-16 15:22:08,892 [INFO] AnalyticsPlugin:255 - Accepted CMSIS Pack Licenses: 
2026-03-16 15:22:08,892 [INFO] AnalyticsPlugin:257 - Accepted Firmware Licenses: 
2026-03-16 15:22:08,896 [INFO] PluginManage:359 - Loaded plugin analytics (category:tool,tabindex:-1)
2026-03-16 15:22:08,897 [INFO] PluginManage:310 - Check plugin cadmodel
2026-03-16 15:22:08,902 [INFO] CADModel:105 - Init CAD model plugin
2026-03-16 15:22:08,902 [INFO] PluginManage:359 - Loaded plugin cadmodel (category:power,tabindex:5)
2026-03-16 15:22:08,903 [INFO] PluginManage:310 - Check plugin clock
2026-03-16 15:22:08,916 [INFO] PluginManage:359 - Loaded plugin clock (category:base,tabindex:2)
2026-03-16 15:22:08,916 [INFO] PluginManage:310 - Check plugin ddr
2026-03-16 15:22:08,920 [INFO] PluginManage:359 - Loaded plugin ddr (category:tool,tabindex:6)
2026-03-16 15:22:08,920 [INFO] PluginManage:310 - Check plugin filemanager
2026-03-16 15:22:09,135 [INFO] PluginManage:359 - Loaded plugin filemanager (category:base,tabindex:10)
2026-03-16 15:22:09,135 [INFO] PluginManage:310 - Check plugin ipmanager
2026-03-16 15:22:09,144 [INFO] PluginManage:359 - Loaded plugin ipmanager (category:base,tabindex:5)
2026-03-16 15:22:09,145 [INFO] PluginManage:310 - Check plugin lpbam
2026-03-16 15:22:09,157 [INFO] PluginManage:359 - Loaded plugin lpbam (category:base,tabindex:0)
2026-03-16 15:22:09,159 [INFO] PluginManage:310 - Check plugin memorymap
2026-03-16 15:22:09,172 [INFO] PluginManage:359 - Loaded plugin memorymap (category:base,tabindex:4)
2026-03-16 15:22:09,172 [INFO] PluginManage:310 - Check plugin pinoutandconfiguration
2026-03-16 15:22:09,180 [INFO] PluginManage:359 - Loaded plugin pinoutandconfiguration (category:base,tabindex:1)
2026-03-16 15:22:09,180 [INFO] PluginManage:310 - Check plugin pinoutconfig
2026-03-16 15:22:09,298 [WARN] SupportedApi:132 - Cannot load RTOS API schema: s4s-elt-must-match.1: The content of 'definitions' must match (annotation?, (simpleType | complexType)?, (unique | key | keyref)*)). A problem was found starting at: attribute.
2026-03-16 15:22:09,372 [ERROR] ConfigurationRetriever:142 - IOException on connection: Connect timed out
2026-03-16 15:22:09,499 [INFO] PluginManage:359 - Loaded plugin pinoutconfig (category:base,tabindex:0)
2026-03-16 15:22:09,500 [INFO] PluginManage:310 - Check plugin power
2026-03-16 15:22:09,511 [INFO] PluginManage:359 - Loaded plugin power (category:power,tabindex:4)
2026-03-16 15:22:09,511 [INFO] PluginManage:310 - Check plugin projectmanager
2026-03-16 15:22:09,530 [INFO] PluginManage:359 - Loaded plugin projectmanager (category:projectmanager,tabindex:4)
2026-03-16 15:22:09,530 [INFO] PluginManage:310 - Check plugin rif
2026-03-16 15:22:09,538 [INFO] PluginManage:359 - Loaded plugin rif (category:base,tabindex:3)
2026-03-16 15:22:09,538 [INFO] PluginManage:310 - Check plugin thirdparty
2026-03-16 15:22:09,737 [WARN] IntegrityCheckThread:84 - waiting for thirdparty lock release [integrity check]
2026-03-16 15:22:09,738 [INFO] IntegrityCheckThread:86 - entering critical section [integrity check]
2026-03-16 15:22:09,738 [INFO] ThirdPartyUpdaterWithRetryManager:70 - Updater plugin not ready yet. [1/15]
2026-03-16 15:22:09,738 [INFO] PluginManage:359 - Loaded plugin thirdparty (category:base,tabindex:-1)
2026-03-16 15:22:09,738 [INFO] PluginManage:310 - Check plugin tools
2026-03-16 15:22:09,745 [INFO] PluginManage:359 - Loaded plugin tools (category:base,tabindex:7)
2026-03-16 15:22:09,745 [INFO] PluginManage:310 - Check plugin tutovideos
2026-03-16 15:22:09,954 [INFO] PluginManage:359 - Loaded plugin tutovideos (category:base,tabindex:-1)
2026-03-16 15:22:09,954 [INFO] PluginManage:310 - Check plugin updater
2026-03-16 15:22:09,988 [INFO] PluginManage:359 - Loaded plugin updater (category:base,tabindex:12)
2026-03-16 15:22:09,989 [INFO] PluginManage:310 - Check plugin userauth
2026-03-16 15:22:09,996 [INFO] UserAuth:118 - Init User Auth plugin
2026-03-16 15:22:09,998 [INFO] PluginManage:359 - Loaded plugin userauth (category:base,tabindex:14)
2026-03-16 15:22:09,999 [INFO] PluginManage:283 - PluginManage : Loaded plugins [18]
2026-03-16 15:22:10,294 [INFO] PinOutPanel:1589 - setPackage(No Configuration,No Configuration)
2026-03-16 15:22:10,416 [INFO] CADModel:165 - CPN selected for project level
2026-03-16 15:22:10,416 [INFO] CADModel:114 - Register for checkConnection events
2026-03-16 15:22:10,442 [INFO] IPUIPlugin:80 - create IPUIPlugin
2026-03-16 15:22:10,442 [INFO] PluginManager:220 - loadIPPluginJar : add adc
2026-03-16 15:22:10,447 [INFO] IPUIPlugin:80 - create IPUIPlugin
2026-03-16 15:22:10,447 [INFO] PluginManager:220 - loadIPPluginJar : add aes
2026-03-16 15:22:10,451 [INFO] IPUIPlugin:80 - create IPUIPlugin
2026-03-16 15:22:10,451 [INFO] PluginManager:220 - loadIPPluginJar : add can
2026-03-16 15:22:10,454 [INFO] IPUIPlugin:80 - create IPUIPlugin
2026-03-16 15:22:10,454 [INFO] PluginManager:220 - loadIPPluginJar : add comp
2026-03-16 15:22:10,459 [INFO] IPUIPlugin:80 - create IPUIPlugin
2026-03-16 15:22:10,459 [INFO] PluginManager:220 - loadIPPluginJar : add cryp
2026-03-16 15:22:10,464 [INFO] IPUIPlugin:80 - create IPUIPlugin
2026-03-16 15:22:10,464 [INFO] PluginManager:220 - loadIPPluginJar : add ddr_ctrl_phy
2026-03-16 15:22:10,467 [INFO] IPUIPlugin:80 - create IPUIPlugin
2026-03-16 15:22:10,467 [INFO] PluginManager:220 - loadIPPluginJar : add dfsdm
2026-03-16 15:22:10,475 [INFO] IPUIPlugin:80 - create IPUIPlugin
2026-03-16 15:22:10,476 [INFO] PluginManager:220 - loadIPPluginJar : add dma
2026-03-16 15:22:10,481 [INFO] IPUIPlugin:80 - create IPUIPlugin
2026-03-16 15:22:10,482 [INFO] PluginManager:220 - loadIPPluginJar : add dma3
2026-03-16 15:22:10,486 [INFO] IPUIPlugin:80 - create IPUIPlugin
2026-03-16 15:22:10,486 [INFO] PluginManager:220 - loadIPPluginJar : add extmemmanager
2026-03-16 15:22:10,488 [INFO] IPUIPlugin:80 - create IPUIPlugin
2026-03-16 15:22:10,488 [INFO] PluginManager:220 - loadIPPluginJar : add fatfs
2026-03-16 15:22:10,494 [INFO] IPUIPlugin:80 - create IPUIPlugin
2026-03-16 15:22:10,494 [INFO] PluginManager:220 - loadIPPluginJar : add fmc
2026-03-16 15:22:10,502 [INFO] IPUIPlugin:80 - create IPUIPlugin
2026-03-16 15:22:10,502 [INFO] PluginManager:220 - loadIPPluginJar : add freertos
2026-03-16 15:22:10,503 [INFO] IPUIPlugin:80 - create IPUIPlugin
2026-03-16 15:22:10,504 [INFO] PluginManager:220 - loadIPPluginJar : add genericplugin
2026-03-16 15:22:10,506 [INFO] IPUIPlugin:80 - create IPUIPlugin
2026-03-16 15:22:10,506 [INFO] PluginManager:220 - loadIPPluginJar : add gfxmmu
2026-03-16 15:22:10,514 [INFO] IPUIPlugin:80 - create IPUIPlugin
2026-03-16 15:22:10,514 [INFO] PluginManager:220 - loadIPPluginJar : add gic
2026-03-16 15:22:10,577 [INFO] IPUIPlugin:80 - create IPUIPlugin
2026-03-16 15:22:10,577 [INFO] PluginManager:220 - loadIPPluginJar : add gpio
2026-03-16 15:22:10,724 [INFO] IPUIPlugin:80 - create IPUIPlugin
2026-03-16 15:22:10,725 [INFO] PluginManager:220 - loadIPPluginJar : add gtzc
2026-03-16 15:22:10,816 [INFO] IPUIPlugin:80 - create IPUIPlugin
2026-03-16 15:22:10,816 [INFO] PluginManager:220 - loadIPPluginJar : add hash
2026-03-16 15:22:10,896 [INFO] IPUIPlugin:80 - create IPUIPlugin
2026-03-16 15:22:10,897 [INFO] PluginManager:220 - loadIPPluginJar : add i2c
2026-03-16 15:22:10,960 [INFO] IPUIPlugin:80 - create IPUIPlugin
2026-03-16 15:22:10,960 [INFO] PluginManager:220 - loadIPPluginJar : add i2s
2026-03-16 15:22:11,027 [INFO] IPUIPlugin:80 - create IPUIPlugin
2026-03-16 15:22:11,027 [INFO] PluginManager:220 - loadIPPluginJar : add i3c
2026-03-16 15:22:11,182 [INFO] IPUIPlugin:80 - create IPUIPlugin
2026-03-16 15:22:11,182 [INFO] PluginManager:220 - loadIPPluginJar : add ipddr
2026-03-16 15:22:11,370 [INFO] IPUIPlugin:80 - create IPUIPlugin
2026-03-16 15:22:11,370 [INFO] PluginManager:220 - loadIPPluginJar : add linkedlist
2026-03-16 15:22:11,430 [INFO] IPUIPlugin:80 - create IPUIPlugin
2026-03-16 15:22:11,430 [INFO] PluginManager:220 - loadIPPluginJar : add lorawan
2026-03-16 15:22:11,498 [INFO] IPUIPlugin:80 - create IPUIPlugin
2026-03-16 15:22:11,499 [INFO] PluginManager:220 - loadIPPluginJar : add ltdc
2026-03-16 15:22:11,530 [INFO] IPUIPlugin:80 - create IPUIPlugin
2026-03-16 15:22:11,530 [INFO] PluginManager:220 - loadIPPluginJar : add mdma
2026-03-16 15:22:11,551 [INFO] IPUIPlugin:80 - create IPUIPlugin
2026-03-16 15:22:11,552 [INFO] PluginManager:220 - loadIPPluginJar : add nvic
2026-03-16 15:22:11,626 [INFO] IPUIPlugin:80 - create IPUIPlugin
2026-03-16 15:22:11,626 [INFO] PluginManager:220 - loadIPPluginJar : add opamp
2026-03-16 15:22:11,735 [INFO] IPUIPlugin:80 - create IPUIPlugin
2026-03-16 15:22:11,735 [INFO] PluginManager:220 - loadIPPluginJar : add openamp
2026-03-16 15:22:11,807 [INFO] IPUIPlugin:80 - create IPUIPlugin
2026-03-16 15:22:11,807 [INFO] PluginManager:220 - loadIPPluginJar : add pdm2pcm
2026-03-16 15:22:11,829 [INFO] IPUIPlugin:80 - create IPUIPlugin
2026-03-16 15:22:11,832 [INFO] PluginManager:220 - loadIPPluginJar : add plateformsettings
2026-03-16 15:22:11,872 [INFO] IPUIPlugin:80 - create IPUIPlugin
2026-03-16 15:22:11,872 [INFO] PluginManager:220 - loadIPPluginJar : add quadspi
2026-03-16 15:22:11,916 [INFO] IPUIPlugin:80 - create IPUIPlugin
2026-03-16 15:22:11,917 [INFO] PluginManager:220 - loadIPPluginJar : add radio
2026-03-16 15:22:11,938 [INFO] IPUIPlugin:80 - create IPUIPlugin
2026-03-16 15:22:11,938 [INFO] PluginManager:220 - loadIPPluginJar : add resmgrutility
2026-03-16 15:22:12,017 [INFO] IPUIPlugin:80 - create IPUIPlugin
2026-03-16 15:22:12,017 [INFO] PluginManager:220 - loadIPPluginJar : add sai
2026-03-16 15:22:12,078 [INFO] IPUIPlugin:80 - create IPUIPlugin
2026-03-16 15:22:12,078 [INFO] PluginManager:220 - loadIPPluginJar : add spi
2026-03-16 15:22:12,179 [INFO] IPUIPlugin:80 - create IPUIPlugin
2026-03-16 15:22:12,179 [INFO] PluginManager:220 - loadIPPluginJar : add stm32_wpan
2026-03-16 15:22:12,220 [INFO] IPUIPlugin:80 - create IPUIPlugin
2026-03-16 15:22:12,220 [INFO] PluginManager:220 - loadIPPluginJar : add tim
2026-03-16 15:22:12,319 [INFO] IPUIPlugin:80 - create IPUIPlugin
2026-03-16 15:22:12,319 [INFO] PluginManager:220 - loadIPPluginJar : add touchsensing
2026-03-16 15:22:12,357 [INFO] IPUIPlugin:80 - create IPUIPlugin
2026-03-16 15:22:12,357 [INFO] PluginManager:220 - loadIPPluginJar : add tracer_emb
2026-03-16 15:22:12,401 [INFO] IPUIPlugin:80 - create IPUIPlugin
2026-03-16 15:22:12,402 [INFO] PluginManager:220 - loadIPPluginJar : add ts
2026-03-16 15:22:12,449 [INFO] IPUIPlugin:80 - create IPUIPlugin
2026-03-16 15:22:12,449 [INFO] PluginManager:220 - loadIPPluginJar : add tsc
2026-03-16 15:22:12,485 [INFO] IPUIPlugin:80 - create IPUIPlugin
2026-03-16 15:22:12,485 [INFO] PluginManager:220 - loadIPPluginJar : add ucpd
2026-03-16 15:22:12,562 [INFO] IPUIPlugin:80 - create IPUIPlugin
2026-03-16 15:22:12,563 [INFO] PluginManager:220 - loadIPPluginJar : add usart
2026-03-16 15:22:12,633 [INFO] IPUIPlugin:80 - create IPUIPlugin
2026-03-16 15:22:12,633 [INFO] PluginManager:220 - loadIPPluginJar : add usbx
2026-03-16 15:22:12,739 [INFO] ThirdPartyUpdaterWithRetryManager:70 - Updater plugin not ready yet. [2/15]
2026-03-16 15:22:12,791 [FATAL] Updater:351 - Updater called before beeing initialized
2026-03-16 15:22:12,829 [INFO] RulesReader:64 - Compatibility file has been processed (297 Rules)
2026-03-16 15:22:12,844 [INFO] RulesReader:64 - Compatibility file has been processed (297 Rules)
2026-03-16 15:22:12,860 [INFO] CADModel:165 - CPN selected for project level
2026-03-16 15:22:12,860 [INFO] CADModel:114 - Register for checkConnection events
2026-03-16 15:22:12,861 [FATAL] Updater:351 - Updater called before beeing initialized
2026-03-16 15:22:12,861 [ERROR] CADModel:125 - Updater not yet initialized, retry later 
2026-03-16 15:22:13,119 [FATAL] Updater:351 - Updater called before beeing initialized
2026-03-16 15:22:13,122 [INFO] CADModel:165 - CPN selected for project level
2026-03-16 15:22:13,122 [INFO] CADModel:114 - Register for checkConnection events
2026-03-16 15:22:13,122 [FATAL] Updater:351 - Updater called before beeing initialized
2026-03-16 15:22:13,122 [ERROR] CADModel:125 - Updater not yet initialized, retry later 
2026-03-16 15:22:13,127 [FATAL] Updater:351 - Updater called before beeing initialized
2026-03-16 15:22:13,277 [FATAL] Updater:351 - Updater called before beeing initialized
2026-03-16 15:22:13,295 [INFO] DbMcusAds:53 - JSON generation date=Thu Mar 05 21:32:53 ICT 2026 (1772721173050)
2026-03-16 15:22:13,295 [FATAL] Updater:351 - Updater called before beeing initialized
2026-03-16 15:22:13,351 [WARN] DetailPanel:346 - Failed to get advertising image, set to default
2026-03-16 15:22:13,629 [FATAL] Updater:351 - Updater called before beeing initialized
2026-03-16 15:22:13,631 [FATAL] Updater:351 - Updater called before beeing initialized
2026-03-16 15:22:13,631 [FATAL] Updater:351 - Updater called before beeing initialized
2026-03-16 15:22:13,632 [WARN] DetailPanel:346 - Failed to get advertising image, set to default
2026-03-16 15:22:13,632 [FATAL] Updater:351 - Updater called before beeing initialized
2026-03-16 15:22:13,716 [ERROR] Updater:1198 - MainUpdater not yet initialized. External WinMGr cannot be set.
2026-03-16 15:22:13,732 [INFO] Updater:1134 - Updater Version found : 6.13.0
2026-03-16 15:22:13,763 [INFO] ApplicationProperties:184 - Using Application install path: C:\ST\STM32CubeIDE_1.17.0\STM32CubeIDE\plugins\com.st.stm32cube.common.mx_6.13.0.202411220809
2026-03-16 15:22:15,402 [ERROR] LogOutputStream:75 - [STDERR_REDIRECT] Mar 16, 2026 3:22:15 PM java.util.prefs.WindowsPreferences <init>
2026-03-16 15:22:15,405 [ERROR] LogOutputStream:75 - [STDERR_REDIRECT] WARNING: Could not open/create prefs root node Software\JavaSoft\Prefs at root 0xffffffff80000002. Windows RegCreateKeyEx(...) returned error code 5.
2026-03-16 15:22:15,406 [ERROR] LogOutputStream:75 - [STDERR_REDIRECT] 
2026-03-16 15:22:15,739 [FATAL] Updater:351 - Updater called before beeing initialized
2026-03-16 15:22:15,743 [ERROR] IntegrityCheckThread:130 - Cannot retrieve database content from updater: error 21
2026-03-16 15:22:15,744 [INFO] ThirdParty:978 - Integrity check success = false
2026-03-16 15:22:15,744 [INFO] IntegrityCheckThread:100 - exiting critical section [integrity check]
2026-03-16 15:22:15,744 [INFO] IntegrityCheckThread:103 - End integrity checks thread
2026-03-16 15:22:16,929 [INFO] MainUpdater:2872 - connection check result : 10
2026-03-16 15:22:16,931 [INFO] MainUpdater:289 - Updater Check For Update Now.
2026-03-16 15:22:16,931 [INFO] MicroXplorer:498 - Change Database Version : DB.6.0.130
2026-03-16 15:22:17,022 [INFO] McuFinderGlobals:63 - Set McuFinder mode to 2 (CubeIDE integrated)
2026-03-16 15:22:17,022 [INFO] UserAuth:171 - activating auth plugin
2026-03-16 15:22:17,030 [INFO] UserAuth:486 - Internet connection configuration mode: 1
2026-03-16 15:22:17,111 [INFO] JxBrowserEngine:152 - Initiate JxBrowser Engine with user profile folder
2026-03-16 15:22:17,311 [INFO] CheckServerUpdateThread:120 - End of CheckServer Thread
2026-03-16 15:22:19,016 [INFO] WebApp:168 - Instantiating new browser for Auth
2026-03-16 15:22:20,243 [INFO] WebApp:449 - Apply proxy settings
2026-03-16 15:22:20,244 [INFO] WebApp:534 - Chromium requires no authentication
2026-03-16 15:22:20,262 [INFO] WebApp:477 - Direct internet connection detected
2026-03-16 15:22:20,306 [INFO] WebApp:880 - Register for checkConnection events
2026-03-16 15:22:20,307 [INFO] WebApp:449 - Apply proxy settings
2026-03-16 15:22:20,307 [INFO] WebApp:534 - Chromium requires no authentication
2026-03-16 15:22:20,308 [INFO] WebApp:477 - Direct internet connection detected
2026-03-16 15:22:20,666 [INFO] WebApp:221 - Starting web application
2026-03-16 15:22:20,666 [INFO] WebApp:579 - Web application path used C:\ST\STM32CubeIDE_1.17.0\STM32CubeIDE\plugins\com.st.stm32cube.common.mx_6.13.0.202411220809\db\plugins\mcufinder\reactClient1\index.html
2026-03-16 15:22:24,082 [INFO] WebApp:187 - Connection restablished
2026-03-16 15:22:27,382 [ERROR] LogOutputStream:75 - [STDERR_REDIRECT] 
2026-03-16 15:22:27,383 [ERROR] LogOutputStream:75 - [STDERR_REDIRECT] 
