2026-03-28 07:14:22,826 [INFO] Activator:176 - 


2026-03-28 07:14:22,832 [INFO] Activator:177 - !SESSION log4j initialized
2026-03-28 07:14:29,772 [INFO] LogOutputStream:77 - [STDOUT_REDIRECT] 
2026-03-28 07:14:30,126 [ERROR] ConfigurationRetriever:142 - IOException on connection: sw-center.st.com
2026-03-28 07:14:30,128 [ERROR] ConfigurationRetriever:142 - IOException on connection: sw-center.st.com
2026-03-28 07:14:30,129 [ERROR] ConfigurationRetriever:142 - IOException on connection: sw-center.st.com
2026-03-28 07:14:37,995 [INFO] ApplicationProperties:184 - Using Application install path: C:\ST\STM32CubeIDE_1.17.0\STM32CubeIDE\plugins\com.st.stm32cube.common.mx_6.13.0.202411220809
2026-03-28 07:14:38,017 [INFO] DbMcusXml:78 - Set database path to: C:\ST\STM32CubeIDE_1.17.0\STM32CubeIDE\plugins\com.st.stm32cube.common.mx_6.13.0.202411220809\\db\/mcu/
2026-03-28 07:14:38,017 [INFO] ApiDb:274 - Set plugin database path to: C:\ST\STM32CubeIDE_1.17.0\STM32CubeIDE\plugins\com.st.stm32cube.common.mx_6.13.0.202411220809\\db\/plugins/boardmanager/
2026-03-28 07:14:38,018 [WARN] ApiDb:259 - Overriding images path with different value:  => C:\ST\STM32CubeIDE_1.17.0\STM32CubeIDE\plugins\com.st.stm32cube.common.mx_6.13.0.202411220809\\db\/plugins/mcufinder/images/
2026-03-28 07:14:38,038 [INFO] ApiDb:250 - Set database path to: C:\Users\ADMIN\.stmcufinder\plugins\mcufinder//mcu/
2026-03-28 07:14:38,040 [INFO] DbMcusAds:125 - Set database path to: C:\Users\ADMIN\.stmcufinder\plugins\mcufinder//mcu/
2026-03-28 07:14:38,043 [INFO] CrossReferenceDbSqlite:203 - Set database path to: C:\Users\ADMIN\.stmcufinder\plugins\mcufinder//mcu/cs/
2026-03-28 07:14:38,197 [INFO] RulesReader:64 - Compatibility file has been processed (297 Rules)
2026-03-28 07:14:38,303 [INFO] DbMcusXml:78 - Set database path to: C:\ST\STM32CubeIDE_1.17.0\STM32CubeIDE\plugins\com.st.stm32cube.common.mx_6.13.0.202411220809\\db\/mcu/
2026-03-28 07:14:38,303 [INFO] ApiDb:274 - Set plugin database path to: C:\ST\STM32CubeIDE_1.17.0\STM32CubeIDE\plugins\com.st.stm32cube.common.mx_6.13.0.202411220809\\db\/plugins/boardmanager/
2026-03-28 07:14:38,304 [INFO] ApiDb:261 - Set plugin images path to: C:\ST\STM32CubeIDE_1.17.0\STM32CubeIDE\plugins\com.st.stm32cube.common.mx_6.13.0.202411220809\\db\/plugins/mcufinder/images/
2026-03-28 07:14:38,304 [WARN] DbFile:41 - Overriding database path with different value: C:\Users\ADMIN\.stmcufinder\plugins\mcufinder/ => C:\Users\ADMIN\.stmcufinder\plugins\mcufinder
2026-03-28 07:14:38,304 [INFO] ApiDb:250 - Set database path to: C:\Users\ADMIN\.stmcufinder\plugins\mcufinder//mcu/
2026-03-28 07:14:38,304 [WARN] DbFile:41 - Overriding database path with different value: C:\Users\ADMIN\.stmcufinder\plugins\mcufinder/ => C:\Users\ADMIN\.stmcufinder\plugins\mcufinder
2026-03-28 07:14:38,304 [INFO] DbMcusAds:125 - Set database path to: C:\Users\ADMIN\.stmcufinder\plugins\mcufinder//mcu/
2026-03-28 07:14:38,304 [WARN] DbFile:41 - Overriding database path with different value: C:\Users\ADMIN\.stmcufinder\plugins\mcufinder/ => C:\Users\ADMIN\.stmcufinder\plugins\mcufinder
2026-03-28 07:14:38,304 [WARN] DbFile:41 - Overriding database path with different value: C:\Users\ADMIN\.stmcufinder\plugins\mcufinder/ => C:\Users\ADMIN\.stmcufinder\plugins\mcufinder
2026-03-28 07:14:38,305 [INFO] CrossReferenceDbSqlite:203 - Set database path to: C:\Users\ADMIN\.stmcufinder\plugins\mcufinder//mcu/cs/
2026-03-28 07:14:38,399 [INFO] MainPanel:272 - HeapMemory: 268435456
2026-03-28 07:14:38,537 [INFO] DbMcusXml:78 - Set database path to: C:\ST\STM32CubeIDE_1.17.0\STM32CubeIDE\plugins\com.st.stm32cube.common.mx_6.13.0.202411220809\\db\/mcu/
2026-03-28 07:14:38,537 [INFO] ApiDb:274 - Set plugin database path to: C:\ST\STM32CubeIDE_1.17.0\STM32CubeIDE\plugins\com.st.stm32cube.common.mx_6.13.0.202411220809\\db\/plugins/boardmanager/
2026-03-28 07:14:38,537 [INFO] ApiDb:261 - Set plugin images path to: C:\ST\STM32CubeIDE_1.17.0\STM32CubeIDE\plugins\com.st.stm32cube.common.mx_6.13.0.202411220809\\db\/plugins/mcufinder/images/
2026-03-28 07:14:38,537 [WARN] DbFile:41 - Overriding database path with different value: C:\Users\ADMIN\.stmcufinder\plugins\mcufinder/ => C:\Users\ADMIN\.stmcufinder\plugins\mcufinder
2026-03-28 07:14:38,538 [INFO] ApiDb:250 - Set database path to: C:\Users\ADMIN\.stmcufinder\plugins\mcufinder//mcu/
2026-03-28 07:14:38,538 [WARN] DbFile:41 - Overriding database path with different value: C:\Users\ADMIN\.stmcufinder\plugins\mcufinder/ => C:\Users\ADMIN\.stmcufinder\plugins\mcufinder
2026-03-28 07:14:38,538 [INFO] DbMcusAds:125 - Set database path to: C:\Users\ADMIN\.stmcufinder\plugins\mcufinder//mcu/
2026-03-28 07:14:38,538 [WARN] DbFile:41 - Overriding database path with different value: C:\Users\ADMIN\.stmcufinder\plugins\mcufinder/ => C:\Users\ADMIN\.stmcufinder\plugins\mcufinder
2026-03-28 07:14:38,538 [WARN] DbFile:41 - Overriding database path with different value: C:\Users\ADMIN\.stmcufinder\plugins\mcufinder/ => C:\Users\ADMIN\.stmcufinder\plugins\mcufinder
2026-03-28 07:14:38,538 [INFO] CrossReferenceDbSqlite:203 - Set database path to: C:\Users\ADMIN\.stmcufinder\plugins\mcufinder//mcu/cs/
2026-03-28 07:14:38,560 [INFO] ApplicationProperties:184 - Using Application install path: C:\ST\STM32CubeIDE_1.17.0\STM32CubeIDE\plugins\com.st.stm32cube.common.mx_6.13.0.202411220809
2026-03-28 07:14:38,562 [INFO] PluginManage:196 - Search for loadable plugins [exclusion list=, ]
2026-03-28 07:14:38,563 [INFO] PluginManage:310 - Check plugin analytics
2026-03-28 07:14:38,756 [INFO] AnalyticsPlugin:253 - Accepted Software Licenses: STM32CubeMX.6.16.1
2026-03-28 07:14:38,756 [INFO] AnalyticsPlugin:255 - Accepted CMSIS Pack Licenses: 
2026-03-28 07:14:38,756 [INFO] AnalyticsPlugin:257 - Accepted Firmware Licenses: 
2026-03-28 07:14:38,759 [INFO] PluginManage:359 - Loaded plugin analytics (category:tool,tabindex:-1)
2026-03-28 07:14:38,759 [ERROR] ConfigurationRetriever:142 - IOException on connection: sw-center.st.com
2026-03-28 07:14:38,760 [ERROR] ConfigurationRetriever:142 - IOException on connection: sw-center.st.com
2026-03-28 07:14:38,760 [INFO] PluginManage:310 - Check plugin cadmodel
2026-03-28 07:14:38,761 [ERROR] ConfigurationRetriever:142 - IOException on connection: sw-center.st.com
2026-03-28 07:14:38,781 [INFO] CADModel:105 - Init CAD model plugin
2026-03-28 07:14:38,781 [INFO] PluginManage:359 - Loaded plugin cadmodel (category:power,tabindex:5)
2026-03-28 07:14:38,781 [INFO] PluginManage:310 - Check plugin clock
2026-03-28 07:14:38,809 [INFO] PluginManage:359 - Loaded plugin clock (category:base,tabindex:2)
2026-03-28 07:14:38,809 [INFO] PluginManage:310 - Check plugin ddr
2026-03-28 07:14:38,813 [INFO] PluginManage:359 - Loaded plugin ddr (category:tool,tabindex:6)
2026-03-28 07:14:38,813 [INFO] PluginManage:310 - Check plugin filemanager
2026-03-28 07:14:38,989 [INFO] PluginManage:359 - Loaded plugin filemanager (category:base,tabindex:10)
2026-03-28 07:14:38,989 [INFO] PluginManage:310 - Check plugin ipmanager
2026-03-28 07:14:38,998 [INFO] PluginManage:359 - Loaded plugin ipmanager (category:base,tabindex:5)
2026-03-28 07:14:38,999 [INFO] PluginManage:310 - Check plugin lpbam
2026-03-28 07:14:39,022 [INFO] PluginManage:359 - Loaded plugin lpbam (category:base,tabindex:0)
2026-03-28 07:14:39,022 [INFO] PluginManage:310 - Check plugin memorymap
2026-03-28 07:14:39,055 [INFO] PluginManage:359 - Loaded plugin memorymap (category:base,tabindex:4)
2026-03-28 07:14:39,055 [INFO] PluginManage:310 - Check plugin pinoutandconfiguration
2026-03-28 07:14:39,079 [INFO] PluginManage:359 - Loaded plugin pinoutandconfiguration (category:base,tabindex:1)
2026-03-28 07:14:39,080 [INFO] PluginManage:310 - Check plugin pinoutconfig
2026-03-28 07:14:39,196 [WARN] SupportedApi:132 - Cannot load RTOS API schema: s4s-elt-must-match.1: The content of 'definitions' must match (annotation?, (simpleType | complexType)?, (unique | key | keyref)*)). A problem was found starting at: attribute.
2026-03-28 07:14:39,373 [INFO] PluginManage:359 - Loaded plugin pinoutconfig (category:base,tabindex:0)
2026-03-28 07:14:39,374 [INFO] PluginManage:310 - Check plugin power
2026-03-28 07:14:39,400 [INFO] PluginManage:359 - Loaded plugin power (category:power,tabindex:4)
2026-03-28 07:14:39,400 [INFO] PluginManage:310 - Check plugin projectmanager
2026-03-28 07:14:39,418 [INFO] PluginManage:359 - Loaded plugin projectmanager (category:projectmanager,tabindex:4)
2026-03-28 07:14:39,419 [INFO] PluginManage:310 - Check plugin rif
2026-03-28 07:14:39,442 [INFO] PluginManage:359 - Loaded plugin rif (category:base,tabindex:3)
2026-03-28 07:14:39,442 [INFO] PluginManage:310 - Check plugin thirdparty
2026-03-28 07:14:39,833 [INFO] PluginManage:359 - Loaded plugin thirdparty (category:base,tabindex:-1)
2026-03-28 07:14:39,833 [WARN] IntegrityCheckThread:84 - waiting for thirdparty lock release [integrity check]
2026-03-28 07:14:39,834 [INFO] PluginManage:310 - Check plugin tools
2026-03-28 07:14:39,834 [INFO] IntegrityCheckThread:86 - entering critical section [integrity check]
2026-03-28 07:14:39,834 [INFO] ThirdPartyUpdaterWithRetryManager:70 - Updater plugin not ready yet. [1/15]
2026-03-28 07:14:39,887 [INFO] PluginManage:359 - Loaded plugin tools (category:base,tabindex:7)
2026-03-28 07:14:39,887 [INFO] PluginManage:310 - Check plugin tutovideos
2026-03-28 07:14:40,116 [INFO] PluginManage:359 - Loaded plugin tutovideos (category:base,tabindex:-1)
2026-03-28 07:14:40,117 [INFO] PluginManage:310 - Check plugin updater
2026-03-28 07:14:40,142 [INFO] PluginManage:359 - Loaded plugin updater (category:base,tabindex:12)
2026-03-28 07:14:40,143 [INFO] PluginManage:310 - Check plugin userauth
2026-03-28 07:14:40,148 [INFO] UserAuth:118 - Init User Auth plugin
2026-03-28 07:14:40,150 [INFO] PluginManage:359 - Loaded plugin userauth (category:base,tabindex:14)
2026-03-28 07:14:40,151 [INFO] PluginManage:283 - PluginManage : Loaded plugins [18]
2026-03-28 07:14:40,409 [INFO] PinOutPanel:1589 - setPackage(No Configuration,No Configuration)
2026-03-28 07:14:40,515 [INFO] CADModel:165 - CPN selected for project level
2026-03-28 07:14:40,515 [INFO] CADModel:114 - Register for checkConnection events
2026-03-28 07:14:40,549 [INFO] IPUIPlugin:80 - create IPUIPlugin
2026-03-28 07:14:40,549 [INFO] PluginManager:220 - loadIPPluginJar : add adc
2026-03-28 07:14:40,601 [INFO] IPUIPlugin:80 - create IPUIPlugin
2026-03-28 07:14:40,601 [INFO] PluginManager:220 - loadIPPluginJar : add aes
2026-03-28 07:14:40,660 [INFO] IPUIPlugin:80 - create IPUIPlugin
2026-03-28 07:14:40,660 [INFO] PluginManager:220 - loadIPPluginJar : add can
2026-03-28 07:14:40,696 [INFO] IPUIPlugin:80 - create IPUIPlugin
2026-03-28 07:14:40,697 [INFO] PluginManager:220 - loadIPPluginJar : add comp
2026-03-28 07:14:40,745 [INFO] IPUIPlugin:80 - create IPUIPlugin
2026-03-28 07:14:40,745 [INFO] PluginManager:220 - loadIPPluginJar : add cryp
2026-03-28 07:14:40,764 [INFO] IPUIPlugin:80 - create IPUIPlugin
2026-03-28 07:14:40,764 [INFO] PluginManager:220 - loadIPPluginJar : add ddr_ctrl_phy
2026-03-28 07:14:40,807 [INFO] IPUIPlugin:80 - create IPUIPlugin
2026-03-28 07:14:40,807 [INFO] PluginManager:220 - loadIPPluginJar : add dfsdm
2026-03-28 07:14:40,826 [INFO] IPUIPlugin:80 - create IPUIPlugin
2026-03-28 07:14:40,827 [INFO] PluginManager:220 - loadIPPluginJar : add dma
2026-03-28 07:14:40,882 [INFO] IPUIPlugin:80 - create IPUIPlugin
2026-03-28 07:14:40,882 [INFO] PluginManager:220 - loadIPPluginJar : add dma3
2026-03-28 07:14:40,944 [INFO] IPUIPlugin:80 - create IPUIPlugin
2026-03-28 07:14:40,944 [INFO] PluginManager:220 - loadIPPluginJar : add extmemmanager
2026-03-28 07:14:40,975 [INFO] IPUIPlugin:80 - create IPUIPlugin
2026-03-28 07:14:40,975 [INFO] PluginManager:220 - loadIPPluginJar : add fatfs
2026-03-28 07:14:41,042 [INFO] IPUIPlugin:80 - create IPUIPlugin
2026-03-28 07:14:41,042 [INFO] PluginManager:220 - loadIPPluginJar : add fmc
2026-03-28 07:14:41,062 [INFO] IPUIPlugin:80 - create IPUIPlugin
2026-03-28 07:14:41,062 [INFO] PluginManager:220 - loadIPPluginJar : add freertos
2026-03-28 07:14:41,092 [INFO] IPUIPlugin:80 - create IPUIPlugin
2026-03-28 07:14:41,092 [INFO] PluginManager:220 - loadIPPluginJar : add genericplugin
2026-03-28 07:14:41,230 [INFO] IPUIPlugin:80 - create IPUIPlugin
2026-03-28 07:14:41,231 [INFO] PluginManager:220 - loadIPPluginJar : add gfxmmu
2026-03-28 07:14:41,417 [INFO] IPUIPlugin:80 - create IPUIPlugin
2026-03-28 07:14:41,417 [INFO] PluginManager:220 - loadIPPluginJar : add gic
2026-03-28 07:14:41,435 [INFO] IPUIPlugin:80 - create IPUIPlugin
2026-03-28 07:14:41,435 [INFO] PluginManager:220 - loadIPPluginJar : add gpio
2026-03-28 07:14:41,562 [INFO] IPUIPlugin:80 - create IPUIPlugin
2026-03-28 07:14:41,562 [INFO] PluginManager:220 - loadIPPluginJar : add gtzc
2026-03-28 07:14:41,609 [INFO] IPUIPlugin:80 - create IPUIPlugin
2026-03-28 07:14:41,609 [INFO] PluginManager:220 - loadIPPluginJar : add hash
2026-03-28 07:14:41,686 [INFO] IPUIPlugin:80 - create IPUIPlugin
2026-03-28 07:14:41,686 [INFO] PluginManager:220 - loadIPPluginJar : add i2c
2026-03-28 07:14:41,741 [INFO] IPUIPlugin:80 - create IPUIPlugin
2026-03-28 07:14:41,741 [INFO] PluginManager:220 - loadIPPluginJar : add i2s
2026-03-28 07:14:41,800 [INFO] IPUIPlugin:80 - create IPUIPlugin
2026-03-28 07:14:41,800 [INFO] PluginManager:220 - loadIPPluginJar : add i3c
2026-03-28 07:14:41,935 [INFO] IPUIPlugin:80 - create IPUIPlugin
2026-03-28 07:14:41,935 [INFO] PluginManager:220 - loadIPPluginJar : add ipddr
2026-03-28 07:14:42,070 [INFO] IPUIPlugin:80 - create IPUIPlugin
2026-03-28 07:14:42,070 [INFO] PluginManager:220 - loadIPPluginJar : add linkedlist
2026-03-28 07:14:42,123 [INFO] IPUIPlugin:80 - create IPUIPlugin
2026-03-28 07:14:42,124 [INFO] PluginManager:220 - loadIPPluginJar : add lorawan
2026-03-28 07:14:42,180 [INFO] IPUIPlugin:80 - create IPUIPlugin
2026-03-28 07:14:42,180 [INFO] PluginManager:220 - loadIPPluginJar : add ltdc
2026-03-28 07:14:42,200 [INFO] IPUIPlugin:80 - create IPUIPlugin
2026-03-28 07:14:42,200 [INFO] PluginManager:220 - loadIPPluginJar : add mdma
2026-03-28 07:14:42,225 [INFO] IPUIPlugin:80 - create IPUIPlugin
2026-03-28 07:14:42,225 [INFO] PluginManager:220 - loadIPPluginJar : add nvic
2026-03-28 07:14:42,284 [INFO] IPUIPlugin:80 - create IPUIPlugin
2026-03-28 07:14:42,284 [INFO] PluginManager:220 - loadIPPluginJar : add opamp
2026-03-28 07:14:42,374 [INFO] IPUIPlugin:80 - create IPUIPlugin
2026-03-28 07:14:42,374 [INFO] PluginManager:220 - loadIPPluginJar : add openamp
2026-03-28 07:14:42,443 [INFO] IPUIPlugin:80 - create IPUIPlugin
2026-03-28 07:14:42,443 [INFO] PluginManager:220 - loadIPPluginJar : add pdm2pcm
2026-03-28 07:14:42,464 [INFO] IPUIPlugin:80 - create IPUIPlugin
2026-03-28 07:14:42,466 [INFO] PluginManager:220 - loadIPPluginJar : add plateformsettings
2026-03-28 07:14:42,503 [INFO] IPUIPlugin:80 - create IPUIPlugin
2026-03-28 07:14:42,503 [INFO] PluginManager:220 - loadIPPluginJar : add quadspi
2026-03-28 07:14:42,543 [INFO] IPUIPlugin:80 - create IPUIPlugin
2026-03-28 07:14:42,543 [INFO] PluginManager:220 - loadIPPluginJar : add radio
2026-03-28 07:14:42,562 [INFO] IPUIPlugin:80 - create IPUIPlugin
2026-03-28 07:14:42,563 [INFO] PluginManager:220 - loadIPPluginJar : add resmgrutility
2026-03-28 07:14:42,626 [INFO] IPUIPlugin:80 - create IPUIPlugin
2026-03-28 07:14:42,626 [INFO] PluginManager:220 - loadIPPluginJar : add sai
2026-03-28 07:14:42,679 [INFO] IPUIPlugin:80 - create IPUIPlugin
2026-03-28 07:14:42,680 [INFO] PluginManager:220 - loadIPPluginJar : add spi
2026-03-28 07:14:42,770 [INFO] IPUIPlugin:80 - create IPUIPlugin
2026-03-28 07:14:42,770 [INFO] PluginManager:220 - loadIPPluginJar : add stm32_wpan
2026-03-28 07:14:42,809 [INFO] IPUIPlugin:80 - create IPUIPlugin
2026-03-28 07:14:42,809 [INFO] PluginManager:220 - loadIPPluginJar : add tim
2026-03-28 07:14:42,836 [INFO] ThirdPartyUpdaterWithRetryManager:70 - Updater plugin not ready yet. [2/15]
2026-03-28 07:14:42,895 [INFO] IPUIPlugin:80 - create IPUIPlugin
2026-03-28 07:14:42,896 [INFO] PluginManager:220 - loadIPPluginJar : add touchsensing
2026-03-28 07:14:42,928 [INFO] IPUIPlugin:80 - create IPUIPlugin
2026-03-28 07:14:42,928 [INFO] PluginManager:220 - loadIPPluginJar : add tracer_emb
2026-03-28 07:14:42,966 [INFO] IPUIPlugin:80 - create IPUIPlugin
2026-03-28 07:14:42,966 [INFO] PluginManager:220 - loadIPPluginJar : add ts
2026-03-28 07:14:43,000 [INFO] IPUIPlugin:80 - create IPUIPlugin
2026-03-28 07:14:43,001 [INFO] PluginManager:220 - loadIPPluginJar : add tsc
2026-03-28 07:14:43,033 [INFO] IPUIPlugin:80 - create IPUIPlugin
2026-03-28 07:14:43,033 [INFO] PluginManager:220 - loadIPPluginJar : add ucpd
2026-03-28 07:14:43,095 [INFO] IPUIPlugin:80 - create IPUIPlugin
2026-03-28 07:14:43,095 [INFO] PluginManager:220 - loadIPPluginJar : add usart
2026-03-28 07:14:43,155 [INFO] IPUIPlugin:80 - create IPUIPlugin
2026-03-28 07:14:43,155 [INFO] PluginManager:220 - loadIPPluginJar : add usbx
2026-03-28 07:14:43,296 [FATAL] Updater:351 - Updater called before beeing initialized
2026-03-28 07:14:43,323 [INFO] RulesReader:64 - Compatibility file has been processed (297 Rules)
2026-03-28 07:14:43,337 [INFO] RulesReader:64 - Compatibility file has been processed (297 Rules)
2026-03-28 07:14:43,347 [INFO] CADModel:165 - CPN selected for project level
2026-03-28 07:14:43,347 [INFO] CADModel:114 - Register for checkConnection events
2026-03-28 07:14:43,347 [FATAL] Updater:351 - Updater called before beeing initialized
2026-03-28 07:14:43,348 [ERROR] CADModel:125 - Updater not yet initialized, retry later 
2026-03-28 07:14:43,536 [FATAL] Updater:351 - Updater called before beeing initialized
2026-03-28 07:14:43,539 [INFO] CADModel:165 - CPN selected for project level
2026-03-28 07:14:43,539 [INFO] CADModel:114 - Register for checkConnection events
2026-03-28 07:14:43,539 [FATAL] Updater:351 - Updater called before beeing initialized
2026-03-28 07:14:43,539 [ERROR] CADModel:125 - Updater not yet initialized, retry later 
2026-03-28 07:14:43,543 [FATAL] Updater:351 - Updater called before beeing initialized
2026-03-28 07:14:43,696 [FATAL] Updater:351 - Updater called before beeing initialized
2026-03-28 07:14:43,710 [INFO] DbMcusAds:53 - JSON generation date=Thu Mar 05 21:32:52 ICT 2026 (1772721172610)
2026-03-28 07:14:43,710 [FATAL] Updater:351 - Updater called before beeing initialized
2026-03-28 07:14:43,755 [WARN] DetailPanel:346 - Failed to get advertising image, set to default
2026-03-28 07:14:44,015 [FATAL] Updater:351 - Updater called before beeing initialized
2026-03-28 07:14:44,017 [FATAL] Updater:351 - Updater called before beeing initialized
2026-03-28 07:14:44,017 [FATAL] Updater:351 - Updater called before beeing initialized
2026-03-28 07:14:44,017 [WARN] DetailPanel:346 - Failed to get advertising image, set to default
2026-03-28 07:14:44,018 [FATAL] Updater:351 - Updater called before beeing initialized
2026-03-28 07:14:44,092 [ERROR] Updater:1198 - MainUpdater not yet initialized. External WinMGr cannot be set.
2026-03-28 07:14:44,107 [INFO] Updater:1134 - Updater Version found : 6.13.0
2026-03-28 07:14:44,129 [INFO] ApplicationProperties:184 - Using Application install path: C:\ST\STM32CubeIDE_1.17.0\STM32CubeIDE\plugins\com.st.stm32cube.common.mx_6.13.0.202411220809
2026-03-28 07:14:45,722 [ERROR] LogOutputStream:75 - [STDERR_REDIRECT] Mar 28, 2026 7:14:45 AM java.util.prefs.WindowsPreferences <init>
2026-03-28 07:14:45,725 [ERROR] LogOutputStream:75 - [STDERR_REDIRECT] WARNING: Could not open/create prefs root node Software\JavaSoft\Prefs at root 0xffffffff80000002. Windows RegCreateKeyEx(...) returned error code 5.
2026-03-28 07:14:45,725 [ERROR] LogOutputStream:75 - [STDERR_REDIRECT] 
2026-03-28 07:14:45,838 [INFO] ThirdPartyUpdaterWithRetryManager:70 - Updater plugin not ready yet. [3/15]
2026-03-28 07:14:46,223 [INFO] MainUpdater:2872 - connection check result : 22
2026-03-28 07:14:46,225 [INFO] MainUpdater:289 - Updater Check For Update Now.
2026-03-28 07:14:46,225 [INFO] MicroXplorer:498 - Change Database Version : DB.6.0.130
2026-03-28 07:14:46,272 [INFO] McuFinderGlobals:63 - Set McuFinder mode to 2 (CubeIDE integrated)
2026-03-28 07:14:46,273 [INFO] UserAuth:171 - activating auth plugin
2026-03-28 07:14:46,281 [INFO] UserAuth:486 - Internet connection configuration mode: 2
2026-03-28 07:14:46,324 [INFO] UserAuth:486 - Internet connection configuration mode: 2
2026-03-28 07:14:46,585 [INFO] CheckServerUpdateThread:120 - End of CheckServer Thread
2026-03-28 07:14:49,469 [WARN] PackLoader:240 - Cannot read IP mode file for STMicroelectronics.X-CUBE-AZRTOS-H7.3.5.0
2026-03-28 07:14:49,509 [WARN] PackLoader:240 - Cannot read IP mode file for STMicroelectronics.FP-ATR-ASTRA1.2.0.2
2026-03-28 07:14:49,542 [WARN] PackLoader:240 - Cannot read IP mode file for STMicroelectronics.X-CUBE-SMBUS.2.1.0
2026-03-28 07:14:49,596 [WARN] PackLoader:240 - Cannot read IP mode file for STMicroelectronics.X-CUBE-AZRTOS-F7.1.1.0
2026-03-28 07:14:49,630 [ERROR] Engine:466 - C:\Users\ADMIN\.stm32cubemx\thirdparties\pdsc\STMicroelectronics.FP-SNS-MOTENV1.5.1.0.pdsc: PDSC version is not supported
2026-03-28 07:14:49,658 [ERROR] Engine:466 - C:\Users\ADMIN\.stm32cubemx\thirdparties\pdsc\WES.I-CUBE-Cesium.1.4.0.pdsc: PDSC version is not supported
2026-03-28 07:14:49,731 [WARN] PackLoader:240 - Cannot read IP mode file for STMicroelectronics.X-CUBE-AZRTOS-H7.3.4.0
2026-03-28 07:14:49,792 [WARN] PackLoader:240 - Cannot read IP mode file for STMicroelectronics.X-CUBE-DISPLAY.3.0.0
2026-03-28 07:14:49,821 [ERROR] Engine:466 - C:\Users\ADMIN\.stm32cubemx\thirdparties\pdsc\STMicroelectronics.FP-SNS-MOTENVWB1.1.5.0.pdsc: PDSC version is not supported
2026-03-28 07:14:49,852 [WARN] PackLoader:240 - Cannot read IP mode file for STMicroelectronics.X-CUBE-NFC10.1.0.0
2026-03-28 07:14:49,881 [WARN] PackLoader:240 - Cannot read IP mode file for STMicroelectronics.X-CUBE-ST60.1.1.0
2026-03-28 07:14:49,911 [WARN] PackLoader:240 - Cannot read IP mode file for emotas.I-CUBE-CANOPEN.1.3.0
2026-03-28 07:14:49,938 [WARN] PackLoader:240 - Cannot read IP mode file for STMicroelectronics.X-CUBE-GNSS1.7.1.0
2026-03-28 07:14:49,967 [ERROR] Engine:466 - C:\Users\ADMIN\.stm32cubemx\thirdparties\pdsc\STMicroelectronics.FP-SNS-STBOX1.2.1.0.pdsc: PDSC version is not supported
2026-03-28 07:14:49,992 [WARN] PackLoader:240 - Cannot read IP mode file for STMicroelectronics.FP-SNS-SMARTAG2.1.2.0
2026-03-28 07:14:50,013 [WARN] PackLoader:240 - Cannot read IP mode file for STMicroelectronics.FP-SNS-FLIGHT1.5.1.0
2026-03-28 07:14:50,045 [INFO] LogOutputStream:77 - [STDOUT_REDIRECT] 1 : Invalid condition id : UX_CORESTACK_Condition cause : null
2026-03-28 07:14:50,045 [INFO] LogOutputStream:77 - [STDOUT_REDIRECT] 1 : Invalid condition id : UX_CORESTACK_Condition cause : null
2026-03-28 07:14:50,048 [INFO] LogOutputStream:77 - [STDOUT_REDIRECT] 1 : Invalid condition id : UX_CORESTACK_Condition cause : null
2026-03-28 07:14:50,049 [INFO] LogOutputStream:77 - [STDOUT_REDIRECT] 1 : Invalid condition id : UX_CORESTACK_Condition cause : null
2026-03-28 07:14:50,050 [INFO] LogOutputStream:77 - [STDOUT_REDIRECT] 1 : Invalid condition id : UX_CORESTACK_Condition cause : null
2026-03-28 07:14:50,054 [WARN] PackLoader:240 - Cannot read IP mode file for STMicroelectronics.X-CUBE-AZRTOS-WL.2.0.0
2026-03-28 07:14:50,102 [WARN] PackLoader:240 - Cannot read IP mode file for STMicroelectronics.X-CUBE-AZRTOS-H7RS.1.2.0
2026-03-28 07:14:50,129 [WARN] PackLoader:240 - Cannot read IP mode file for STMicroelectronics.X-CUBE-BLE2.3.3.0
2026-03-28 07:14:50,231 [WARN] PackLoader:240 - Cannot read IP mode file for Infineon.AIROC-Wi-Fi-Bluetooth-STM32.1.8.0
2026-03-28 07:14:50,266 [WARN] PackLoader:240 - Cannot read IP mode file for STMicroelectronics.X-CUBE-NFC9.1.0.0
2026-03-28 07:14:50,291 [WARN] PackLoader:240 - Cannot read IP mode file for STMicroelectronics.X-CUBE-BLE1.7.1.0
2026-03-28 07:14:50,312 [WARN] PackLoader:240 - Cannot read IP mode file for wolfSSL.I-CUBE-wolfMQTT.1.19.2
2026-03-28 07:14:50,331 [ERROR] Engine:466 - C:\Users\ADMIN\.stm32cubemx\thirdparties\pdsc\STMicroelectronics.X-CUBE-FREERTOS.1.4.0.pdsc: PDSC version is not supported
2026-03-28 07:14:50,353 [WARN] PackLoader:240 - Cannot read IP mode file for STMicroelectronics.X-CUBE-EEPRMA1.5.2.0
2026-03-28 07:14:50,379 [WARN] PackLoader:240 - Cannot read IP mode file for wolfSSL.I-CUBE-wolfSSL.5.8.4
2026-03-28 07:14:50,410 [WARN] PackLoader:240 - Cannot read IP mode file for Cesanta.I-CUBE-Mongoose.7.20.0
2026-03-28 07:14:50,491 [WARN] PackLoader:240 - Cannot read IP mode file for STMicroelectronics.X-CUBE-MEMS1.12.0.0
2026-03-28 07:14:50,653 [WARN] PackLoader:240 - Cannot read IP mode file for STMicroelectronics.X-CUBE-AZRTOS-G0.1.1.0
2026-03-28 07:14:50,679 [WARN] PackLoader:240 - Cannot read IP mode file for STMicroelectronics.X-CUBE-NFC4.3.0.0
2026-03-28 07:14:50,705 [WARN] PackLoader:240 - Cannot read IP mode file for EmbeddedOffice.I-CUBE-FS-RTOS.1.0.1
2026-03-28 07:14:50,729 [WARN] PackLoader:240 - Cannot read IP mode file for STMicroelectronics.X-CUBE-WB05N.2.0.0
2026-03-28 07:14:50,748 [WARN] PackLoader:240 - Cannot read IP mode file for wolfSSL.I-CUBE-wolfTPM.3.8.0
2026-03-28 07:14:50,768 [WARN] PackLoader:240 - Cannot read IP mode file for STMicroelectronics.X-CUBE-TCPP.4.2.0
2026-03-28 07:14:50,795 [WARN] PackLoader:240 - Cannot read IP mode file for RealThread.X-CUBE-RT-Thread_Nano.4.1.1
2026-03-28 07:14:50,816 [WARN] PackLoader:240 - Cannot read IP mode file for STMicroelectronics.FP-ATR-SIGFOX1.3.2.0
2026-03-28 07:14:50,835 [ERROR] Engine:466 - C:\Users\ADMIN\.stm32cubemx\thirdparties\pdsc\STMicroelectronics.X-CUBE-FREERTOS.1.5.0.pdsc: PDSC version is not supported
2026-03-28 07:14:50,863 [WARN] PackLoader:240 - Cannot read IP mode file for ITTIA_DB.I-CUBE-ITTIADB.8.9.0
2026-03-28 07:14:50,890 [WARN] PackLoader:240 - Cannot read IP mode file for STMicroelectronics.X-CUBE-NFC6.3.2.0
2026-03-28 07:14:50,913 [WARN] PackLoader:240 - Cannot read IP mode file for STMicroelectronics.X-CUBE-AI.10.2.0
2026-03-28 07:14:50,959 [WARN] PackLoader:240 - Cannot read IP mode file for SEGGER.I-CUBE-embOS.1.3.1
2026-03-28 07:14:51,006 [WARN] PackLoader:240 - Cannot read IP mode file for STMicroelectronics.X-CUBE-ALGOBUILD.1.4.0
2026-03-28 07:14:51,028 [WARN] PackLoader:240 - Cannot read IP mode file for STMicroelectronics.X-CUBE-PM33A1.1.0.0
2026-03-28 07:14:51,066 [WARN] PackLoader:240 - Cannot read IP mode file for STMicroelectronics.X-CUBE-AZRTOS-F4.1.1.0
2026-03-28 07:14:51,089 [WARN] PackLoader:240 - Cannot read IP mode file for STMicroelectronics.X-CUBE-ISPU.2.1.0
2026-03-28 07:14:51,112 [ERROR] Engine:466 - C:\Users\ADMIN\.stm32cubemx\thirdparties\pdsc\STMicroelectronics.X-CUBE-IPS.3.2.0.pdsc: PDSC version is not supported
2026-03-28 07:14:51,135 [WARN] PackLoader:240 - Cannot read IP mode file for STMicroelectronics.X-CUBE-NFC12.1.0.0
2026-03-28 07:14:51,177 [WARN] PackLoader:240 - Cannot read IP mode file for STMicroelectronics.X-CUBE-AZRTOS-L5.2.0.0
2026-03-28 07:14:51,202 [WARN] PackLoader:240 - Cannot read IP mode file for STMicroelectronics.X-CUBE-TOUCHGFX.4.26.0
2026-03-28 07:14:51,228 [WARN] PackLoader:240 - Cannot read IP mode file for STMicroelectronics.X-CUBE-TOUCHGFX.4.26.1
2026-03-28 07:14:51,252 [WARN] PackLoader:240 - Cannot read IP mode file for STMicroelectronics.FP-SNS-STAIOTCFT.1.0.0
2026-03-28 07:14:51,276 [WARN] PackLoader:240 - Cannot read IP mode file for STMicroelectronics.X-CUBE-DPower.1.3.0
2026-03-28 07:14:51,364 [WARN] ConditionMgr:438 - getConditionDescription Invalid condition id : LAN8742 Phy interface Condition cause : null
2026-03-28 07:14:51,366 [WARN] PackLoader:240 - Cannot read IP mode file for STMicroelectronics.X-CUBE-AZRTOS-L4.2.0.0
2026-03-28 07:14:51,369 [WARN] ConditionMgr:1044 - genDependencies : Invalid condition id : LAN8742 Phy interface Condition cause : null
2026-03-28 07:14:51,370 [WARN] ConditionMgr:1044 - genDependencies : Invalid condition id : LAN8742 Phy interface Condition cause : null
2026-03-28 07:14:51,371 [WARN] ConditionMgr:1044 - genDependencies : Invalid condition id : LAN8742 Phy interface Condition cause : null
2026-03-28 07:14:51,406 [WARN] PackLoader:240 - Cannot read IP mode file for STMicroelectronics.X-CUBE-SFXS2LP1.4.0.0
2026-03-28 07:14:51,451 [ERROR] Engine:466 - C:\Users\ADMIN\.stm32cubemx\thirdparties\pdsc\STMicroelectronics.X-CUBE-ST67W61.1.2.0.pdsc: PDSC version is not supported
2026-03-28 07:14:51,485 [WARN] PackLoader:240 - Cannot read IP mode file for STMicroelectronics.X-CUBE-BLEMGR.4.1.0
2026-03-28 07:14:51,523 [WARN] ConditionMgr:438 - getConditionDescription Invalid condition id : UX DEVICE CLASS RTOS Condition cause : null
2026-03-28 07:14:51,524 [WARN] ConditionMgr:438 - getConditionDescription Invalid condition id : UX DEVICE CLASS RTOS Condition cause : null
2026-03-28 07:14:51,525 [WARN] PackLoader:240 - Cannot read IP mode file for STMicroelectronics.X-CUBE-AZRTOS-WB.2.0.0
2026-03-28 07:14:51,526 [WARN] ConditionMgr:1044 - genDependencies : Invalid condition id : UX DEVICE CLASS RTOS Condition cause : null
2026-03-28 07:14:51,526 [WARN] ConditionMgr:1044 - genDependencies : Invalid condition id : UX DEVICE CLASS RTOS Condition cause : null
2026-03-28 07:14:51,528 [WARN] ConditionMgr:1044 - genDependencies : Invalid condition id : UX DEVICE CLASS RTOS Condition cause : null
2026-03-28 07:14:51,528 [WARN] ConditionMgr:1044 - genDependencies : Invalid condition id : UX DEVICE CLASS RTOS Condition cause : null
2026-03-28 07:14:51,528 [WARN] ConditionMgr:1044 - genDependencies : Invalid condition id : UX DEVICE CLASS RTOS Condition cause : null
2026-03-28 07:14:51,549 [WARN] ConditionMgr:438 - getConditionDescription Invalid condition id : Cortex-A Device cause : null
2026-03-28 07:14:51,574 [WARN] ConditionMgr:1044 - genDependencies : Invalid condition id : Cortex-A Device cause : null
2026-03-28 07:14:51,574 [WARN] ConditionMgr:1044 - genDependencies : Invalid condition id : Cortex-A Device cause : null
2026-03-28 07:14:51,574 [WARN] ConditionMgr:1044 - genDependencies : Invalid condition id : Cortex-A Device cause : null
2026-03-28 07:14:51,599 [WARN] PackLoader:240 - Cannot read IP mode file for STMicroelectronics.X-CUBE-STSE01.2.0.0
2026-03-28 07:14:51,626 [WARN] PackLoader:240 - Cannot read IP mode file for STMicroelectronics.X-CUBE-SUBG2.5.0.0
2026-03-28 07:14:51,664 [WARN] PackLoader:240 - Cannot read IP mode file for STMicroelectronics.X-CUBE-AZRTOS-G4.2.0.0
2026-03-28 07:14:51,683 [WARN] PackLoader:240 - Cannot read IP mode file for wolfSSL.I-CUBE-wolfSSH.1.4.20
2026-03-28 07:14:51,702 [WARN] PackLoader:240 - Cannot read IP mode file for STMicroelectronics.X-CUBE-NFC7.2.0.0
2026-03-28 07:14:51,722 [WARN] PackLoader:240 - Cannot read IP mode file for STMicroelectronics.X-CUBE-ALS.1.0.2
2026-03-28 07:14:51,752 [WARN] PackLoader:240 - Cannot read IP mode file for STMicroelectronics.X-CUBE-TOF1.3.4.3
2026-03-28 07:14:51,765 [INFO] ThirdParty:978 - Integrity check success = true
2026-03-28 07:14:51,765 [INFO] IntegrityCheckThread:100 - exiting critical section [integrity check]
2026-03-28 07:14:51,765 [INFO] IntegrityCheckThread:103 - End integrity checks thread
2026-03-28 07:53:19,425 [INFO] Activator:176 - 


2026-03-28 07:53:19,428 [INFO] Activator:177 - !SESSION log4j initialized
2026-03-28 07:53:27,395 [INFO] LogOutputStream:77 - [STDOUT_REDIRECT] 
2026-03-28 07:53:34,253 [INFO] ApplicationProperties:184 - Using Application install path: C:\ST\STM32CubeIDE_1.17.0\STM32CubeIDE\plugins\com.st.stm32cube.common.mx_6.13.0.202411220809
2026-03-28 07:53:34,275 [INFO] DbMcusXml:78 - Set database path to: C:\ST\STM32CubeIDE_1.17.0\STM32CubeIDE\plugins\com.st.stm32cube.common.mx_6.13.0.202411220809\\db\/mcu/
2026-03-28 07:53:34,275 [INFO] ApiDb:274 - Set plugin database path to: C:\ST\STM32CubeIDE_1.17.0\STM32CubeIDE\plugins\com.st.stm32cube.common.mx_6.13.0.202411220809\\db\/plugins/boardmanager/
2026-03-28 07:53:34,275 [WARN] ApiDb:259 - Overriding images path with different value:  => C:\ST\STM32CubeIDE_1.17.0\STM32CubeIDE\plugins\com.st.stm32cube.common.mx_6.13.0.202411220809\\db\/plugins/mcufinder/images/
2026-03-28 07:53:34,294 [INFO] ApiDb:250 - Set database path to: C:\Users\ADMIN\.stmcufinder\plugins\mcufinder//mcu/
2026-03-28 07:53:34,296 [INFO] DbMcusAds:125 - Set database path to: C:\Users\ADMIN\.stmcufinder\plugins\mcufinder//mcu/
2026-03-28 07:53:34,299 [INFO] CrossReferenceDbSqlite:203 - Set database path to: C:\Users\ADMIN\.stmcufinder\plugins\mcufinder//mcu/cs/
2026-03-28 07:53:34,440 [INFO] RulesReader:64 - Compatibility file has been processed (297 Rules)
2026-03-28 07:53:34,544 [INFO] DbMcusXml:78 - Set database path to: C:\ST\STM32CubeIDE_1.17.0\STM32CubeIDE\plugins\com.st.stm32cube.common.mx_6.13.0.202411220809\\db\/mcu/
2026-03-28 07:53:34,544 [INFO] ApiDb:274 - Set plugin database path to: C:\ST\STM32CubeIDE_1.17.0\STM32CubeIDE\plugins\com.st.stm32cube.common.mx_6.13.0.202411220809\\db\/plugins/boardmanager/
2026-03-28 07:53:34,544 [INFO] ApiDb:261 - Set plugin images path to: C:\ST\STM32CubeIDE_1.17.0\STM32CubeIDE\plugins\com.st.stm32cube.common.mx_6.13.0.202411220809\\db\/plugins/mcufinder/images/
2026-03-28 07:53:34,544 [WARN] DbFile:41 - Overriding database path with different value: C:\Users\ADMIN\.stmcufinder\plugins\mcufinder/ => C:\Users\ADMIN\.stmcufinder\plugins\mcufinder
2026-03-28 07:53:34,544 [INFO] ApiDb:250 - Set database path to: C:\Users\ADMIN\.stmcufinder\plugins\mcufinder//mcu/
2026-03-28 07:53:34,544 [WARN] DbFile:41 - Overriding database path with different value: C:\Users\ADMIN\.stmcufinder\plugins\mcufinder/ => C:\Users\ADMIN\.stmcufinder\plugins\mcufinder
2026-03-28 07:53:34,544 [INFO] DbMcusAds:125 - Set database path to: C:\Users\ADMIN\.stmcufinder\plugins\mcufinder//mcu/
2026-03-28 07:53:34,544 [WARN] DbFile:41 - Overriding database path with different value: C:\Users\ADMIN\.stmcufinder\plugins\mcufinder/ => C:\Users\ADMIN\.stmcufinder\plugins\mcufinder
2026-03-28 07:53:34,544 [WARN] DbFile:41 - Overriding database path with different value: C:\Users\ADMIN\.stmcufinder\plugins\mcufinder/ => C:\Users\ADMIN\.stmcufinder\plugins\mcufinder
2026-03-28 07:53:34,545 [INFO] CrossReferenceDbSqlite:203 - Set database path to: C:\Users\ADMIN\.stmcufinder\plugins\mcufinder//mcu/cs/
2026-03-28 07:53:34,646 [INFO] MainPanel:272 - HeapMemory: 268435456
2026-03-28 07:53:34,810 [INFO] DbMcusXml:78 - Set database path to: C:\ST\STM32CubeIDE_1.17.0\STM32CubeIDE\plugins\com.st.stm32cube.common.mx_6.13.0.202411220809\\db\/mcu/
2026-03-28 07:53:34,811 [INFO] ApiDb:274 - Set plugin database path to: C:\ST\STM32CubeIDE_1.17.0\STM32CubeIDE\plugins\com.st.stm32cube.common.mx_6.13.0.202411220809\\db\/plugins/boardmanager/
2026-03-28 07:53:34,811 [INFO] ApiDb:261 - Set plugin images path to: C:\ST\STM32CubeIDE_1.17.0\STM32CubeIDE\plugins\com.st.stm32cube.common.mx_6.13.0.202411220809\\db\/plugins/mcufinder/images/
2026-03-28 07:53:34,811 [WARN] DbFile:41 - Overriding database path with different value: C:\Users\ADMIN\.stmcufinder\plugins\mcufinder/ => C:\Users\ADMIN\.stmcufinder\plugins\mcufinder
2026-03-28 07:53:34,811 [INFO] ApiDb:250 - Set database path to: C:\Users\ADMIN\.stmcufinder\plugins\mcufinder//mcu/
2026-03-28 07:53:34,811 [WARN] DbFile:41 - Overriding database path with different value: C:\Users\ADMIN\.stmcufinder\plugins\mcufinder/ => C:\Users\ADMIN\.stmcufinder\plugins\mcufinder
2026-03-28 07:53:34,811 [INFO] DbMcusAds:125 - Set database path to: C:\Users\ADMIN\.stmcufinder\plugins\mcufinder//mcu/
2026-03-28 07:53:34,811 [WARN] DbFile:41 - Overriding database path with different value: C:\Users\ADMIN\.stmcufinder\plugins\mcufinder/ => C:\Users\ADMIN\.stmcufinder\plugins\mcufinder
2026-03-28 07:53:34,811 [WARN] DbFile:41 - Overriding database path with different value: C:\Users\ADMIN\.stmcufinder\plugins\mcufinder/ => C:\Users\ADMIN\.stmcufinder\plugins\mcufinder
2026-03-28 07:53:34,811 [INFO] CrossReferenceDbSqlite:203 - Set database path to: C:\Users\ADMIN\.stmcufinder\plugins\mcufinder//mcu/cs/
2026-03-28 07:53:34,836 [INFO] ApplicationProperties:184 - Using Application install path: C:\ST\STM32CubeIDE_1.17.0\STM32CubeIDE\plugins\com.st.stm32cube.common.mx_6.13.0.202411220809
2026-03-28 07:53:34,838 [INFO] PluginManage:196 - Search for loadable plugins [exclusion list=, ]
2026-03-28 07:53:34,839 [INFO] PluginManage:310 - Check plugin analytics
2026-03-28 07:53:35,041 [INFO] AnalyticsPlugin:253 - Accepted Software Licenses: STM32CubeMX.6.16.1
2026-03-28 07:53:35,042 [INFO] AnalyticsPlugin:255 - Accepted CMSIS Pack Licenses: 
2026-03-28 07:53:35,042 [INFO] AnalyticsPlugin:257 - Accepted Firmware Licenses: 
2026-03-28 07:53:35,047 [INFO] PluginManage:359 - Loaded plugin analytics (category:tool,tabindex:-1)
2026-03-28 07:53:35,047 [INFO] PluginManage:310 - Check plugin cadmodel
2026-03-28 07:53:35,070 [INFO] CADModel:105 - Init CAD model plugin
2026-03-28 07:53:35,070 [INFO] PluginManage:359 - Loaded plugin cadmodel (category:power,tabindex:5)
2026-03-28 07:53:35,071 [INFO] PluginManage:310 - Check plugin clock
2026-03-28 07:53:35,100 [INFO] PluginManage:359 - Loaded plugin clock (category:base,tabindex:2)
2026-03-28 07:53:35,100 [INFO] PluginManage:310 - Check plugin ddr
2026-03-28 07:53:35,104 [INFO] PluginManage:359 - Loaded plugin ddr (category:tool,tabindex:6)
2026-03-28 07:53:35,104 [INFO] PluginManage:310 - Check plugin filemanager
2026-03-28 07:53:35,270 [INFO] PluginManage:359 - Loaded plugin filemanager (category:base,tabindex:10)
2026-03-28 07:53:35,270 [INFO] PluginManage:310 - Check plugin ipmanager
2026-03-28 07:53:35,279 [INFO] PluginManage:359 - Loaded plugin ipmanager (category:base,tabindex:5)
2026-03-28 07:53:35,279 [INFO] PluginManage:310 - Check plugin lpbam
2026-03-28 07:53:35,302 [INFO] PluginManage:359 - Loaded plugin lpbam (category:base,tabindex:0)
2026-03-28 07:53:35,302 [INFO] PluginManage:310 - Check plugin memorymap
2026-03-28 07:53:35,331 [INFO] PluginManage:359 - Loaded plugin memorymap (category:base,tabindex:4)
2026-03-28 07:53:35,332 [INFO] PluginManage:310 - Check plugin pinoutandconfiguration
2026-03-28 07:53:35,355 [INFO] PluginManage:359 - Loaded plugin pinoutandconfiguration (category:base,tabindex:1)
2026-03-28 07:53:35,355 [INFO] PluginManage:310 - Check plugin pinoutconfig
2026-03-28 07:53:35,471 [WARN] SupportedApi:132 - Cannot load RTOS API schema: s4s-elt-must-match.1: The content of 'definitions' must match (annotation?, (simpleType | complexType)?, (unique | key | keyref)*)). A problem was found starting at: attribute.
2026-03-28 07:53:35,639 [INFO] PluginManage:359 - Loaded plugin pinoutconfig (category:base,tabindex:0)
2026-03-28 07:53:35,639 [INFO] PluginManage:310 - Check plugin power
2026-03-28 07:53:35,666 [INFO] PluginManage:359 - Loaded plugin power (category:power,tabindex:4)
2026-03-28 07:53:35,666 [INFO] PluginManage:310 - Check plugin projectmanager
2026-03-28 07:53:35,683 [INFO] PluginManage:359 - Loaded plugin projectmanager (category:projectmanager,tabindex:4)
2026-03-28 07:53:35,684 [INFO] PluginManage:310 - Check plugin rif
2026-03-28 07:53:35,709 [INFO] PluginManage:359 - Loaded plugin rif (category:base,tabindex:3)
2026-03-28 07:53:35,709 [INFO] PluginManage:310 - Check plugin thirdparty
2026-03-28 07:53:36,108 [WARN] IntegrityCheckThread:84 - waiting for thirdparty lock release [integrity check]
2026-03-28 07:53:36,109 [INFO] PluginManage:359 - Loaded plugin thirdparty (category:base,tabindex:-1)
2026-03-28 07:53:36,109 [INFO] IntegrityCheckThread:86 - entering critical section [integrity check]
2026-03-28 07:53:36,109 [INFO] PluginManage:310 - Check plugin tools
2026-03-28 07:53:36,110 [INFO] ThirdPartyUpdaterWithRetryManager:70 - Updater plugin not ready yet. [1/15]
2026-03-28 07:53:36,170 [INFO] PluginManage:359 - Loaded plugin tools (category:base,tabindex:7)
2026-03-28 07:53:36,170 [INFO] PluginManage:310 - Check plugin tutovideos
2026-03-28 07:53:36,469 [INFO] PluginManage:359 - Loaded plugin tutovideos (category:base,tabindex:-1)
2026-03-28 07:53:36,469 [INFO] PluginManage:310 - Check plugin updater
2026-03-28 07:53:36,502 [INFO] PluginManage:359 - Loaded plugin updater (category:base,tabindex:12)
2026-03-28 07:53:36,502 [INFO] PluginManage:310 - Check plugin userauth
2026-03-28 07:53:36,509 [INFO] UserAuth:118 - Init User Auth plugin
2026-03-28 07:53:36,511 [INFO] PluginManage:359 - Loaded plugin userauth (category:base,tabindex:14)
2026-03-28 07:53:36,511 [INFO] PluginManage:283 - PluginManage : Loaded plugins [18]
2026-03-28 07:53:36,814 [INFO] PinOutPanel:1589 - setPackage(No Configuration,No Configuration)
2026-03-28 07:53:36,945 [INFO] CADModel:165 - CPN selected for project level
2026-03-28 07:53:36,945 [INFO] CADModel:114 - Register for checkConnection events
2026-03-28 07:53:36,985 [INFO] IPUIPlugin:80 - create IPUIPlugin
2026-03-28 07:53:36,986 [INFO] PluginManager:220 - loadIPPluginJar : add adc
2026-03-28 07:53:37,038 [INFO] IPUIPlugin:80 - create IPUIPlugin
2026-03-28 07:53:37,038 [INFO] PluginManager:220 - loadIPPluginJar : add aes
2026-03-28 07:53:37,097 [INFO] IPUIPlugin:80 - create IPUIPlugin
2026-03-28 07:53:37,097 [INFO] PluginManager:220 - loadIPPluginJar : add can
2026-03-28 07:53:37,139 [INFO] IPUIPlugin:80 - create IPUIPlugin
2026-03-28 07:53:37,140 [INFO] PluginManager:220 - loadIPPluginJar : add comp
2026-03-28 07:53:37,189 [INFO] IPUIPlugin:80 - create IPUIPlugin
2026-03-28 07:53:37,189 [INFO] PluginManager:220 - loadIPPluginJar : add cryp
2026-03-28 07:53:37,207 [INFO] IPUIPlugin:80 - create IPUIPlugin
2026-03-28 07:53:37,207 [INFO] PluginManager:220 - loadIPPluginJar : add ddr_ctrl_phy
2026-03-28 07:53:37,252 [INFO] IPUIPlugin:80 - create IPUIPlugin
2026-03-28 07:53:37,252 [INFO] PluginManager:220 - loadIPPluginJar : add dfsdm
2026-03-28 07:53:37,270 [INFO] IPUIPlugin:80 - create IPUIPlugin
2026-03-28 07:53:37,271 [INFO] PluginManager:220 - loadIPPluginJar : add dma
2026-03-28 07:53:37,326 [INFO] IPUIPlugin:80 - create IPUIPlugin
2026-03-28 07:53:37,327 [INFO] PluginManager:220 - loadIPPluginJar : add dma3
2026-03-28 07:53:37,387 [INFO] IPUIPlugin:80 - create IPUIPlugin
2026-03-28 07:53:37,387 [INFO] PluginManager:220 - loadIPPluginJar : add extmemmanager
2026-03-28 07:53:37,418 [INFO] IPUIPlugin:80 - create IPUIPlugin
2026-03-28 07:53:37,418 [INFO] PluginManager:220 - loadIPPluginJar : add fatfs
2026-03-28 07:53:37,502 [INFO] IPUIPlugin:80 - create IPUIPlugin
2026-03-28 07:53:37,503 [INFO] PluginManager:220 - loadIPPluginJar : add fmc
2026-03-28 07:53:37,531 [INFO] IPUIPlugin:80 - create IPUIPlugin
2026-03-28 07:53:37,531 [INFO] PluginManager:220 - loadIPPluginJar : add freertos
2026-03-28 07:53:37,568 [INFO] IPUIPlugin:80 - create IPUIPlugin
2026-03-28 07:53:37,568 [INFO] PluginManager:220 - loadIPPluginJar : add genericplugin
2026-03-28 07:53:37,711 [INFO] IPUIPlugin:80 - create IPUIPlugin
2026-03-28 07:53:37,711 [INFO] PluginManager:220 - loadIPPluginJar : add gfxmmu
2026-03-28 07:53:37,931 [INFO] IPUIPlugin:80 - create IPUIPlugin
2026-03-28 07:53:37,931 [INFO] PluginManager:220 - loadIPPluginJar : add gic
2026-03-28 07:53:37,986 [INFO] IPUIPlugin:80 - create IPUIPlugin
2026-03-28 07:53:37,987 [INFO] PluginManager:220 - loadIPPluginJar : add gpio
2026-03-28 07:53:38,115 [INFO] IPUIPlugin:80 - create IPUIPlugin
2026-03-28 07:53:38,115 [INFO] PluginManager:220 - loadIPPluginJar : add gtzc
2026-03-28 07:53:38,202 [INFO] IPUIPlugin:80 - create IPUIPlugin
2026-03-28 07:53:38,202 [INFO] PluginManager:220 - loadIPPluginJar : add hash
2026-03-28 07:53:38,282 [INFO] IPUIPlugin:80 - create IPUIPlugin
2026-03-28 07:53:38,282 [INFO] PluginManager:220 - loadIPPluginJar : add i2c
2026-03-28 07:53:38,360 [INFO] IPUIPlugin:80 - create IPUIPlugin
2026-03-28 07:53:38,360 [INFO] PluginManager:220 - loadIPPluginJar : add i2s
2026-03-28 07:53:38,435 [INFO] IPUIPlugin:80 - create IPUIPlugin
2026-03-28 07:53:38,435 [INFO] PluginManager:220 - loadIPPluginJar : add i3c
2026-03-28 07:53:38,572 [INFO] IPUIPlugin:80 - create IPUIPlugin
2026-03-28 07:53:38,573 [INFO] PluginManager:220 - loadIPPluginJar : add ipddr
2026-03-28 07:53:38,777 [INFO] IPUIPlugin:80 - create IPUIPlugin
2026-03-28 07:53:38,777 [INFO] PluginManager:220 - loadIPPluginJar : add linkedlist
2026-03-28 07:53:38,830 [INFO] IPUIPlugin:80 - create IPUIPlugin
2026-03-28 07:53:38,830 [INFO] PluginManager:220 - loadIPPluginJar : add lorawan
2026-03-28 07:53:38,882 [INFO] IPUIPlugin:80 - create IPUIPlugin
2026-03-28 07:53:38,883 [INFO] PluginManager:220 - loadIPPluginJar : add ltdc
2026-03-28 07:53:38,902 [INFO] IPUIPlugin:80 - create IPUIPlugin
2026-03-28 07:53:38,902 [INFO] PluginManager:220 - loadIPPluginJar : add mdma
2026-03-28 07:53:38,920 [INFO] IPUIPlugin:80 - create IPUIPlugin
2026-03-28 07:53:38,920 [INFO] PluginManager:220 - loadIPPluginJar : add nvic
2026-03-28 07:53:38,976 [INFO] IPUIPlugin:80 - create IPUIPlugin
2026-03-28 07:53:38,976 [INFO] PluginManager:220 - loadIPPluginJar : add opamp
2026-03-28 07:53:39,073 [INFO] IPUIPlugin:80 - create IPUIPlugin
2026-03-28 07:53:39,073 [INFO] PluginManager:220 - loadIPPluginJar : add openamp
2026-03-28 07:53:39,110 [INFO] ThirdPartyUpdaterWithRetryManager:70 - Updater plugin not ready yet. [2/15]
2026-03-28 07:53:39,141 [INFO] IPUIPlugin:80 - create IPUIPlugin
2026-03-28 07:53:39,141 [INFO] PluginManager:220 - loadIPPluginJar : add pdm2pcm
2026-03-28 07:53:39,162 [INFO] IPUIPlugin:80 - create IPUIPlugin
2026-03-28 07:53:39,164 [INFO] PluginManager:220 - loadIPPluginJar : add plateformsettings
2026-03-28 07:53:39,202 [INFO] IPUIPlugin:80 - create IPUIPlugin
2026-03-28 07:53:39,202 [INFO] PluginManager:220 - loadIPPluginJar : add quadspi
2026-03-28 07:53:39,240 [INFO] IPUIPlugin:80 - create IPUIPlugin
2026-03-28 07:53:39,241 [INFO] PluginManager:220 - loadIPPluginJar : add radio
2026-03-28 07:53:39,260 [INFO] IPUIPlugin:80 - create IPUIPlugin
2026-03-28 07:53:39,260 [INFO] PluginManager:220 - loadIPPluginJar : add resmgrutility
2026-03-28 07:53:39,325 [INFO] IPUIPlugin:80 - create IPUIPlugin
2026-03-28 07:53:39,325 [INFO] PluginManager:220 - loadIPPluginJar : add sai
2026-03-28 07:53:39,378 [INFO] IPUIPlugin:80 - create IPUIPlugin
2026-03-28 07:53:39,378 [INFO] PluginManager:220 - loadIPPluginJar : add spi
2026-03-28 07:53:39,470 [INFO] IPUIPlugin:80 - create IPUIPlugin
2026-03-28 07:53:39,470 [INFO] PluginManager:220 - loadIPPluginJar : add stm32_wpan
2026-03-28 07:53:39,507 [INFO] IPUIPlugin:80 - create IPUIPlugin
2026-03-28 07:53:39,507 [INFO] PluginManager:220 - loadIPPluginJar : add tim
2026-03-28 07:53:39,592 [INFO] IPUIPlugin:80 - create IPUIPlugin
2026-03-28 07:53:39,592 [INFO] PluginManager:220 - loadIPPluginJar : add touchsensing
2026-03-28 07:53:39,624 [INFO] IPUIPlugin:80 - create IPUIPlugin
2026-03-28 07:53:39,624 [INFO] PluginManager:220 - loadIPPluginJar : add tracer_emb
2026-03-28 07:53:39,659 [INFO] IPUIPlugin:80 - create IPUIPlugin
2026-03-28 07:53:39,659 [INFO] PluginManager:220 - loadIPPluginJar : add ts
2026-03-28 07:53:39,695 [INFO] IPUIPlugin:80 - create IPUIPlugin
2026-03-28 07:53:39,695 [INFO] PluginManager:220 - loadIPPluginJar : add tsc
2026-03-28 07:53:39,727 [INFO] IPUIPlugin:80 - create IPUIPlugin
2026-03-28 07:53:39,727 [INFO] PluginManager:220 - loadIPPluginJar : add ucpd
2026-03-28 07:53:39,790 [INFO] IPUIPlugin:80 - create IPUIPlugin
2026-03-28 07:53:39,791 [INFO] PluginManager:220 - loadIPPluginJar : add usart
2026-03-28 07:53:39,851 [INFO] IPUIPlugin:80 - create IPUIPlugin
2026-03-28 07:53:39,851 [INFO] PluginManager:220 - loadIPPluginJar : add usbx
2026-03-28 07:53:39,996 [FATAL] Updater:351 - Updater called before beeing initialized
2026-03-28 07:53:40,030 [INFO] RulesReader:64 - Compatibility file has been processed (297 Rules)
2026-03-28 07:53:40,045 [INFO] RulesReader:64 - Compatibility file has been processed (297 Rules)
2026-03-28 07:53:40,056 [INFO] CADModel:165 - CPN selected for project level
2026-03-28 07:53:40,057 [INFO] CADModel:114 - Register for checkConnection events
2026-03-28 07:53:40,057 [FATAL] Updater:351 - Updater called before beeing initialized
2026-03-28 07:53:40,057 [ERROR] CADModel:125 - Updater not yet initialized, retry later 
2026-03-28 07:53:40,258 [FATAL] Updater:351 - Updater called before beeing initialized
2026-03-28 07:53:40,262 [INFO] CADModel:165 - CPN selected for project level
2026-03-28 07:53:40,262 [INFO] CADModel:114 - Register for checkConnection events
2026-03-28 07:53:40,262 [FATAL] Updater:351 - Updater called before beeing initialized
2026-03-28 07:53:40,262 [ERROR] CADModel:125 - Updater not yet initialized, retry later 
2026-03-28 07:53:40,267 [FATAL] Updater:351 - Updater called before beeing initialized
2026-03-28 07:53:40,428 [FATAL] Updater:351 - Updater called before beeing initialized
2026-03-28 07:53:40,443 [INFO] DbMcusAds:53 - JSON generation date=Thu Mar 05 21:32:52 ICT 2026 (1772721172610)
2026-03-28 07:53:40,443 [FATAL] Updater:351 - Updater called before beeing initialized
2026-03-28 07:53:40,499 [WARN] DetailPanel:346 - Failed to get advertising image, set to default
2026-03-28 07:53:40,756 [FATAL] Updater:351 - Updater called before beeing initialized
2026-03-28 07:53:40,758 [FATAL] Updater:351 - Updater called before beeing initialized
2026-03-28 07:53:40,758 [FATAL] Updater:351 - Updater called before beeing initialized
2026-03-28 07:53:40,759 [WARN] DetailPanel:346 - Failed to get advertising image, set to default
2026-03-28 07:53:40,760 [FATAL] Updater:351 - Updater called before beeing initialized
2026-03-28 07:53:40,841 [ERROR] Updater:1198 - MainUpdater not yet initialized. External WinMGr cannot be set.
2026-03-28 07:53:40,856 [INFO] Updater:1134 - Updater Version found : 6.13.0
2026-03-28 07:53:40,883 [INFO] ApplicationProperties:184 - Using Application install path: C:\ST\STM32CubeIDE_1.17.0\STM32CubeIDE\plugins\com.st.stm32cube.common.mx_6.13.0.202411220809
2026-03-28 07:53:42,112 [INFO] ThirdPartyUpdaterWithRetryManager:70 - Updater plugin not ready yet. [3/15]
2026-03-28 07:53:42,479 [ERROR] LogOutputStream:75 - [STDERR_REDIRECT] Mar 28, 2026 7:53:42 AM java.util.prefs.WindowsPreferences <init>
2026-03-28 07:53:42,481 [ERROR] LogOutputStream:75 - [STDERR_REDIRECT] WARNING: Could not open/create prefs root node Software\JavaSoft\Prefs at root 0xffffffff80000002. Windows RegCreateKeyEx(...) returned error code 5.
2026-03-28 07:53:42,481 [ERROR] LogOutputStream:75 - [STDERR_REDIRECT] 
2026-03-28 07:53:42,961 [INFO] MainUpdater:2872 - connection check result : 10
2026-03-28 07:53:42,962 [INFO] MainUpdater:289 - Updater Check For Update Now.
2026-03-28 07:53:42,963 [INFO] MicroXplorer:498 - Change Database Version : DB.6.0.130
2026-03-28 07:53:43,021 [INFO] McuFinderGlobals:63 - Set McuFinder mode to 2 (CubeIDE integrated)
2026-03-28 07:53:43,022 [INFO] UserAuth:171 - activating auth plugin
2026-03-28 07:53:43,028 [INFO] UserAuth:486 - Internet connection configuration mode: 1
2026-03-28 07:53:43,103 [INFO] JxBrowserEngine:152 - Initiate JxBrowser Engine with user profile folder
2026-03-28 07:53:43,287 [INFO] CheckServerUpdateThread:120 - End of CheckServer Thread
2026-03-28 07:53:44,870 [INFO] WebApp:168 - Instantiating new browser for Auth
2026-03-28 07:53:45,685 [WARN] PackLoader:240 - Cannot read IP mode file for STMicroelectronics.X-CUBE-AZRTOS-H7.3.5.0
2026-03-28 07:53:45,723 [WARN] PackLoader:240 - Cannot read IP mode file for STMicroelectronics.FP-ATR-ASTRA1.2.0.2
2026-03-28 07:53:45,755 [WARN] PackLoader:240 - Cannot read IP mode file for STMicroelectronics.X-CUBE-SMBUS.2.1.0
2026-03-28 07:53:45,804 [WARN] PackLoader:240 - Cannot read IP mode file for STMicroelectronics.X-CUBE-AZRTOS-F7.1.1.0
2026-03-28 07:53:45,838 [ERROR] Engine:466 - C:\Users\ADMIN\.stm32cubemx\thirdparties\pdsc\STMicroelectronics.FP-SNS-MOTENV1.5.1.0.pdsc: PDSC version is not supported
2026-03-28 07:53:45,868 [ERROR] Engine:466 - C:\Users\ADMIN\.stm32cubemx\thirdparties\pdsc\WES.I-CUBE-Cesium.1.4.0.pdsc: PDSC version is not supported
2026-03-28 07:53:45,987 [WARN] PackLoader:240 - Cannot read IP mode file for STMicroelectronics.X-CUBE-AZRTOS-H7.3.4.0
2026-03-28 07:53:46,039 [WARN] PackLoader:240 - Cannot read IP mode file for STMicroelectronics.X-CUBE-DISPLAY.3.0.0
2026-03-28 07:53:46,079 [ERROR] Engine:466 - C:\Users\ADMIN\.stm32cubemx\thirdparties\pdsc\STMicroelectronics.FP-SNS-MOTENVWB1.1.5.0.pdsc: PDSC version is not supported
2026-03-28 07:53:46,114 [WARN] PackLoader:240 - Cannot read IP mode file for STMicroelectronics.X-CUBE-NFC10.1.0.0
2026-03-28 07:53:46,149 [WARN] PackLoader:240 - Cannot read IP mode file for STMicroelectronics.X-CUBE-ST60.1.1.0
2026-03-28 07:53:46,192 [WARN] PackLoader:240 - Cannot read IP mode file for emotas.I-CUBE-CANOPEN.1.3.0
2026-03-28 07:53:46,218 [INFO] WebApp:449 - Apply proxy settings
2026-03-28 07:53:46,219 [INFO] WebApp:534 - Chromium requires no authentication
2026-03-28 07:53:46,225 [WARN] PackLoader:240 - Cannot read IP mode file for STMicroelectronics.X-CUBE-GNSS1.7.1.0
2026-03-28 07:53:46,240 [INFO] WebApp:477 - Direct internet connection detected
2026-03-28 07:53:46,254 [ERROR] Engine:466 - C:\Users\ADMIN\.stm32cubemx\thirdparties\pdsc\STMicroelectronics.FP-SNS-STBOX1.2.1.0.pdsc: PDSC version is not supported
2026-03-28 07:53:46,280 [WARN] PackLoader:240 - Cannot read IP mode file for STMicroelectronics.FP-SNS-SMARTAG2.1.2.0
2026-03-28 07:53:46,295 [INFO] WebApp:880 - Register for checkConnection events
2026-03-28 07:53:46,295 [INFO] WebApp:449 - Apply proxy settings
2026-03-28 07:53:46,296 [INFO] WebApp:534 - Chromium requires no authentication
2026-03-28 07:53:46,297 [INFO] WebApp:477 - Direct internet connection detected
2026-03-28 07:53:46,306 [WARN] PackLoader:240 - Cannot read IP mode file for STMicroelectronics.FP-SNS-FLIGHT1.5.1.0
2026-03-28 07:53:46,338 [INFO] LogOutputStream:77 - [STDOUT_REDIRECT] 1 : Invalid condition id : UX_CORESTACK_Condition cause : null
2026-03-28 07:53:46,339 [INFO] LogOutputStream:77 - [STDOUT_REDIRECT] 1 : Invalid condition id : UX_CORESTACK_Condition cause : null
2026-03-28 07:53:46,340 [INFO] LogOutputStream:77 - [STDOUT_REDIRECT] 1 : Invalid condition id : UX_CORESTACK_Condition cause : null
2026-03-28 07:53:46,342 [INFO] LogOutputStream:77 - [STDOUT_REDIRECT] 1 : Invalid condition id : UX_CORESTACK_Condition cause : null
2026-03-28 07:53:46,343 [INFO] LogOutputStream:77 - [STDOUT_REDIRECT] 1 : Invalid condition id : UX_CORESTACK_Condition cause : null
2026-03-28 07:53:46,347 [WARN] PackLoader:240 - Cannot read IP mode file for STMicroelectronics.X-CUBE-AZRTOS-WL.2.0.0
2026-03-28 07:53:46,400 [WARN] PackLoader:240 - Cannot read IP mode file for STMicroelectronics.X-CUBE-AZRTOS-H7RS.1.2.0
2026-03-28 07:53:46,426 [WARN] PackLoader:240 - Cannot read IP mode file for STMicroelectronics.X-CUBE-BLE2.3.3.0
2026-03-28 07:53:46,538 [WARN] PackLoader:240 - Cannot read IP mode file for Infineon.AIROC-Wi-Fi-Bluetooth-STM32.1.8.0
2026-03-28 07:53:46,563 [INFO] WebApp:187 - Connection restablished
2026-03-28 07:53:46,582 [WARN] PackLoader:240 - Cannot read IP mode file for STMicroelectronics.X-CUBE-NFC9.1.0.0
2026-03-28 07:53:46,613 [WARN] PackLoader:240 - Cannot read IP mode file for STMicroelectronics.X-CUBE-BLE1.7.1.0
2026-03-28 07:53:46,638 [WARN] PackLoader:240 - Cannot read IP mode file for wolfSSL.I-CUBE-wolfMQTT.1.19.2
2026-03-28 07:53:46,660 [ERROR] Engine:466 - C:\Users\ADMIN\.stm32cubemx\thirdparties\pdsc\STMicroelectronics.X-CUBE-FREERTOS.1.4.0.pdsc: PDSC version is not supported
2026-03-28 07:53:46,687 [WARN] PackLoader:240 - Cannot read IP mode file for STMicroelectronics.X-CUBE-EEPRMA1.5.2.0
2026-03-28 07:53:46,713 [WARN] PackLoader:240 - Cannot read IP mode file for wolfSSL.I-CUBE-wolfSSL.5.8.4
2026-03-28 07:53:46,741 [WARN] PackLoader:240 - Cannot read IP mode file for Cesanta.I-CUBE-Mongoose.7.20.0
2026-03-28 07:53:46,746 [INFO] WebApp:221 - Starting web application
2026-03-28 07:53:46,747 [INFO] WebApp:579 - Web application path used C:\ST\STM32CubeIDE_1.17.0\STM32CubeIDE\plugins\com.st.stm32cube.common.mx_6.13.0.202411220809\db\plugins\mcufinder\reactClient1\index.html
2026-03-28 07:53:46,841 [WARN] PackLoader:240 - Cannot read IP mode file for STMicroelectronics.X-CUBE-MEMS1.12.0.0
2026-03-28 07:53:47,030 [WARN] PackLoader:240 - Cannot read IP mode file for STMicroelectronics.X-CUBE-AZRTOS-G0.1.1.0
2026-03-28 07:53:47,064 [WARN] PackLoader:240 - Cannot read IP mode file for STMicroelectronics.X-CUBE-NFC4.3.0.0
2026-03-28 07:53:47,100 [WARN] PackLoader:240 - Cannot read IP mode file for EmbeddedOffice.I-CUBE-FS-RTOS.1.0.1
2026-03-28 07:53:47,136 [WARN] PackLoader:240 - Cannot read IP mode file for STMicroelectronics.X-CUBE-WB05N.2.0.0
2026-03-28 07:53:47,164 [WARN] PackLoader:240 - Cannot read IP mode file for wolfSSL.I-CUBE-wolfTPM.3.8.0
2026-03-28 07:53:47,195 [WARN] PackLoader:240 - Cannot read IP mode file for STMicroelectronics.X-CUBE-TCPP.4.2.0
2026-03-28 07:53:47,223 [WARN] PackLoader:240 - Cannot read IP mode file for RealThread.X-CUBE-RT-Thread_Nano.4.1.1
2026-03-28 07:53:47,250 [WARN] PackLoader:240 - Cannot read IP mode file for STMicroelectronics.FP-ATR-SIGFOX1.3.2.0
2026-03-28 07:53:47,275 [ERROR] Engine:466 - C:\Users\ADMIN\.stm32cubemx\thirdparties\pdsc\STMicroelectronics.X-CUBE-FREERTOS.1.5.0.pdsc: PDSC version is not supported
2026-03-28 07:53:47,306 [WARN] PackLoader:240 - Cannot read IP mode file for ITTIA_DB.I-CUBE-ITTIADB.8.9.0
2026-03-28 07:53:47,333 [WARN] PackLoader:240 - Cannot read IP mode file for STMicroelectronics.X-CUBE-NFC6.3.2.0
2026-03-28 07:53:47,359 [WARN] PackLoader:240 - Cannot read IP mode file for STMicroelectronics.X-CUBE-AI.10.2.0
2026-03-28 07:53:47,408 [WARN] PackLoader:240 - Cannot read IP mode file for SEGGER.I-CUBE-embOS.1.3.1
2026-03-28 07:53:47,469 [WARN] PackLoader:240 - Cannot read IP mode file for STMicroelectronics.X-CUBE-ALGOBUILD.1.4.0
2026-03-28 07:53:47,495 [WARN] PackLoader:240 - Cannot read IP mode file for STMicroelectronics.X-CUBE-PM33A1.1.0.0
2026-03-28 07:53:47,669 [WARN] PackLoader:240 - Cannot read IP mode file for STMicroelectronics.X-CUBE-AZRTOS-F4.1.1.0
2026-03-28 07:53:47,699 [WARN] PackLoader:240 - Cannot read IP mode file for STMicroelectronics.X-CUBE-ISPU.2.1.0
2026-03-28 07:53:47,729 [ERROR] Engine:466 - C:\Users\ADMIN\.stm32cubemx\thirdparties\pdsc\STMicroelectronics.X-CUBE-IPS.3.2.0.pdsc: PDSC version is not supported
2026-03-28 07:53:47,759 [WARN] PackLoader:240 - Cannot read IP mode file for STMicroelectronics.X-CUBE-NFC12.1.0.0
2026-03-28 07:53:47,806 [WARN] PackLoader:240 - Cannot read IP mode file for STMicroelectronics.X-CUBE-AZRTOS-L5.2.0.0
2026-03-28 07:53:47,834 [WARN] PackLoader:240 - Cannot read IP mode file for STMicroelectronics.X-CUBE-TOUCHGFX.4.26.0
2026-03-28 07:53:47,858 [WARN] PackLoader:240 - Cannot read IP mode file for STMicroelectronics.X-CUBE-TOUCHGFX.4.26.1
2026-03-28 07:53:47,883 [WARN] PackLoader:240 - Cannot read IP mode file for STMicroelectronics.FP-SNS-STAIOTCFT.1.0.0
2026-03-28 07:53:47,909 [WARN] PackLoader:240 - Cannot read IP mode file for STMicroelectronics.X-CUBE-DPower.1.3.0
2026-03-28 07:53:47,953 [WARN] ConditionMgr:438 - getConditionDescription Invalid condition id : LAN8742 Phy interface Condition cause : null
2026-03-28 07:53:47,954 [WARN] PackLoader:240 - Cannot read IP mode file for STMicroelectronics.X-CUBE-AZRTOS-L4.2.0.0
2026-03-28 07:53:47,955 [WARN] ConditionMgr:1044 - genDependencies : Invalid condition id : LAN8742 Phy interface Condition cause : null
2026-03-28 07:53:47,955 [WARN] ConditionMgr:1044 - genDependencies : Invalid condition id : LAN8742 Phy interface Condition cause : null
2026-03-28 07:53:47,956 [WARN] ConditionMgr:1044 - genDependencies : Invalid condition id : LAN8742 Phy interface Condition cause : null
2026-03-28 07:53:47,984 [WARN] PackLoader:240 - Cannot read IP mode file for STMicroelectronics.X-CUBE-SFXS2LP1.4.0.0
2026-03-28 07:53:48,005 [ERROR] Engine:466 - C:\Users\ADMIN\.stm32cubemx\thirdparties\pdsc\STMicroelectronics.X-CUBE-ST67W61.1.2.0.pdsc: PDSC version is not supported
2026-03-28 07:53:48,033 [WARN] PackLoader:240 - Cannot read IP mode file for STMicroelectronics.X-CUBE-BLEMGR.4.1.0
2026-03-28 07:53:48,068 [WARN] ConditionMgr:438 - getConditionDescription Invalid condition id : UX DEVICE CLASS RTOS Condition cause : null
2026-03-28 07:53:48,068 [WARN] ConditionMgr:438 - getConditionDescription Invalid condition id : UX DEVICE CLASS RTOS Condition cause : null
2026-03-28 07:53:48,070 [WARN] PackLoader:240 - Cannot read IP mode file for STMicroelectronics.X-CUBE-AZRTOS-WB.2.0.0
2026-03-28 07:53:48,072 [WARN] ConditionMgr:1044 - genDependencies : Invalid condition id : UX DEVICE CLASS RTOS Condition cause : null
2026-03-28 07:53:48,072 [WARN] ConditionMgr:1044 - genDependencies : Invalid condition id : UX DEVICE CLASS RTOS Condition cause : null
2026-03-28 07:53:48,072 [WARN] ConditionMgr:1044 - genDependencies : Invalid condition id : UX DEVICE CLASS RTOS Condition cause : null
2026-03-28 07:53:48,072 [WARN] ConditionMgr:1044 - genDependencies : Invalid condition id : UX DEVICE CLASS RTOS Condition cause : null
2026-03-28 07:53:48,073 [WARN] ConditionMgr:1044 - genDependencies : Invalid condition id : UX DEVICE CLASS RTOS Condition cause : null
2026-03-28 07:53:48,093 [WARN] ConditionMgr:438 - getConditionDescription Invalid condition id : Cortex-A Device cause : null
2026-03-28 07:53:48,121 [WARN] ConditionMgr:1044 - genDependencies : Invalid condition id : Cortex-A Device cause : null
2026-03-28 07:53:48,121 [WARN] ConditionMgr:1044 - genDependencies : Invalid condition id : Cortex-A Device cause : null
2026-03-28 07:53:48,121 [WARN] ConditionMgr:1044 - genDependencies : Invalid condition id : Cortex-A Device cause : null
2026-03-28 07:53:48,146 [WARN] PackLoader:240 - Cannot read IP mode file for STMicroelectronics.X-CUBE-STSE01.2.0.0
2026-03-28 07:53:48,179 [WARN] PackLoader:240 - Cannot read IP mode file for STMicroelectronics.X-CUBE-SUBG2.5.0.0
2026-03-28 07:53:48,226 [WARN] PackLoader:240 - Cannot read IP mode file for STMicroelectronics.X-CUBE-AZRTOS-G4.2.0.0
2026-03-28 07:53:48,250 [WARN] PackLoader:240 - Cannot read IP mode file for wolfSSL.I-CUBE-wolfSSH.1.4.20
2026-03-28 07:53:48,273 [WARN] PackLoader:240 - Cannot read IP mode file for STMicroelectronics.X-CUBE-NFC7.2.0.0
2026-03-28 07:53:48,300 [WARN] PackLoader:240 - Cannot read IP mode file for STMicroelectronics.X-CUBE-ALS.1.0.2
2026-03-28 07:53:48,336 [WARN] PackLoader:240 - Cannot read IP mode file for STMicroelectronics.X-CUBE-TOF1.3.4.3
2026-03-28 07:53:48,347 [INFO] ThirdParty:978 - Integrity check success = true
2026-03-28 07:53:48,347 [INFO] IntegrityCheckThread:100 - exiting critical section [integrity check]
2026-03-28 07:53:48,347 [INFO] IntegrityCheckThread:103 - End integrity checks thread
