2026-03-25 14:03:04,112 [INFO] Activator:176 - 


2026-03-25 14:03:04,118 [INFO] Activator:177 - !SESSION log4j initialized
2026-03-25 14:03:14,524 [INFO] LogOutputStream:77 - [STDOUT_REDIRECT] 
2026-03-25 14:03:25,736 [INFO] ApplicationProperties:184 - Using Application install path: C:\ST\STM32CubeIDE_1.17.0\STM32CubeIDE\plugins\com.st.stm32cube.common.mx_6.13.0.202411220809
2026-03-25 14:03:25,775 [INFO] DbMcusXml:78 - Set database path to: C:\ST\STM32CubeIDE_1.17.0\STM32CubeIDE\plugins\com.st.stm32cube.common.mx_6.13.0.202411220809\\db\/mcu/
2026-03-25 14:03:25,775 [INFO] ApiDb:274 - Set plugin database path to: C:\ST\STM32CubeIDE_1.17.0\STM32CubeIDE\plugins\com.st.stm32cube.common.mx_6.13.0.202411220809\\db\/plugins/boardmanager/
2026-03-25 14:03:25,776 [WARN] ApiDb:259 - Overriding images path with different value:  => C:\ST\STM32CubeIDE_1.17.0\STM32CubeIDE\plugins\com.st.stm32cube.common.mx_6.13.0.202411220809\\db\/plugins/mcufinder/images/
2026-03-25 14:03:25,809 [INFO] ApiDb:250 - Set database path to: C:\Users\ADMIN\.stmcufinder\plugins\mcufinder//mcu/
2026-03-25 14:03:25,812 [INFO] DbMcusAds:125 - Set database path to: C:\Users\ADMIN\.stmcufinder\plugins\mcufinder//mcu/
2026-03-25 14:03:26,426 [INFO] CrossReferenceDbSqlite:203 - Set database path to: C:\Users\ADMIN\.stmcufinder\plugins\mcufinder//mcu/cs/
2026-03-25 14:03:26,724 [INFO] RulesReader:64 - Compatibility file has been processed (297 Rules)
2026-03-25 14:03:26,916 [INFO] DbMcusXml:78 - Set database path to: C:\ST\STM32CubeIDE_1.17.0\STM32CubeIDE\plugins\com.st.stm32cube.common.mx_6.13.0.202411220809\\db\/mcu/
2026-03-25 14:03:26,918 [INFO] ApiDb:274 - Set plugin database path to: C:\ST\STM32CubeIDE_1.17.0\STM32CubeIDE\plugins\com.st.stm32cube.common.mx_6.13.0.202411220809\\db\/plugins/boardmanager/
2026-03-25 14:03:26,918 [INFO] ApiDb:261 - Set plugin images path to: C:\ST\STM32CubeIDE_1.17.0\STM32CubeIDE\plugins\com.st.stm32cube.common.mx_6.13.0.202411220809\\db\/plugins/mcufinder/images/
2026-03-25 14:03:26,919 [WARN] DbFile:41 - Overriding database path with different value: C:\Users\ADMIN\.stmcufinder\plugins\mcufinder/ => C:\Users\ADMIN\.stmcufinder\plugins\mcufinder
2026-03-25 14:03:26,920 [INFO] ApiDb:250 - Set database path to: C:\Users\ADMIN\.stmcufinder\plugins\mcufinder//mcu/
2026-03-25 14:03:26,920 [WARN] DbFile:41 - Overriding database path with different value: C:\Users\ADMIN\.stmcufinder\plugins\mcufinder/ => C:\Users\ADMIN\.stmcufinder\plugins\mcufinder
2026-03-25 14:03:26,920 [INFO] DbMcusAds:125 - Set database path to: C:\Users\ADMIN\.stmcufinder\plugins\mcufinder//mcu/
2026-03-25 14:03:26,920 [WARN] DbFile:41 - Overriding database path with different value: C:\Users\ADMIN\.stmcufinder\plugins\mcufinder/ => C:\Users\ADMIN\.stmcufinder\plugins\mcufinder
2026-03-25 14:03:26,921 [WARN] DbFile:41 - Overriding database path with different value: C:\Users\ADMIN\.stmcufinder\plugins\mcufinder/ => C:\Users\ADMIN\.stmcufinder\plugins\mcufinder
2026-03-25 14:03:26,921 [INFO] CrossReferenceDbSqlite:203 - Set database path to: C:\Users\ADMIN\.stmcufinder\plugins\mcufinder//mcu/cs/
2026-03-25 14:03:27,091 [INFO] MainPanel:272 - HeapMemory: 268435456
2026-03-25 14:03:27,323 [INFO] DbMcusXml:78 - Set database path to: C:\ST\STM32CubeIDE_1.17.0\STM32CubeIDE\plugins\com.st.stm32cube.common.mx_6.13.0.202411220809\\db\/mcu/
2026-03-25 14:03:27,325 [INFO] ApiDb:274 - Set plugin database path to: C:\ST\STM32CubeIDE_1.17.0\STM32CubeIDE\plugins\com.st.stm32cube.common.mx_6.13.0.202411220809\\db\/plugins/boardmanager/
2026-03-25 14:03:27,325 [INFO] ApiDb:261 - Set plugin images path to: C:\ST\STM32CubeIDE_1.17.0\STM32CubeIDE\plugins\com.st.stm32cube.common.mx_6.13.0.202411220809\\db\/plugins/mcufinder/images/
2026-03-25 14:03:27,326 [WARN] DbFile:41 - Overriding database path with different value: C:\Users\ADMIN\.stmcufinder\plugins\mcufinder/ => C:\Users\ADMIN\.stmcufinder\plugins\mcufinder
2026-03-25 14:03:27,326 [INFO] ApiDb:250 - Set database path to: C:\Users\ADMIN\.stmcufinder\plugins\mcufinder//mcu/
2026-03-25 14:03:27,326 [WARN] DbFile:41 - Overriding database path with different value: C:\Users\ADMIN\.stmcufinder\plugins\mcufinder/ => C:\Users\ADMIN\.stmcufinder\plugins\mcufinder
2026-03-25 14:03:27,326 [INFO] DbMcusAds:125 - Set database path to: C:\Users\ADMIN\.stmcufinder\plugins\mcufinder//mcu/
2026-03-25 14:03:27,327 [WARN] DbFile:41 - Overriding database path with different value: C:\Users\ADMIN\.stmcufinder\plugins\mcufinder/ => C:\Users\ADMIN\.stmcufinder\plugins\mcufinder
2026-03-25 14:03:27,327 [WARN] DbFile:41 - Overriding database path with different value: C:\Users\ADMIN\.stmcufinder\plugins\mcufinder/ => C:\Users\ADMIN\.stmcufinder\plugins\mcufinder
2026-03-25 14:03:27,327 [INFO] CrossReferenceDbSqlite:203 - Set database path to: C:\Users\ADMIN\.stmcufinder\plugins\mcufinder//mcu/cs/
2026-03-25 14:03:27,364 [INFO] ApplicationProperties:184 - Using Application install path: C:\ST\STM32CubeIDE_1.17.0\STM32CubeIDE\plugins\com.st.stm32cube.common.mx_6.13.0.202411220809
2026-03-25 14:03:27,367 [INFO] PluginManage:196 - Search for loadable plugins [exclusion list=, ]
2026-03-25 14:03:27,370 [INFO] PluginManage:310 - Check plugin analytics
2026-03-25 14:03:27,672 [INFO] AnalyticsPlugin:253 - Accepted Software Licenses: STM32CubeMX.6.16.1
2026-03-25 14:03:27,673 [INFO] AnalyticsPlugin:255 - Accepted CMSIS Pack Licenses: 
2026-03-25 14:03:27,673 [INFO] AnalyticsPlugin:257 - Accepted Firmware Licenses: 
2026-03-25 14:03:27,678 [INFO] PluginManage:359 - Loaded plugin analytics (category:tool,tabindex:-1)
2026-03-25 14:03:27,679 [INFO] PluginManage:310 - Check plugin cadmodel
2026-03-25 14:03:27,712 [INFO] CADModel:105 - Init CAD model plugin
2026-03-25 14:03:27,712 [INFO] PluginManage:359 - Loaded plugin cadmodel (category:power,tabindex:5)
2026-03-25 14:03:27,712 [INFO] PluginManage:310 - Check plugin clock
2026-03-25 14:03:27,747 [INFO] PluginManage:359 - Loaded plugin clock (category:base,tabindex:2)
2026-03-25 14:03:27,747 [INFO] PluginManage:310 - Check plugin ddr
2026-03-25 14:03:27,752 [INFO] PluginManage:359 - Loaded plugin ddr (category:tool,tabindex:6)
2026-03-25 14:03:27,752 [INFO] PluginManage:310 - Check plugin filemanager
2026-03-25 14:03:28,003 [INFO] PluginManage:359 - Loaded plugin filemanager (category:base,tabindex:10)
2026-03-25 14:03:28,003 [INFO] PluginManage:310 - Check plugin ipmanager
2026-03-25 14:03:28,017 [INFO] PluginManage:359 - Loaded plugin ipmanager (category:base,tabindex:5)
2026-03-25 14:03:28,017 [INFO] PluginManage:310 - Check plugin lpbam
2026-03-25 14:03:28,070 [INFO] PluginManage:359 - Loaded plugin lpbam (category:base,tabindex:0)
2026-03-25 14:03:28,071 [INFO] PluginManage:310 - Check plugin memorymap
2026-03-25 14:03:28,124 [INFO] PluginManage:359 - Loaded plugin memorymap (category:base,tabindex:4)
2026-03-25 14:03:28,124 [INFO] PluginManage:310 - Check plugin pinoutandconfiguration
2026-03-25 14:03:28,164 [INFO] PluginManage:359 - Loaded plugin pinoutandconfiguration (category:base,tabindex:1)
2026-03-25 14:03:28,165 [INFO] PluginManage:310 - Check plugin pinoutconfig
2026-03-25 14:03:28,378 [WARN] SupportedApi:132 - Cannot load RTOS API schema: s4s-elt-must-match.1: The content of 'definitions' must match (annotation?, (simpleType | complexType)?, (unique | key | keyref)*)). A problem was found starting at: attribute.
2026-03-25 14:03:28,649 [INFO] PluginManage:359 - Loaded plugin pinoutconfig (category:base,tabindex:0)
2026-03-25 14:03:28,650 [INFO] PluginManage:310 - Check plugin power
2026-03-25 14:03:28,690 [INFO] PluginManage:359 - Loaded plugin power (category:power,tabindex:4)
2026-03-25 14:03:28,691 [INFO] PluginManage:310 - Check plugin projectmanager
2026-03-25 14:03:28,720 [INFO] PluginManage:359 - Loaded plugin projectmanager (category:projectmanager,tabindex:4)
2026-03-25 14:03:28,721 [INFO] PluginManage:310 - Check plugin rif
2026-03-25 14:03:28,754 [INFO] PluginManage:359 - Loaded plugin rif (category:base,tabindex:3)
2026-03-25 14:03:28,755 [INFO] PluginManage:310 - Check plugin thirdparty
2026-03-25 14:03:29,322 [WARN] IntegrityCheckThread:84 - waiting for thirdparty lock release [integrity check]
2026-03-25 14:03:29,323 [INFO] PluginManage:359 - Loaded plugin thirdparty (category:base,tabindex:-1)
2026-03-25 14:03:29,323 [INFO] IntegrityCheckThread:86 - entering critical section [integrity check]
2026-03-25 14:03:29,323 [INFO] PluginManage:310 - Check plugin tools
2026-03-25 14:03:29,325 [INFO] ThirdPartyUpdaterWithRetryManager:70 - Updater plugin not ready yet. [1/15]
2026-03-25 14:03:29,405 [INFO] PluginManage:359 - Loaded plugin tools (category:base,tabindex:7)
2026-03-25 14:03:29,406 [INFO] PluginManage:310 - Check plugin tutovideos
2026-03-25 14:03:29,826 [INFO] PluginManage:359 - Loaded plugin tutovideos (category:base,tabindex:-1)
2026-03-25 14:03:29,826 [INFO] PluginManage:310 - Check plugin updater
2026-03-25 14:03:29,872 [INFO] PluginManage:359 - Loaded plugin updater (category:base,tabindex:12)
2026-03-25 14:03:29,872 [INFO] PluginManage:310 - Check plugin userauth
2026-03-25 14:03:29,880 [INFO] UserAuth:118 - Init User Auth plugin
2026-03-25 14:03:29,881 [INFO] PluginManage:359 - Loaded plugin userauth (category:base,tabindex:14)
2026-03-25 14:03:29,883 [INFO] PluginManage:283 - PluginManage : Loaded plugins [18]
2026-03-25 14:03:30,287 [INFO] PinOutPanel:1589 - setPackage(No Configuration,No Configuration)
2026-03-25 14:03:30,459 [INFO] CADModel:165 - CPN selected for project level
2026-03-25 14:03:30,459 [INFO] CADModel:114 - Register for checkConnection events
2026-03-25 14:03:30,525 [INFO] IPUIPlugin:80 - create IPUIPlugin
2026-03-25 14:03:30,525 [INFO] PluginManager:220 - loadIPPluginJar : add adc
2026-03-25 14:03:30,616 [INFO] IPUIPlugin:80 - create IPUIPlugin
2026-03-25 14:03:30,617 [INFO] PluginManager:220 - loadIPPluginJar : add aes
2026-03-25 14:03:30,713 [INFO] IPUIPlugin:80 - create IPUIPlugin
2026-03-25 14:03:30,714 [INFO] PluginManager:220 - loadIPPluginJar : add can
2026-03-25 14:03:30,778 [INFO] IPUIPlugin:80 - create IPUIPlugin
2026-03-25 14:03:30,778 [INFO] PluginManager:220 - loadIPPluginJar : add comp
2026-03-25 14:03:30,860 [INFO] IPUIPlugin:80 - create IPUIPlugin
2026-03-25 14:03:30,860 [INFO] PluginManager:220 - loadIPPluginJar : add cryp
2026-03-25 14:03:30,885 [INFO] IPUIPlugin:80 - create IPUIPlugin
2026-03-25 14:03:30,885 [INFO] PluginManager:220 - loadIPPluginJar : add ddr_ctrl_phy
2026-03-25 14:03:30,949 [INFO] IPUIPlugin:80 - create IPUIPlugin
2026-03-25 14:03:30,949 [INFO] PluginManager:220 - loadIPPluginJar : add dfsdm
2026-03-25 14:03:30,975 [INFO] IPUIPlugin:80 - create IPUIPlugin
2026-03-25 14:03:30,976 [INFO] PluginManager:220 - loadIPPluginJar : add dma
2026-03-25 14:03:31,059 [INFO] IPUIPlugin:80 - create IPUIPlugin
2026-03-25 14:03:31,059 [INFO] PluginManager:220 - loadIPPluginJar : add dma3
2026-03-25 14:03:31,155 [INFO] IPUIPlugin:80 - create IPUIPlugin
2026-03-25 14:03:31,156 [INFO] PluginManager:220 - loadIPPluginJar : add extmemmanager
2026-03-25 14:03:31,201 [INFO] IPUIPlugin:80 - create IPUIPlugin
2026-03-25 14:03:31,202 [INFO] PluginManager:220 - loadIPPluginJar : add fatfs
2026-03-25 14:03:31,310 [INFO] IPUIPlugin:80 - create IPUIPlugin
2026-03-25 14:03:31,310 [INFO] PluginManager:220 - loadIPPluginJar : add fmc
2026-03-25 14:03:31,338 [INFO] IPUIPlugin:80 - create IPUIPlugin
2026-03-25 14:03:31,338 [INFO] PluginManager:220 - loadIPPluginJar : add freertos
2026-03-25 14:03:31,382 [INFO] IPUIPlugin:80 - create IPUIPlugin
2026-03-25 14:03:31,382 [INFO] PluginManager:220 - loadIPPluginJar : add genericplugin
2026-03-25 14:03:31,595 [INFO] IPUIPlugin:80 - create IPUIPlugin
2026-03-25 14:03:31,595 [INFO] PluginManager:220 - loadIPPluginJar : add gfxmmu
2026-03-25 14:03:31,889 [INFO] IPUIPlugin:80 - create IPUIPlugin
2026-03-25 14:03:31,889 [INFO] PluginManager:220 - loadIPPluginJar : add gic
2026-03-25 14:03:31,955 [INFO] IPUIPlugin:80 - create IPUIPlugin
2026-03-25 14:03:31,955 [INFO] PluginManager:220 - loadIPPluginJar : add gpio
2026-03-25 14:03:32,125 [INFO] IPUIPlugin:80 - create IPUIPlugin
2026-03-25 14:03:32,125 [INFO] PluginManager:220 - loadIPPluginJar : add gtzc
2026-03-25 14:03:32,221 [INFO] IPUIPlugin:80 - create IPUIPlugin
2026-03-25 14:03:32,221 [INFO] PluginManager:220 - loadIPPluginJar : add hash
2026-03-25 14:03:32,320 [INFO] IPUIPlugin:80 - create IPUIPlugin
2026-03-25 14:03:32,320 [INFO] PluginManager:220 - loadIPPluginJar : add i2c
2026-03-25 14:03:32,336 [INFO] ThirdPartyUpdaterWithRetryManager:70 - Updater plugin not ready yet. [2/15]
2026-03-25 14:03:32,390 [INFO] IPUIPlugin:80 - create IPUIPlugin
2026-03-25 14:03:32,390 [INFO] PluginManager:220 - loadIPPluginJar : add i2s
2026-03-25 14:03:32,469 [INFO] IPUIPlugin:80 - create IPUIPlugin
2026-03-25 14:03:32,469 [INFO] PluginManager:220 - loadIPPluginJar : add i3c
2026-03-25 14:03:32,629 [INFO] IPUIPlugin:80 - create IPUIPlugin
2026-03-25 14:03:32,629 [INFO] PluginManager:220 - loadIPPluginJar : add ipddr
2026-03-25 14:03:32,855 [INFO] IPUIPlugin:80 - create IPUIPlugin
2026-03-25 14:03:32,855 [INFO] PluginManager:220 - loadIPPluginJar : add linkedlist
2026-03-25 14:03:32,915 [INFO] IPUIPlugin:80 - create IPUIPlugin
2026-03-25 14:03:32,915 [INFO] PluginManager:220 - loadIPPluginJar : add lorawan
2026-03-25 14:03:32,979 [INFO] IPUIPlugin:80 - create IPUIPlugin
2026-03-25 14:03:32,979 [INFO] PluginManager:220 - loadIPPluginJar : add ltdc
2026-03-25 14:03:33,001 [INFO] IPUIPlugin:80 - create IPUIPlugin
2026-03-25 14:03:33,001 [INFO] PluginManager:220 - loadIPPluginJar : add mdma
2026-03-25 14:03:33,024 [INFO] IPUIPlugin:80 - create IPUIPlugin
2026-03-25 14:03:33,025 [INFO] PluginManager:220 - loadIPPluginJar : add nvic
2026-03-25 14:03:33,104 [INFO] IPUIPlugin:80 - create IPUIPlugin
2026-03-25 14:03:33,104 [INFO] PluginManager:220 - loadIPPluginJar : add opamp
2026-03-25 14:03:33,214 [INFO] IPUIPlugin:80 - create IPUIPlugin
2026-03-25 14:03:33,214 [INFO] PluginManager:220 - loadIPPluginJar : add openamp
2026-03-25 14:03:33,299 [INFO] IPUIPlugin:80 - create IPUIPlugin
2026-03-25 14:03:33,299 [INFO] PluginManager:220 - loadIPPluginJar : add pdm2pcm
2026-03-25 14:03:33,324 [INFO] IPUIPlugin:80 - create IPUIPlugin
2026-03-25 14:03:33,328 [INFO] PluginManager:220 - loadIPPluginJar : add plateformsettings
2026-03-25 14:03:33,370 [INFO] IPUIPlugin:80 - create IPUIPlugin
2026-03-25 14:03:33,371 [INFO] PluginManager:220 - loadIPPluginJar : add quadspi
2026-03-25 14:03:33,427 [INFO] IPUIPlugin:80 - create IPUIPlugin
2026-03-25 14:03:33,430 [INFO] PluginManager:220 - loadIPPluginJar : add radio
2026-03-25 14:03:33,457 [INFO] IPUIPlugin:80 - create IPUIPlugin
2026-03-25 14:03:33,457 [INFO] PluginManager:220 - loadIPPluginJar : add resmgrutility
2026-03-25 14:03:33,588 [INFO] IPUIPlugin:80 - create IPUIPlugin
2026-03-25 14:03:33,588 [INFO] PluginManager:220 - loadIPPluginJar : add sai
2026-03-25 14:03:33,666 [INFO] IPUIPlugin:80 - create IPUIPlugin
2026-03-25 14:03:33,666 [INFO] PluginManager:220 - loadIPPluginJar : add spi
2026-03-25 14:03:33,793 [INFO] IPUIPlugin:80 - create IPUIPlugin
2026-03-25 14:03:33,793 [INFO] PluginManager:220 - loadIPPluginJar : add stm32_wpan
2026-03-25 14:03:33,873 [INFO] IPUIPlugin:80 - create IPUIPlugin
2026-03-25 14:03:33,873 [INFO] PluginManager:220 - loadIPPluginJar : add tim
2026-03-25 14:03:33,977 [INFO] IPUIPlugin:80 - create IPUIPlugin
2026-03-25 14:03:33,977 [INFO] PluginManager:220 - loadIPPluginJar : add touchsensing
2026-03-25 14:03:34,018 [INFO] IPUIPlugin:80 - create IPUIPlugin
2026-03-25 14:03:34,018 [INFO] PluginManager:220 - loadIPPluginJar : add tracer_emb
2026-03-25 14:03:34,058 [INFO] IPUIPlugin:80 - create IPUIPlugin
2026-03-25 14:03:34,058 [INFO] PluginManager:220 - loadIPPluginJar : add ts
2026-03-25 14:03:34,097 [INFO] IPUIPlugin:80 - create IPUIPlugin
2026-03-25 14:03:34,098 [INFO] PluginManager:220 - loadIPPluginJar : add tsc
2026-03-25 14:03:34,133 [INFO] IPUIPlugin:80 - create IPUIPlugin
2026-03-25 14:03:34,134 [INFO] PluginManager:220 - loadIPPluginJar : add ucpd
2026-03-25 14:03:34,219 [INFO] IPUIPlugin:80 - create IPUIPlugin
2026-03-25 14:03:34,219 [INFO] PluginManager:220 - loadIPPluginJar : add usart
2026-03-25 14:03:34,283 [INFO] IPUIPlugin:80 - create IPUIPlugin
2026-03-25 14:03:34,283 [INFO] PluginManager:220 - loadIPPluginJar : add usbx
2026-03-25 14:03:34,449 [FATAL] Updater:351 - Updater called before beeing initialized
2026-03-25 14:03:34,521 [INFO] RulesReader:64 - Compatibility file has been processed (297 Rules)
2026-03-25 14:03:34,538 [INFO] RulesReader:64 - Compatibility file has been processed (297 Rules)
2026-03-25 14:03:34,556 [INFO] CADModel:165 - CPN selected for project level
2026-03-25 14:03:34,556 [INFO] CADModel:114 - Register for checkConnection events
2026-03-25 14:03:34,556 [FATAL] Updater:351 - Updater called before beeing initialized
2026-03-25 14:03:34,556 [ERROR] CADModel:125 - Updater not yet initialized, retry later 
2026-03-25 14:03:34,766 [FATAL] Updater:351 - Updater called before beeing initialized
2026-03-25 14:03:34,769 [INFO] CADModel:165 - CPN selected for project level
2026-03-25 14:03:34,769 [INFO] CADModel:114 - Register for checkConnection events
2026-03-25 14:03:34,769 [FATAL] Updater:351 - Updater called before beeing initialized
2026-03-25 14:03:34,769 [ERROR] CADModel:125 - Updater not yet initialized, retry later 
2026-03-25 14:03:34,774 [FATAL] Updater:351 - Updater called before beeing initialized
2026-03-25 14:03:34,923 [FATAL] Updater:351 - Updater called before beeing initialized
2026-03-25 14:03:34,941 [INFO] DbMcusAds:53 - JSON generation date=Thu Mar 05 21:32:52 ICT 2026 (1772721172610)
2026-03-25 14:03:34,941 [FATAL] Updater:351 - Updater called before beeing initialized
2026-03-25 14:03:35,002 [WARN] DetailPanel:346 - Failed to get advertising image, set to default
2026-03-25 14:03:35,282 [FATAL] Updater:351 - Updater called before beeing initialized
2026-03-25 14:03:35,285 [FATAL] Updater:351 - Updater called before beeing initialized
2026-03-25 14:03:35,286 [FATAL] Updater:351 - Updater called before beeing initialized
2026-03-25 14:03:35,286 [WARN] DetailPanel:346 - Failed to get advertising image, set to default
2026-03-25 14:03:35,287 [FATAL] Updater:351 - Updater called before beeing initialized
2026-03-25 14:03:35,351 [INFO] ThirdPartyUpdaterWithRetryManager:70 - Updater plugin not ready yet. [3/15]
2026-03-25 14:03:35,395 [ERROR] Updater:1198 - MainUpdater not yet initialized. External WinMGr cannot be set.
2026-03-25 14:03:35,413 [INFO] Updater:1134 - Updater Version found : 6.13.0
2026-03-25 14:03:35,449 [INFO] ApplicationProperties:184 - Using Application install path: C:\ST\STM32CubeIDE_1.17.0\STM32CubeIDE\plugins\com.st.stm32cube.common.mx_6.13.0.202411220809
2026-03-25 14:03:37,117 [ERROR] LogOutputStream:75 - [STDERR_REDIRECT] Mar 25, 2026 2:03:37 PM java.util.prefs.WindowsPreferences <init>
2026-03-25 14:03:37,120 [ERROR] LogOutputStream:75 - [STDERR_REDIRECT] WARNING: Could not open/create prefs root node Software\JavaSoft\Prefs at root 0xffffffff80000002. Windows RegCreateKeyEx(...) returned error code 5.
2026-03-25 14:03:37,121 [ERROR] LogOutputStream:75 - [STDERR_REDIRECT] 
2026-03-25 14:03:38,364 [FATAL] Updater:351 - Updater called before beeing initialized
2026-03-25 14:03:38,365 [ERROR] IntegrityCheckThread:130 - Cannot retrieve database content from updater: error 21
2026-03-25 14:03:38,366 [INFO] ThirdParty:978 - Integrity check success = false
2026-03-25 14:03:38,366 [INFO] IntegrityCheckThread:100 - exiting critical section [integrity check]
2026-03-25 14:03:38,366 [INFO] IntegrityCheckThread:103 - End integrity checks thread
2026-03-25 14:03:39,271 [INFO] MainUpdater:2872 - connection check result : 10
2026-03-25 14:03:39,273 [INFO] MainUpdater:289 - Updater Check For Update Now.
2026-03-25 14:03:39,273 [INFO] MicroXplorer:498 - Change Database Version : DB.6.0.130
2026-03-25 14:03:39,350 [INFO] McuFinderGlobals:63 - Set McuFinder mode to 2 (CubeIDE integrated)
2026-03-25 14:03:39,351 [INFO] UserAuth:171 - activating auth plugin
2026-03-25 14:03:39,359 [INFO] UserAuth:486 - Internet connection configuration mode: 1
2026-03-25 14:03:39,439 [INFO] JxBrowserEngine:152 - Initiate JxBrowser Engine with user profile folder
2026-03-25 14:03:39,678 [INFO] CheckServerUpdateThread:120 - End of CheckServer Thread
2026-03-25 14:03:41,365 [INFO] WebApp:168 - Instantiating new browser for Auth
2026-03-25 14:03:42,654 [INFO] WebApp:449 - Apply proxy settings
2026-03-25 14:03:42,655 [INFO] WebApp:534 - Chromium requires no authentication
2026-03-25 14:03:42,673 [INFO] WebApp:477 - Direct internet connection detected
2026-03-25 14:03:42,725 [INFO] WebApp:880 - Register for checkConnection events
2026-03-25 14:03:42,726 [INFO] WebApp:449 - Apply proxy settings
2026-03-25 14:03:42,738 [INFO] WebApp:534 - Chromium requires no authentication
2026-03-25 14:03:42,740 [INFO] WebApp:477 - Direct internet connection detected
2026-03-25 14:03:43,116 [INFO] WebApp:221 - Starting web application
2026-03-25 14:03:43,116 [INFO] WebApp:579 - Web application path used C:\ST\STM32CubeIDE_1.17.0\STM32CubeIDE\plugins\com.st.stm32cube.common.mx_6.13.0.202411220809\db\plugins\mcufinder\reactClient1\index.html
2026-03-25 14:03:45,206 [INFO] WebApp:187 - Connection restablished
2026-03-25 14:48:30,465 [INFO] WebApp:190 - Connection lost
2026-03-25 14:49:01,733 [INFO] WebApp:187 - Connection restablished
2026-03-25 14:55:28,965 [INFO] WebApp:190 - Connection lost
2026-03-25 14:58:37,393 [INFO] WebApp:187 - Connection restablished
2026-03-25 14:58:59,553 [ERROR] ConfigurationRetriever:142 - IOException on connection: Connect timed out
2026-03-25 14:59:01,557 [ERROR] ConfigurationRetriever:142 - IOException on connection: Connect timed out
2026-03-25 14:59:03,559 [ERROR] ConfigurationRetriever:142 - IOException on connection: Connect timed out
2026-03-25 15:06:45,964 [INFO] WebApp:190 - Connection lost
2026-03-25 15:06:46,406 [INFO] WebApp:187 - Connection restablished
2026-03-25 15:12:24,979 [INFO] WebApp:190 - Connection lost
2026-03-25 15:12:25,332 [INFO] WebApp:187 - Connection restablished
2026-03-25 15:20:47,915 [ERROR] LogOutputStream:75 - [STDERR_REDIRECT] 
