2026-03-24 21:30:57,806 [INFO] Activator:176 - 


2026-03-24 21:30:57,812 [INFO] Activator:177 - !SESSION log4j initialized
2026-03-24 21:31:08,188 [INFO] LogOutputStream:77 - [STDOUT_REDIRECT] 
2026-03-24 21:31:17,005 [INFO] ApplicationProperties:184 - Using Application install path: C:\ST\STM32CubeIDE_1.17.0\STM32CubeIDE\plugins\com.st.stm32cube.common.mx_6.13.0.202411220809
2026-03-24 21:31:17,035 [INFO] DbMcusXml:78 - Set database path to: C:\ST\STM32CubeIDE_1.17.0\STM32CubeIDE\plugins\com.st.stm32cube.common.mx_6.13.0.202411220809\\db\/mcu/
2026-03-24 21:31:17,036 [INFO] ApiDb:274 - Set plugin database path to: C:\ST\STM32CubeIDE_1.17.0\STM32CubeIDE\plugins\com.st.stm32cube.common.mx_6.13.0.202411220809\\db\/plugins/boardmanager/
2026-03-24 21:31:17,038 [WARN] ApiDb:259 - Overriding images path with different value:  => C:\ST\STM32CubeIDE_1.17.0\STM32CubeIDE\plugins\com.st.stm32cube.common.mx_6.13.0.202411220809\\db\/plugins/mcufinder/images/
2026-03-24 21:31:17,073 [INFO] ApiDb:250 - Set database path to: C:\Users\ADMIN\.stmcufinder\plugins\mcufinder//mcu/
2026-03-24 21:31:17,075 [INFO] DbMcusAds:125 - Set database path to: C:\Users\ADMIN\.stmcufinder\plugins\mcufinder//mcu/
2026-03-24 21:31:17,079 [INFO] CrossReferenceDbSqlite:203 - Set database path to: C:\Users\ADMIN\.stmcufinder\plugins\mcufinder//mcu/cs/
2026-03-24 21:31:17,274 [INFO] RulesReader:64 - Compatibility file has been processed (297 Rules)
2026-03-24 21:31:17,422 [INFO] DbMcusXml:78 - Set database path to: C:\ST\STM32CubeIDE_1.17.0\STM32CubeIDE\plugins\com.st.stm32cube.common.mx_6.13.0.202411220809\\db\/mcu/
2026-03-24 21:31:17,422 [INFO] ApiDb:274 - Set plugin database path to: C:\ST\STM32CubeIDE_1.17.0\STM32CubeIDE\plugins\com.st.stm32cube.common.mx_6.13.0.202411220809\\db\/plugins/boardmanager/
2026-03-24 21:31:17,422 [INFO] ApiDb:261 - Set plugin images path to: C:\ST\STM32CubeIDE_1.17.0\STM32CubeIDE\plugins\com.st.stm32cube.common.mx_6.13.0.202411220809\\db\/plugins/mcufinder/images/
2026-03-24 21:31:17,423 [WARN] DbFile:41 - Overriding database path with different value: C:\Users\ADMIN\.stmcufinder\plugins\mcufinder/ => C:\Users\ADMIN\.stmcufinder\plugins\mcufinder
2026-03-24 21:31:17,423 [INFO] ApiDb:250 - Set database path to: C:\Users\ADMIN\.stmcufinder\plugins\mcufinder//mcu/
2026-03-24 21:31:17,424 [WARN] DbFile:41 - Overriding database path with different value: C:\Users\ADMIN\.stmcufinder\plugins\mcufinder/ => C:\Users\ADMIN\.stmcufinder\plugins\mcufinder
2026-03-24 21:31:17,424 [INFO] DbMcusAds:125 - Set database path to: C:\Users\ADMIN\.stmcufinder\plugins\mcufinder//mcu/
2026-03-24 21:31:17,424 [WARN] DbFile:41 - Overriding database path with different value: C:\Users\ADMIN\.stmcufinder\plugins\mcufinder/ => C:\Users\ADMIN\.stmcufinder\plugins\mcufinder
2026-03-24 21:31:17,424 [WARN] DbFile:41 - Overriding database path with different value: C:\Users\ADMIN\.stmcufinder\plugins\mcufinder/ => C:\Users\ADMIN\.stmcufinder\plugins\mcufinder
2026-03-24 21:31:17,425 [INFO] CrossReferenceDbSqlite:203 - Set database path to: C:\Users\ADMIN\.stmcufinder\plugins\mcufinder//mcu/cs/
2026-03-24 21:31:17,561 [INFO] MainPanel:272 - HeapMemory: 268435456
2026-03-24 21:31:17,763 [INFO] DbMcusXml:78 - Set database path to: C:\ST\STM32CubeIDE_1.17.0\STM32CubeIDE\plugins\com.st.stm32cube.common.mx_6.13.0.202411220809\\db\/mcu/
2026-03-24 21:31:17,763 [INFO] ApiDb:274 - Set plugin database path to: C:\ST\STM32CubeIDE_1.17.0\STM32CubeIDE\plugins\com.st.stm32cube.common.mx_6.13.0.202411220809\\db\/plugins/boardmanager/
2026-03-24 21:31:17,763 [INFO] ApiDb:261 - Set plugin images path to: C:\ST\STM32CubeIDE_1.17.0\STM32CubeIDE\plugins\com.st.stm32cube.common.mx_6.13.0.202411220809\\db\/plugins/mcufinder/images/
2026-03-24 21:31:17,764 [WARN] DbFile:41 - Overriding database path with different value: C:\Users\ADMIN\.stmcufinder\plugins\mcufinder/ => C:\Users\ADMIN\.stmcufinder\plugins\mcufinder
2026-03-24 21:31:17,764 [INFO] ApiDb:250 - Set database path to: C:\Users\ADMIN\.stmcufinder\plugins\mcufinder//mcu/
2026-03-24 21:31:17,765 [WARN] DbFile:41 - Overriding database path with different value: C:\Users\ADMIN\.stmcufinder\plugins\mcufinder/ => C:\Users\ADMIN\.stmcufinder\plugins\mcufinder
2026-03-24 21:31:17,765 [INFO] DbMcusAds:125 - Set database path to: C:\Users\ADMIN\.stmcufinder\plugins\mcufinder//mcu/
2026-03-24 21:31:17,765 [WARN] DbFile:41 - Overriding database path with different value: C:\Users\ADMIN\.stmcufinder\plugins\mcufinder/ => C:\Users\ADMIN\.stmcufinder\plugins\mcufinder
2026-03-24 21:31:17,765 [WARN] DbFile:41 - Overriding database path with different value: C:\Users\ADMIN\.stmcufinder\plugins\mcufinder/ => C:\Users\ADMIN\.stmcufinder\plugins\mcufinder
2026-03-24 21:31:17,765 [INFO] CrossReferenceDbSqlite:203 - Set database path to: C:\Users\ADMIN\.stmcufinder\plugins\mcufinder//mcu/cs/
2026-03-24 21:31:17,795 [INFO] ApplicationProperties:184 - Using Application install path: C:\ST\STM32CubeIDE_1.17.0\STM32CubeIDE\plugins\com.st.stm32cube.common.mx_6.13.0.202411220809
2026-03-24 21:31:17,797 [INFO] PluginManage:196 - Search for loadable plugins [exclusion list=, ]
2026-03-24 21:31:17,800 [INFO] PluginManage:310 - Check plugin analytics
2026-03-24 21:31:18,057 [INFO] AnalyticsPlugin:253 - Accepted Software Licenses: STM32CubeMX.6.16.1
2026-03-24 21:31:18,057 [INFO] AnalyticsPlugin:255 - Accepted CMSIS Pack Licenses: 
2026-03-24 21:31:18,058 [INFO] AnalyticsPlugin:257 - Accepted Firmware Licenses: 
2026-03-24 21:31:18,063 [INFO] PluginManage:359 - Loaded plugin analytics (category:tool,tabindex:-1)
2026-03-24 21:31:18,063 [INFO] PluginManage:310 - Check plugin cadmodel
2026-03-24 21:31:18,087 [INFO] CADModel:105 - Init CAD model plugin
2026-03-24 21:31:18,087 [INFO] PluginManage:359 - Loaded plugin cadmodel (category:power,tabindex:5)
2026-03-24 21:31:18,087 [INFO] PluginManage:310 - Check plugin clock
2026-03-24 21:31:18,120 [INFO] PluginManage:359 - Loaded plugin clock (category:base,tabindex:2)
2026-03-24 21:31:18,121 [INFO] PluginManage:310 - Check plugin ddr
2026-03-24 21:31:18,125 [INFO] PluginManage:359 - Loaded plugin ddr (category:tool,tabindex:6)
2026-03-24 21:31:18,126 [INFO] PluginManage:310 - Check plugin filemanager
2026-03-24 21:31:18,367 [INFO] PluginManage:359 - Loaded plugin filemanager (category:base,tabindex:10)
2026-03-24 21:31:18,367 [INFO] PluginManage:310 - Check plugin ipmanager
2026-03-24 21:31:18,379 [INFO] PluginManage:359 - Loaded plugin ipmanager (category:base,tabindex:5)
2026-03-24 21:31:18,379 [INFO] PluginManage:310 - Check plugin lpbam
2026-03-24 21:31:18,410 [INFO] PluginManage:359 - Loaded plugin lpbam (category:base,tabindex:0)
2026-03-24 21:31:18,410 [INFO] PluginManage:310 - Check plugin memorymap
2026-03-24 21:31:18,456 [INFO] PluginManage:359 - Loaded plugin memorymap (category:base,tabindex:4)
2026-03-24 21:31:18,456 [INFO] PluginManage:310 - Check plugin pinoutandconfiguration
2026-03-24 21:31:18,494 [INFO] PluginManage:359 - Loaded plugin pinoutandconfiguration (category:base,tabindex:1)
2026-03-24 21:31:18,495 [INFO] PluginManage:310 - Check plugin pinoutconfig
2026-03-24 21:31:18,663 [WARN] SupportedApi:132 - Cannot load RTOS API schema: s4s-elt-must-match.1: The content of 'definitions' must match (annotation?, (simpleType | complexType)?, (unique | key | keyref)*)). A problem was found starting at: attribute.
2026-03-24 21:31:18,910 [INFO] PluginManage:359 - Loaded plugin pinoutconfig (category:base,tabindex:0)
2026-03-24 21:31:18,910 [INFO] PluginManage:310 - Check plugin power
2026-03-24 21:31:18,948 [INFO] PluginManage:359 - Loaded plugin power (category:power,tabindex:4)
2026-03-24 21:31:18,948 [INFO] PluginManage:310 - Check plugin projectmanager
2026-03-24 21:31:18,975 [INFO] PluginManage:359 - Loaded plugin projectmanager (category:projectmanager,tabindex:4)
2026-03-24 21:31:18,975 [INFO] PluginManage:310 - Check plugin rif
2026-03-24 21:31:19,010 [INFO] PluginManage:359 - Loaded plugin rif (category:base,tabindex:3)
2026-03-24 21:31:19,010 [INFO] PluginManage:310 - Check plugin thirdparty
2026-03-24 21:31:19,523 [WARN] IntegrityCheckThread:84 - waiting for thirdparty lock release [integrity check]
2026-03-24 21:31:19,523 [INFO] PluginManage:359 - Loaded plugin thirdparty (category:base,tabindex:-1)
2026-03-24 21:31:19,523 [INFO] IntegrityCheckThread:86 - entering critical section [integrity check]
2026-03-24 21:31:19,523 [INFO] PluginManage:310 - Check plugin tools
2026-03-24 21:31:19,523 [INFO] ThirdPartyUpdaterWithRetryManager:70 - Updater plugin not ready yet. [1/15]
2026-03-24 21:31:19,589 [INFO] PluginManage:359 - Loaded plugin tools (category:base,tabindex:7)
2026-03-24 21:31:19,589 [INFO] PluginManage:310 - Check plugin tutovideos
2026-03-24 21:31:19,878 [INFO] PluginManage:359 - Loaded plugin tutovideos (category:base,tabindex:-1)
2026-03-24 21:31:19,878 [INFO] PluginManage:310 - Check plugin updater
2026-03-24 21:31:19,914 [INFO] PluginManage:359 - Loaded plugin updater (category:base,tabindex:12)
2026-03-24 21:31:19,914 [INFO] PluginManage:310 - Check plugin userauth
2026-03-24 21:31:19,920 [INFO] UserAuth:118 - Init User Auth plugin
2026-03-24 21:31:19,923 [INFO] PluginManage:359 - Loaded plugin userauth (category:base,tabindex:14)
2026-03-24 21:31:19,924 [INFO] PluginManage:283 - PluginManage : Loaded plugins [18]
2026-03-24 21:31:20,269 [INFO] PinOutPanel:1589 - setPackage(No Configuration,No Configuration)
2026-03-24 21:31:20,395 [INFO] CADModel:165 - CPN selected for project level
2026-03-24 21:31:20,395 [INFO] CADModel:114 - Register for checkConnection events
2026-03-24 21:31:20,440 [INFO] IPUIPlugin:80 - create IPUIPlugin
2026-03-24 21:31:20,442 [INFO] PluginManager:220 - loadIPPluginJar : add adc
2026-03-24 21:31:20,517 [INFO] IPUIPlugin:80 - create IPUIPlugin
2026-03-24 21:31:20,517 [INFO] PluginManager:220 - loadIPPluginJar : add aes
2026-03-24 21:31:20,600 [INFO] IPUIPlugin:80 - create IPUIPlugin
2026-03-24 21:31:20,601 [INFO] PluginManager:220 - loadIPPluginJar : add can
2026-03-24 21:31:20,681 [INFO] IPUIPlugin:80 - create IPUIPlugin
2026-03-24 21:31:20,681 [INFO] PluginManager:220 - loadIPPluginJar : add comp
2026-03-24 21:31:20,749 [INFO] IPUIPlugin:80 - create IPUIPlugin
2026-03-24 21:31:20,749 [INFO] PluginManager:220 - loadIPPluginJar : add cryp
2026-03-24 21:31:20,766 [INFO] IPUIPlugin:80 - create IPUIPlugin
2026-03-24 21:31:20,766 [INFO] PluginManager:220 - loadIPPluginJar : add ddr_ctrl_phy
2026-03-24 21:31:20,814 [INFO] IPUIPlugin:80 - create IPUIPlugin
2026-03-24 21:31:20,814 [INFO] PluginManager:220 - loadIPPluginJar : add dfsdm
2026-03-24 21:31:20,836 [INFO] IPUIPlugin:80 - create IPUIPlugin
2026-03-24 21:31:20,836 [INFO] PluginManager:220 - loadIPPluginJar : add dma
2026-03-24 21:31:20,900 [INFO] IPUIPlugin:80 - create IPUIPlugin
2026-03-24 21:31:20,901 [INFO] PluginManager:220 - loadIPPluginJar : add dma3
2026-03-24 21:31:20,967 [INFO] IPUIPlugin:80 - create IPUIPlugin
2026-03-24 21:31:20,967 [INFO] PluginManager:220 - loadIPPluginJar : add extmemmanager
2026-03-24 21:31:21,001 [INFO] IPUIPlugin:80 - create IPUIPlugin
2026-03-24 21:31:21,001 [INFO] PluginManager:220 - loadIPPluginJar : add fatfs
2026-03-24 21:31:21,081 [INFO] IPUIPlugin:80 - create IPUIPlugin
2026-03-24 21:31:21,081 [INFO] PluginManager:220 - loadIPPluginJar : add fmc
2026-03-24 21:31:21,108 [INFO] IPUIPlugin:80 - create IPUIPlugin
2026-03-24 21:31:21,108 [INFO] PluginManager:220 - loadIPPluginJar : add freertos
2026-03-24 21:31:21,150 [INFO] IPUIPlugin:80 - create IPUIPlugin
2026-03-24 21:31:21,150 [INFO] PluginManager:220 - loadIPPluginJar : add genericplugin
2026-03-24 21:31:21,310 [INFO] IPUIPlugin:80 - create IPUIPlugin
2026-03-24 21:31:21,311 [INFO] PluginManager:220 - loadIPPluginJar : add gfxmmu
2026-03-24 21:31:21,639 [INFO] IPUIPlugin:80 - create IPUIPlugin
2026-03-24 21:31:21,639 [INFO] PluginManager:220 - loadIPPluginJar : add gic
2026-03-24 21:31:21,662 [INFO] IPUIPlugin:80 - create IPUIPlugin
2026-03-24 21:31:21,662 [INFO] PluginManager:220 - loadIPPluginJar : add gpio
2026-03-24 21:31:21,863 [INFO] IPUIPlugin:80 - create IPUIPlugin
2026-03-24 21:31:21,863 [INFO] PluginManager:220 - loadIPPluginJar : add gtzc
2026-03-24 21:31:21,924 [INFO] IPUIPlugin:80 - create IPUIPlugin
2026-03-24 21:31:21,924 [INFO] PluginManager:220 - loadIPPluginJar : add hash
2026-03-24 21:31:22,024 [INFO] IPUIPlugin:80 - create IPUIPlugin
2026-03-24 21:31:22,024 [INFO] PluginManager:220 - loadIPPluginJar : add i2c
2026-03-24 21:31:22,155 [INFO] IPUIPlugin:80 - create IPUIPlugin
2026-03-24 21:31:22,156 [INFO] PluginManager:220 - loadIPPluginJar : add i2s
2026-03-24 21:31:22,227 [INFO] IPUIPlugin:80 - create IPUIPlugin
2026-03-24 21:31:22,228 [INFO] PluginManager:220 - loadIPPluginJar : add i3c
2026-03-24 21:31:22,375 [INFO] IPUIPlugin:80 - create IPUIPlugin
2026-03-24 21:31:22,375 [INFO] PluginManager:220 - loadIPPluginJar : add ipddr
2026-03-24 21:31:22,540 [INFO] ThirdPartyUpdaterWithRetryManager:70 - Updater plugin not ready yet. [2/15]
2026-03-24 21:31:22,636 [INFO] IPUIPlugin:80 - create IPUIPlugin
2026-03-24 21:31:22,637 [INFO] PluginManager:220 - loadIPPluginJar : add linkedlist
2026-03-24 21:31:22,704 [INFO] IPUIPlugin:80 - create IPUIPlugin
2026-03-24 21:31:22,704 [INFO] PluginManager:220 - loadIPPluginJar : add lorawan
2026-03-24 21:31:22,768 [INFO] IPUIPlugin:80 - create IPUIPlugin
2026-03-24 21:31:22,768 [INFO] PluginManager:220 - loadIPPluginJar : add ltdc
2026-03-24 21:31:22,792 [INFO] IPUIPlugin:80 - create IPUIPlugin
2026-03-24 21:31:22,793 [INFO] PluginManager:220 - loadIPPluginJar : add mdma
2026-03-24 21:31:22,817 [INFO] IPUIPlugin:80 - create IPUIPlugin
2026-03-24 21:31:22,818 [INFO] PluginManager:220 - loadIPPluginJar : add nvic
2026-03-24 21:31:22,898 [INFO] IPUIPlugin:80 - create IPUIPlugin
2026-03-24 21:31:22,899 [INFO] PluginManager:220 - loadIPPluginJar : add opamp
2026-03-24 21:31:23,029 [INFO] IPUIPlugin:80 - create IPUIPlugin
2026-03-24 21:31:23,029 [INFO] PluginManager:220 - loadIPPluginJar : add openamp
2026-03-24 21:31:23,097 [INFO] IPUIPlugin:80 - create IPUIPlugin
2026-03-24 21:31:23,097 [INFO] PluginManager:220 - loadIPPluginJar : add pdm2pcm
2026-03-24 21:31:23,119 [INFO] IPUIPlugin:80 - create IPUIPlugin
2026-03-24 21:31:23,122 [INFO] PluginManager:220 - loadIPPluginJar : add plateformsettings
2026-03-24 21:31:23,163 [INFO] IPUIPlugin:80 - create IPUIPlugin
2026-03-24 21:31:23,163 [INFO] PluginManager:220 - loadIPPluginJar : add quadspi
2026-03-24 21:31:23,206 [INFO] IPUIPlugin:80 - create IPUIPlugin
2026-03-24 21:31:23,207 [INFO] PluginManager:220 - loadIPPluginJar : add radio
2026-03-24 21:31:23,229 [INFO] IPUIPlugin:80 - create IPUIPlugin
2026-03-24 21:31:23,229 [INFO] PluginManager:220 - loadIPPluginJar : add resmgrutility
2026-03-24 21:31:23,306 [INFO] IPUIPlugin:80 - create IPUIPlugin
2026-03-24 21:31:23,307 [INFO] PluginManager:220 - loadIPPluginJar : add sai
2026-03-24 21:31:23,367 [INFO] IPUIPlugin:80 - create IPUIPlugin
2026-03-24 21:31:23,367 [INFO] PluginManager:220 - loadIPPluginJar : add spi
2026-03-24 21:31:23,480 [INFO] IPUIPlugin:80 - create IPUIPlugin
2026-03-24 21:31:23,480 [INFO] PluginManager:220 - loadIPPluginJar : add stm32_wpan
2026-03-24 21:31:23,523 [INFO] IPUIPlugin:80 - create IPUIPlugin
2026-03-24 21:31:23,525 [INFO] PluginManager:220 - loadIPPluginJar : add tim
2026-03-24 21:31:23,625 [INFO] IPUIPlugin:80 - create IPUIPlugin
2026-03-24 21:31:23,626 [INFO] PluginManager:220 - loadIPPluginJar : add touchsensing
2026-03-24 21:31:23,664 [INFO] IPUIPlugin:80 - create IPUIPlugin
2026-03-24 21:31:23,664 [INFO] PluginManager:220 - loadIPPluginJar : add tracer_emb
2026-03-24 21:31:23,739 [INFO] IPUIPlugin:80 - create IPUIPlugin
2026-03-24 21:31:23,740 [INFO] PluginManager:220 - loadIPPluginJar : add ts
2026-03-24 21:31:23,786 [INFO] IPUIPlugin:80 - create IPUIPlugin
2026-03-24 21:31:23,786 [INFO] PluginManager:220 - loadIPPluginJar : add tsc
2026-03-24 21:31:23,823 [INFO] IPUIPlugin:80 - create IPUIPlugin
2026-03-24 21:31:23,823 [INFO] PluginManager:220 - loadIPPluginJar : add ucpd
2026-03-24 21:31:23,905 [INFO] IPUIPlugin:80 - create IPUIPlugin
2026-03-24 21:31:23,905 [INFO] PluginManager:220 - loadIPPluginJar : add usart
2026-03-24 21:31:23,975 [INFO] IPUIPlugin:80 - create IPUIPlugin
2026-03-24 21:31:23,975 [INFO] PluginManager:220 - loadIPPluginJar : add usbx
2026-03-24 21:31:24,147 [FATAL] Updater:351 - Updater called before beeing initialized
2026-03-24 21:31:24,185 [INFO] RulesReader:64 - Compatibility file has been processed (297 Rules)
2026-03-24 21:31:24,203 [INFO] RulesReader:64 - Compatibility file has been processed (297 Rules)
2026-03-24 21:31:24,218 [INFO] CADModel:165 - CPN selected for project level
2026-03-24 21:31:24,218 [INFO] CADModel:114 - Register for checkConnection events
2026-03-24 21:31:24,218 [FATAL] Updater:351 - Updater called before beeing initialized
2026-03-24 21:31:24,218 [ERROR] CADModel:125 - Updater not yet initialized, retry later 
2026-03-24 21:31:24,429 [FATAL] Updater:351 - Updater called before beeing initialized
2026-03-24 21:31:24,432 [INFO] CADModel:165 - CPN selected for project level
2026-03-24 21:31:24,432 [INFO] CADModel:114 - Register for checkConnection events
2026-03-24 21:31:24,432 [FATAL] Updater:351 - Updater called before beeing initialized
2026-03-24 21:31:24,432 [ERROR] CADModel:125 - Updater not yet initialized, retry later 
2026-03-24 21:31:24,437 [FATAL] Updater:351 - Updater called before beeing initialized
2026-03-24 21:31:24,632 [FATAL] Updater:351 - Updater called before beeing initialized
2026-03-24 21:31:24,650 [INFO] DbMcusAds:53 - JSON generation date=Thu Mar 05 21:32:52 ICT 2026 (1772721172610)
2026-03-24 21:31:24,650 [FATAL] Updater:351 - Updater called before beeing initialized
2026-03-24 21:31:24,701 [WARN] DetailPanel:346 - Failed to get advertising image, set to default
2026-03-24 21:31:24,971 [FATAL] Updater:351 - Updater called before beeing initialized
2026-03-24 21:31:24,974 [FATAL] Updater:351 - Updater called before beeing initialized
2026-03-24 21:31:24,975 [FATAL] Updater:351 - Updater called before beeing initialized
2026-03-24 21:31:24,975 [WARN] DetailPanel:346 - Failed to get advertising image, set to default
2026-03-24 21:31:24,977 [FATAL] Updater:351 - Updater called before beeing initialized
2026-03-24 21:31:25,077 [ERROR] Updater:1198 - MainUpdater not yet initialized. External WinMGr cannot be set.
2026-03-24 21:31:25,093 [INFO] Updater:1134 - Updater Version found : 6.13.0
2026-03-24 21:31:25,119 [INFO] ApplicationProperties:184 - Using Application install path: C:\ST\STM32CubeIDE_1.17.0\STM32CubeIDE\plugins\com.st.stm32cube.common.mx_6.13.0.202411220809
2026-03-24 21:31:25,556 [INFO] ThirdPartyUpdaterWithRetryManager:70 - Updater plugin not ready yet. [3/15]
2026-03-24 21:31:26,782 [ERROR] LogOutputStream:75 - [STDERR_REDIRECT] Mar 24, 2026 9:31:26 PM java.util.prefs.WindowsPreferences <init>
2026-03-24 21:31:26,785 [ERROR] LogOutputStream:75 - [STDERR_REDIRECT] WARNING: Could not open/create prefs root node Software\JavaSoft\Prefs at root 0xffffffff80000002. Windows RegCreateKeyEx(...) returned error code 5.
2026-03-24 21:31:26,785 [ERROR] LogOutputStream:75 - [STDERR_REDIRECT] 
2026-03-24 21:31:27,436 [INFO] MainUpdater:2872 - connection check result : 10
2026-03-24 21:31:27,437 [INFO] MainUpdater:3566 - Updater definition file requires update
2026-03-24 21:31:27,439 [INFO] MainUpdater:289 - Updater Check For Update Now.
2026-03-24 21:31:27,439 [INFO] MicroXplorer:498 - Change Database Version : DB.6.0.130
2026-03-24 21:31:27,474 [INFO] McuFinderGlobals:63 - Set McuFinder mode to 2 (CubeIDE integrated)
2026-03-24 21:31:27,474 [INFO] UserAuth:171 - activating auth plugin
2026-03-24 21:31:27,480 [INFO] UserAuth:486 - Internet connection configuration mode: 1
2026-03-24 21:31:27,530 [INFO] JxBrowserEngine:152 - Initiate JxBrowser Engine with user profile folder
2026-03-24 21:31:27,672 [INFO] ServerAccessManage:473 - Download File updaters.zip
2026-03-24 21:31:27,941 [INFO] FileExtend:240 - Unzip File : updaters.zip
2026-03-24 21:31:27,941 [INFO] FileExtend:255 - Standard Zip Deflate
2026-03-24 21:31:28,561 [WARN] MainUpdater:1193 - Updater busy. Cannot search thirdparties
2026-03-24 21:31:28,562 [INFO] ThirdPartyUpdaterWithRetryManager:96 - Updater plugin is busy. [1/15]
2026-03-24 21:31:30,350 [INFO] WebApp:168 - Instantiating new browser for Auth
2026-03-24 21:31:30,427 [INFO] ServerAccessManage:473 - Download File PacksControlFlags.xml
2026-03-24 21:31:30,687 [INFO] ServerAccessManage:473 - Download File cubemx.pidx
2026-03-24 21:31:30,978 [INFO] LoadServerUpdatesThread:375 - End of LoadServerUpdate Thread
2026-03-24 21:31:31,230 [INFO] CheckServerUpdateThread:120 - End of CheckServer Thread
2026-03-24 21:31:31,892 [INFO] WebApp:449 - Apply proxy settings
2026-03-24 21:31:31,893 [INFO] WebApp:534 - Chromium requires no authentication
2026-03-24 21:31:31,918 [INFO] WebApp:477 - Direct internet connection detected
2026-03-24 21:31:31,999 [INFO] WebApp:880 - Register for checkConnection events
2026-03-24 21:31:31,999 [INFO] WebApp:449 - Apply proxy settings
2026-03-24 21:31:31,999 [INFO] WebApp:534 - Chromium requires no authentication
2026-03-24 21:31:32,001 [INFO] WebApp:477 - Direct internet connection detected
2026-03-24 21:31:32,370 [WARN] PackLoader:240 - Cannot read IP mode file for STMicroelectronics.X-CUBE-AZRTOS-H7.3.5.0
2026-03-24 21:31:32,410 [WARN] PackLoader:240 - Cannot read IP mode file for STMicroelectronics.FP-ATR-ASTRA1.2.0.2
2026-03-24 21:31:32,446 [INFO] WebApp:221 - Starting web application
2026-03-24 21:31:32,446 [INFO] WebApp:579 - Web application path used C:\ST\STM32CubeIDE_1.17.0\STM32CubeIDE\plugins\com.st.stm32cube.common.mx_6.13.0.202411220809\db\plugins\mcufinder\reactClient1\index.html
2026-03-24 21:31:32,449 [WARN] PackLoader:240 - Cannot read IP mode file for STMicroelectronics.X-CUBE-SMBUS.2.1.0
2026-03-24 21:31:32,516 [WARN] PackLoader:240 - Cannot read IP mode file for STMicroelectronics.X-CUBE-AZRTOS-F7.1.1.0
2026-03-24 21:31:32,550 [ERROR] Engine:466 - C:\Users\ADMIN\.stm32cubemx\thirdparties\pdsc\STMicroelectronics.FP-SNS-MOTENV1.5.1.0.pdsc: PDSC version is not supported
2026-03-24 21:31:32,579 [ERROR] Engine:466 - C:\Users\ADMIN\.stm32cubemx\thirdparties\pdsc\WES.I-CUBE-Cesium.1.4.0.pdsc: PDSC version is not supported
2026-03-24 21:31:32,646 [WARN] PackLoader:240 - Cannot read IP mode file for STMicroelectronics.X-CUBE-AZRTOS-H7.3.4.0
2026-03-24 21:31:32,684 [WARN] PackLoader:240 - Cannot read IP mode file for STMicroelectronics.X-CUBE-DISPLAY.3.0.0
2026-03-24 21:31:32,718 [ERROR] Engine:466 - C:\Users\ADMIN\.stm32cubemx\thirdparties\pdsc\STMicroelectronics.FP-SNS-MOTENVWB1.1.5.0.pdsc: PDSC version is not supported
2026-03-24 21:31:32,752 [WARN] PackLoader:240 - Cannot read IP mode file for STMicroelectronics.X-CUBE-NFC10.1.0.0
2026-03-24 21:31:32,792 [WARN] PackLoader:240 - Cannot read IP mode file for STMicroelectronics.X-CUBE-ST60.1.1.0
2026-03-24 21:31:32,817 [WARN] PackLoader:240 - Cannot read IP mode file for emotas.I-CUBE-CANOPEN.1.3.0
2026-03-24 21:31:32,841 [WARN] PackLoader:240 - Cannot read IP mode file for STMicroelectronics.X-CUBE-GNSS1.7.1.0
2026-03-24 21:31:32,865 [ERROR] Engine:466 - C:\Users\ADMIN\.stm32cubemx\thirdparties\pdsc\STMicroelectronics.FP-SNS-STBOX1.2.1.0.pdsc: PDSC version is not supported
2026-03-24 21:31:32,891 [WARN] PackLoader:240 - Cannot read IP mode file for STMicroelectronics.FP-SNS-SMARTAG2.1.2.0
2026-03-24 21:31:32,920 [WARN] PackLoader:240 - Cannot read IP mode file for STMicroelectronics.FP-SNS-FLIGHT1.5.1.0
2026-03-24 21:31:32,962 [INFO] LogOutputStream:77 - [STDOUT_REDIRECT] 1 : Invalid condition id : UX_CORESTACK_Condition cause : null
2026-03-24 21:31:32,963 [INFO] LogOutputStream:77 - [STDOUT_REDIRECT] 1 : Invalid condition id : UX_CORESTACK_Condition cause : null
2026-03-24 21:31:32,965 [INFO] LogOutputStream:77 - [STDOUT_REDIRECT] 1 : Invalid condition id : UX_CORESTACK_Condition cause : null
2026-03-24 21:31:32,967 [INFO] LogOutputStream:77 - [STDOUT_REDIRECT] 1 : Invalid condition id : UX_CORESTACK_Condition cause : null
2026-03-24 21:31:32,969 [INFO] LogOutputStream:77 - [STDOUT_REDIRECT] 1 : Invalid condition id : UX_CORESTACK_Condition cause : null
2026-03-24 21:31:32,974 [WARN] PackLoader:240 - Cannot read IP mode file for STMicroelectronics.X-CUBE-AZRTOS-WL.2.0.0
2026-03-24 21:31:33,028 [WARN] PackLoader:240 - Cannot read IP mode file for STMicroelectronics.X-CUBE-AZRTOS-H7RS.1.2.0
2026-03-24 21:31:33,055 [WARN] PackLoader:240 - Cannot read IP mode file for STMicroelectronics.X-CUBE-BLE2.3.3.0
2026-03-24 21:31:33,158 [WARN] PackLoader:240 - Cannot read IP mode file for Infineon.AIROC-Wi-Fi-Bluetooth-STM32.1.8.0
2026-03-24 21:31:33,189 [WARN] PackLoader:240 - Cannot read IP mode file for STMicroelectronics.X-CUBE-NFC9.1.0.0
2026-03-24 21:31:33,223 [WARN] PackLoader:240 - Cannot read IP mode file for STMicroelectronics.X-CUBE-BLE1.7.1.0
2026-03-24 21:31:33,226 [INFO] WebApp:187 - Connection restablished
2026-03-24 21:31:33,248 [WARN] PackLoader:240 - Cannot read IP mode file for wolfSSL.I-CUBE-wolfMQTT.1.19.2
2026-03-24 21:31:33,280 [ERROR] Engine:466 - C:\Users\ADMIN\.stm32cubemx\thirdparties\pdsc\STMicroelectronics.X-CUBE-FREERTOS.1.4.0.pdsc: PDSC version is not supported
2026-03-24 21:31:33,311 [WARN] PackLoader:240 - Cannot read IP mode file for STMicroelectronics.X-CUBE-EEPRMA1.5.2.0
2026-03-24 21:31:33,342 [WARN] PackLoader:240 - Cannot read IP mode file for wolfSSL.I-CUBE-wolfSSL.5.8.4
2026-03-24 21:31:33,378 [WARN] PackLoader:240 - Cannot read IP mode file for Cesanta.I-CUBE-Mongoose.7.20.0
2026-03-24 21:31:33,466 [WARN] PackLoader:240 - Cannot read IP mode file for STMicroelectronics.X-CUBE-MEMS1.12.0.0
2026-03-24 21:31:33,615 [WARN] PackLoader:240 - Cannot read IP mode file for STMicroelectronics.X-CUBE-AZRTOS-G0.1.1.0
2026-03-24 21:31:33,648 [WARN] PackLoader:240 - Cannot read IP mode file for STMicroelectronics.X-CUBE-NFC4.3.0.0
2026-03-24 21:31:33,686 [WARN] PackLoader:240 - Cannot read IP mode file for EmbeddedOffice.I-CUBE-FS-RTOS.1.0.1
2026-03-24 21:31:33,720 [WARN] PackLoader:240 - Cannot read IP mode file for STMicroelectronics.X-CUBE-WB05N.2.0.0
2026-03-24 21:31:33,753 [WARN] PackLoader:240 - Cannot read IP mode file for wolfSSL.I-CUBE-wolfTPM.3.8.0
2026-03-24 21:31:33,785 [WARN] PackLoader:240 - Cannot read IP mode file for STMicroelectronics.X-CUBE-TCPP.4.2.0
2026-03-24 21:31:33,818 [WARN] PackLoader:240 - Cannot read IP mode file for RealThread.X-CUBE-RT-Thread_Nano.4.1.1
2026-03-24 21:31:33,854 [WARN] PackLoader:240 - Cannot read IP mode file for STMicroelectronics.FP-ATR-SIGFOX1.3.2.0
2026-03-24 21:31:33,881 [ERROR] Engine:466 - C:\Users\ADMIN\.stm32cubemx\thirdparties\pdsc\STMicroelectronics.X-CUBE-FREERTOS.1.5.0.pdsc: PDSC version is not supported
2026-03-24 21:31:33,926 [WARN] PackLoader:240 - Cannot read IP mode file for ITTIA_DB.I-CUBE-ITTIADB.8.9.0
2026-03-24 21:31:33,960 [WARN] PackLoader:240 - Cannot read IP mode file for STMicroelectronics.X-CUBE-NFC6.3.2.0
2026-03-24 21:31:33,992 [WARN] PackLoader:240 - Cannot read IP mode file for STMicroelectronics.X-CUBE-AI.10.2.0
2026-03-24 21:31:34,047 [WARN] PackLoader:240 - Cannot read IP mode file for SEGGER.I-CUBE-embOS.1.3.1
2026-03-24 21:31:34,114 [WARN] PackLoader:240 - Cannot read IP mode file for STMicroelectronics.X-CUBE-ALGOBUILD.1.4.0
2026-03-24 21:31:34,143 [WARN] PackLoader:240 - Cannot read IP mode file for STMicroelectronics.X-CUBE-PM33A1.1.0.0
2026-03-24 21:31:34,186 [WARN] PackLoader:240 - Cannot read IP mode file for STMicroelectronics.X-CUBE-AZRTOS-F4.1.1.0
2026-03-24 21:31:34,213 [WARN] PackLoader:240 - Cannot read IP mode file for STMicroelectronics.X-CUBE-ISPU.2.1.0
2026-03-24 21:31:34,241 [ERROR] Engine:466 - C:\Users\ADMIN\.stm32cubemx\thirdparties\pdsc\STMicroelectronics.X-CUBE-IPS.3.2.0.pdsc: PDSC version is not supported
2026-03-24 21:31:34,266 [WARN] PackLoader:240 - Cannot read IP mode file for STMicroelectronics.X-CUBE-NFC12.1.0.0
2026-03-24 21:31:34,313 [WARN] PackLoader:240 - Cannot read IP mode file for STMicroelectronics.X-CUBE-AZRTOS-L5.2.0.0
2026-03-24 21:31:34,341 [WARN] PackLoader:240 - Cannot read IP mode file for STMicroelectronics.X-CUBE-TOUCHGFX.4.26.0
2026-03-24 21:31:34,364 [WARN] PackLoader:240 - Cannot read IP mode file for STMicroelectronics.X-CUBE-TOUCHGFX.4.26.1
2026-03-24 21:31:34,386 [WARN] PackLoader:240 - Cannot read IP mode file for STMicroelectronics.FP-SNS-STAIOTCFT.1.0.0
2026-03-24 21:31:34,411 [WARN] PackLoader:240 - Cannot read IP mode file for STMicroelectronics.X-CUBE-DPower.1.3.0
2026-03-24 21:31:34,457 [WARN] ConditionMgr:438 - getConditionDescription Invalid condition id : LAN8742 Phy interface Condition cause : null
2026-03-24 21:31:34,458 [WARN] PackLoader:240 - Cannot read IP mode file for STMicroelectronics.X-CUBE-AZRTOS-L4.2.0.0
2026-03-24 21:31:34,459 [WARN] ConditionMgr:1044 - genDependencies : Invalid condition id : LAN8742 Phy interface Condition cause : null
2026-03-24 21:31:34,460 [WARN] ConditionMgr:1044 - genDependencies : Invalid condition id : LAN8742 Phy interface Condition cause : null
2026-03-24 21:31:34,461 [WARN] ConditionMgr:1044 - genDependencies : Invalid condition id : LAN8742 Phy interface Condition cause : null
2026-03-24 21:31:34,487 [WARN] PackLoader:240 - Cannot read IP mode file for STMicroelectronics.X-CUBE-SFXS2LP1.4.0.0
2026-03-24 21:31:34,520 [ERROR] Engine:466 - C:\Users\ADMIN\.stm32cubemx\thirdparties\pdsc\STMicroelectronics.X-CUBE-ST67W61.1.2.0.pdsc: PDSC version is not supported
2026-03-24 21:31:34,553 [WARN] PackLoader:240 - Cannot read IP mode file for STMicroelectronics.X-CUBE-BLEMGR.4.1.0
2026-03-24 21:31:34,599 [WARN] ConditionMgr:438 - getConditionDescription Invalid condition id : UX DEVICE CLASS RTOS Condition cause : null
2026-03-24 21:31:34,599 [WARN] ConditionMgr:438 - getConditionDescription Invalid condition id : UX DEVICE CLASS RTOS Condition cause : null
2026-03-24 21:31:34,602 [WARN] PackLoader:240 - Cannot read IP mode file for STMicroelectronics.X-CUBE-AZRTOS-WB.2.0.0
2026-03-24 21:31:34,602 [WARN] ConditionMgr:1044 - genDependencies : Invalid condition id : UX DEVICE CLASS RTOS Condition cause : null
2026-03-24 21:31:34,602 [WARN] ConditionMgr:1044 - genDependencies : Invalid condition id : UX DEVICE CLASS RTOS Condition cause : null
2026-03-24 21:31:34,604 [WARN] ConditionMgr:1044 - genDependencies : Invalid condition id : UX DEVICE CLASS RTOS Condition cause : null
2026-03-24 21:31:34,604 [WARN] ConditionMgr:1044 - genDependencies : Invalid condition id : UX DEVICE CLASS RTOS Condition cause : null
2026-03-24 21:31:34,604 [WARN] ConditionMgr:1044 - genDependencies : Invalid condition id : UX DEVICE CLASS RTOS Condition cause : null
2026-03-24 21:31:34,629 [WARN] ConditionMgr:438 - getConditionDescription Invalid condition id : Cortex-A Device cause : null
2026-03-24 21:31:34,661 [WARN] ConditionMgr:1044 - genDependencies : Invalid condition id : Cortex-A Device cause : null
2026-03-24 21:31:34,661 [WARN] ConditionMgr:1044 - genDependencies : Invalid condition id : Cortex-A Device cause : null
2026-03-24 21:31:34,661 [WARN] ConditionMgr:1044 - genDependencies : Invalid condition id : Cortex-A Device cause : null
2026-03-24 21:31:34,685 [WARN] PackLoader:240 - Cannot read IP mode file for STMicroelectronics.X-CUBE-STSE01.2.0.0
2026-03-24 21:31:34,726 [WARN] PackLoader:240 - Cannot read IP mode file for STMicroelectronics.X-CUBE-SUBG2.5.0.0
2026-03-24 21:31:34,767 [WARN] PackLoader:240 - Cannot read IP mode file for STMicroelectronics.X-CUBE-AZRTOS-G4.2.0.0
2026-03-24 21:31:34,791 [WARN] PackLoader:240 - Cannot read IP mode file for wolfSSL.I-CUBE-wolfSSH.1.4.20
2026-03-24 21:31:34,815 [WARN] PackLoader:240 - Cannot read IP mode file for STMicroelectronics.X-CUBE-NFC7.2.0.0
2026-03-24 21:31:34,840 [WARN] PackLoader:240 - Cannot read IP mode file for STMicroelectronics.X-CUBE-ALS.1.0.2
2026-03-24 21:31:34,869 [WARN] PackLoader:240 - Cannot read IP mode file for STMicroelectronics.X-CUBE-TOF1.3.4.3
2026-03-24 21:31:34,880 [INFO] ThirdParty:978 - Integrity check success = true
2026-03-24 21:31:34,880 [INFO] IntegrityCheckThread:100 - exiting critical section [integrity check]
2026-03-24 21:31:34,880 [INFO] IntegrityCheckThread:103 - End integrity checks thread
2026-03-24 23:18:26,145 [ERROR] LogOutputStream:75 - [STDERR_REDIRECT] 
