2026-03-16 15:22:37,235 [INFO] Activator:176 - 


2026-03-16 15:22:37,246 [INFO] Activator:177 - !SESSION log4j initialized
2026-03-16 15:22:45,091 [INFO] LogOutputStream:77 - [STDOUT_REDIRECT] 
2026-03-16 15:22:46,152 [INFO] ApplicationProperties:184 - Using Application install path: C:\ST\STM32CubeIDE_1.17.0\STM32CubeIDE\plugins\com.st.stm32cube.common.mx_6.13.0.202411220809
2026-03-16 15:22:46,185 [INFO] DbMcusXml:78 - Set database path to: C:\ST\STM32CubeIDE_1.17.0\STM32CubeIDE\plugins\com.st.stm32cube.common.mx_6.13.0.202411220809\\db\/mcu/
2026-03-16 15:22:46,185 [INFO] ApiDb:274 - Set plugin database path to: C:\ST\STM32CubeIDE_1.17.0\STM32CubeIDE\plugins\com.st.stm32cube.common.mx_6.13.0.202411220809\\db\/plugins/boardmanager/
2026-03-16 15:22:46,185 [WARN] ApiDb:259 - Overriding images path with different value:  => C:\ST\STM32CubeIDE_1.17.0\STM32CubeIDE\plugins\com.st.stm32cube.common.mx_6.13.0.202411220809\\db\/plugins/mcufinder/images/
2026-03-16 15:22:46,196 [INFO] ApiDb:250 - Set database path to: C:\Users\ADMIN\.stmcufinder\plugins\mcufinder//mcu/
2026-03-16 15:22:46,198 [INFO] DbMcusAds:125 - Set database path to: C:\Users\ADMIN\.stmcufinder\plugins\mcufinder//mcu/
2026-03-16 15:22:46,201 [INFO] CrossReferenceDbSqlite:203 - Set database path to: C:\Users\ADMIN\.stmcufinder\plugins\mcufinder//mcu/cs/
2026-03-16 15:22:46,381 [INFO] RulesReader:64 - Compatibility file has been processed (297 Rules)
2026-03-16 15:22:46,563 [INFO] DbMcusXml:78 - Set database path to: C:\ST\STM32CubeIDE_1.17.0\STM32CubeIDE\plugins\com.st.stm32cube.common.mx_6.13.0.202411220809\\db\/mcu/
2026-03-16 15:22:46,564 [INFO] ApiDb:274 - Set plugin database path to: C:\ST\STM32CubeIDE_1.17.0\STM32CubeIDE\plugins\com.st.stm32cube.common.mx_6.13.0.202411220809\\db\/plugins/boardmanager/
2026-03-16 15:22:46,564 [INFO] ApiDb:261 - Set plugin images path to: C:\ST\STM32CubeIDE_1.17.0\STM32CubeIDE\plugins\com.st.stm32cube.common.mx_6.13.0.202411220809\\db\/plugins/mcufinder/images/
2026-03-16 15:22:46,564 [WARN] DbFile:41 - Overriding database path with different value: C:\Users\ADMIN\.stmcufinder\plugins\mcufinder/ => C:\Users\ADMIN\.stmcufinder\plugins\mcufinder
2026-03-16 15:22:46,564 [INFO] ApiDb:250 - Set database path to: C:\Users\ADMIN\.stmcufinder\plugins\mcufinder//mcu/
2026-03-16 15:22:46,564 [WARN] DbFile:41 - Overriding database path with different value: C:\Users\ADMIN\.stmcufinder\plugins\mcufinder/ => C:\Users\ADMIN\.stmcufinder\plugins\mcufinder
2026-03-16 15:22:46,565 [INFO] DbMcusAds:125 - Set database path to: C:\Users\ADMIN\.stmcufinder\plugins\mcufinder//mcu/
2026-03-16 15:22:46,565 [WARN] DbFile:41 - Overriding database path with different value: C:\Users\ADMIN\.stmcufinder\plugins\mcufinder/ => C:\Users\ADMIN\.stmcufinder\plugins\mcufinder
2026-03-16 15:22:46,565 [WARN] DbFile:41 - Overriding database path with different value: C:\Users\ADMIN\.stmcufinder\plugins\mcufinder/ => C:\Users\ADMIN\.stmcufinder\plugins\mcufinder
2026-03-16 15:22:46,565 [INFO] CrossReferenceDbSqlite:203 - Set database path to: C:\Users\ADMIN\.stmcufinder\plugins\mcufinder//mcu/cs/
2026-03-16 15:22:46,696 [INFO] MainPanel:272 - HeapMemory: 268435456
2026-03-16 15:22:46,821 [INFO] DbMcusXml:78 - Set database path to: C:\ST\STM32CubeIDE_1.17.0\STM32CubeIDE\plugins\com.st.stm32cube.common.mx_6.13.0.202411220809\\db\/mcu/
2026-03-16 15:22:46,821 [INFO] ApiDb:274 - Set plugin database path to: C:\ST\STM32CubeIDE_1.17.0\STM32CubeIDE\plugins\com.st.stm32cube.common.mx_6.13.0.202411220809\\db\/plugins/boardmanager/
2026-03-16 15:22:46,821 [INFO] ApiDb:261 - Set plugin images path to: C:\ST\STM32CubeIDE_1.17.0\STM32CubeIDE\plugins\com.st.stm32cube.common.mx_6.13.0.202411220809\\db\/plugins/mcufinder/images/
2026-03-16 15:22:46,821 [WARN] DbFile:41 - Overriding database path with different value: C:\Users\ADMIN\.stmcufinder\plugins\mcufinder/ => C:\Users\ADMIN\.stmcufinder\plugins\mcufinder
2026-03-16 15:22:46,821 [INFO] ApiDb:250 - Set database path to: C:\Users\ADMIN\.stmcufinder\plugins\mcufinder//mcu/
2026-03-16 15:22:46,823 [WARN] DbFile:41 - Overriding database path with different value: C:\Users\ADMIN\.stmcufinder\plugins\mcufinder/ => C:\Users\ADMIN\.stmcufinder\plugins\mcufinder
2026-03-16 15:22:46,823 [INFO] DbMcusAds:125 - Set database path to: C:\Users\ADMIN\.stmcufinder\plugins\mcufinder//mcu/
2026-03-16 15:22:46,823 [WARN] DbFile:41 - Overriding database path with different value: C:\Users\ADMIN\.stmcufinder\plugins\mcufinder/ => C:\Users\ADMIN\.stmcufinder\plugins\mcufinder
2026-03-16 15:22:46,823 [WARN] DbFile:41 - Overriding database path with different value: C:\Users\ADMIN\.stmcufinder\plugins\mcufinder/ => C:\Users\ADMIN\.stmcufinder\plugins\mcufinder
2026-03-16 15:22:46,823 [INFO] CrossReferenceDbSqlite:203 - Set database path to: C:\Users\ADMIN\.stmcufinder\plugins\mcufinder//mcu/cs/
2026-03-16 15:22:46,883 [INFO] ApplicationProperties:184 - Using Application install path: C:\ST\STM32CubeIDE_1.17.0\STM32CubeIDE\plugins\com.st.stm32cube.common.mx_6.13.0.202411220809
2026-03-16 15:22:46,885 [INFO] PluginManage:196 - Search for loadable plugins [exclusion list=, ]
2026-03-16 15:22:46,886 [INFO] PluginManage:310 - Check plugin analytics
2026-03-16 15:22:47,267 [INFO] AnalyticsPlugin:253 - Accepted Software Licenses: STM32CubeMX.6.16.1
2026-03-16 15:22:47,268 [INFO] AnalyticsPlugin:255 - Accepted CMSIS Pack Licenses: 
2026-03-16 15:22:47,268 [INFO] AnalyticsPlugin:257 - Accepted Firmware Licenses: 
2026-03-16 15:22:47,268 [INFO] PluginManage:359 - Loaded plugin analytics (category:tool,tabindex:-1)
2026-03-16 15:22:47,269 [INFO] PluginManage:310 - Check plugin cadmodel
2026-03-16 15:22:47,277 [INFO] CADModel:105 - Init CAD model plugin
2026-03-16 15:22:47,278 [INFO] PluginManage:359 - Loaded plugin cadmodel (category:power,tabindex:5)
2026-03-16 15:22:47,278 [INFO] PluginManage:310 - Check plugin clock
2026-03-16 15:22:47,289 [INFO] PluginManage:359 - Loaded plugin clock (category:base,tabindex:2)
2026-03-16 15:22:47,289 [INFO] PluginManage:310 - Check plugin ddr
2026-03-16 15:22:47,292 [INFO] PluginManage:359 - Loaded plugin ddr (category:tool,tabindex:6)
2026-03-16 15:22:47,293 [INFO] PluginManage:310 - Check plugin filemanager
2026-03-16 15:22:47,459 [INFO] PluginManage:359 - Loaded plugin filemanager (category:base,tabindex:10)
2026-03-16 15:22:47,460 [INFO] PluginManage:310 - Check plugin ipmanager
2026-03-16 15:22:47,469 [INFO] PluginManage:359 - Loaded plugin ipmanager (category:base,tabindex:5)
2026-03-16 15:22:47,470 [INFO] PluginManage:310 - Check plugin lpbam
2026-03-16 15:22:47,481 [INFO] PluginManage:359 - Loaded plugin lpbam (category:base,tabindex:0)
2026-03-16 15:22:47,483 [INFO] PluginManage:310 - Check plugin memorymap
2026-03-16 15:22:47,497 [INFO] PluginManage:359 - Loaded plugin memorymap (category:base,tabindex:4)
2026-03-16 15:22:47,499 [INFO] PluginManage:310 - Check plugin pinoutandconfiguration
2026-03-16 15:22:47,509 [INFO] PluginManage:359 - Loaded plugin pinoutandconfiguration (category:base,tabindex:1)
2026-03-16 15:22:47,509 [INFO] PluginManage:310 - Check plugin pinoutconfig
2026-03-16 15:22:47,624 [WARN] SupportedApi:132 - Cannot load RTOS API schema: s4s-elt-must-match.1: The content of 'definitions' must match (annotation?, (simpleType | complexType)?, (unique | key | keyref)*)). A problem was found starting at: attribute.
2026-03-16 15:22:47,824 [INFO] PluginManage:359 - Loaded plugin pinoutconfig (category:base,tabindex:0)
2026-03-16 15:22:47,824 [INFO] PluginManage:310 - Check plugin power
2026-03-16 15:22:47,835 [INFO] PluginManage:359 - Loaded plugin power (category:power,tabindex:4)
2026-03-16 15:22:47,835 [INFO] PluginManage:310 - Check plugin projectmanager
2026-03-16 15:22:47,855 [INFO] PluginManage:359 - Loaded plugin projectmanager (category:projectmanager,tabindex:4)
2026-03-16 15:22:47,856 [INFO] PluginManage:310 - Check plugin rif
2026-03-16 15:22:47,868 [INFO] PluginManage:359 - Loaded plugin rif (category:base,tabindex:3)
2026-03-16 15:22:47,868 [INFO] PluginManage:310 - Check plugin thirdparty
2026-03-16 15:22:48,054 [INFO] PluginManage:359 - Loaded plugin thirdparty (category:base,tabindex:-1)
2026-03-16 15:22:48,054 [WARN] IntegrityCheckThread:84 - waiting for thirdparty lock release [integrity check]
2026-03-16 15:22:48,055 [INFO] PluginManage:310 - Check plugin tools
2026-03-16 15:22:48,055 [INFO] IntegrityCheckThread:86 - entering critical section [integrity check]
2026-03-16 15:22:48,055 [INFO] ThirdPartyUpdaterWithRetryManager:70 - Updater plugin not ready yet. [1/15]
2026-03-16 15:22:48,061 [INFO] PluginManage:359 - Loaded plugin tools (category:base,tabindex:7)
2026-03-16 15:22:48,061 [INFO] PluginManage:310 - Check plugin tutovideos
2026-03-16 15:22:48,283 [INFO] PluginManage:359 - Loaded plugin tutovideos (category:base,tabindex:-1)
2026-03-16 15:22:48,283 [INFO] PluginManage:310 - Check plugin updater
2026-03-16 15:22:48,312 [INFO] PluginManage:359 - Loaded plugin updater (category:base,tabindex:12)
2026-03-16 15:22:48,313 [INFO] PluginManage:310 - Check plugin userauth
2026-03-16 15:22:48,319 [INFO] UserAuth:118 - Init User Auth plugin
2026-03-16 15:22:48,321 [INFO] PluginManage:359 - Loaded plugin userauth (category:base,tabindex:14)
2026-03-16 15:22:48,323 [INFO] PluginManage:283 - PluginManage : Loaded plugins [18]
2026-03-16 15:22:48,671 [INFO] PinOutPanel:1589 - setPackage(No Configuration,No Configuration)
2026-03-16 15:22:48,798 [INFO] CADModel:165 - CPN selected for project level
2026-03-16 15:22:48,799 [INFO] CADModel:114 - Register for checkConnection events
2026-03-16 15:22:48,826 [INFO] IPUIPlugin:80 - create IPUIPlugin
2026-03-16 15:22:48,826 [INFO] PluginManager:220 - loadIPPluginJar : add adc
2026-03-16 15:22:48,831 [INFO] IPUIPlugin:80 - create IPUIPlugin
2026-03-16 15:22:48,831 [INFO] PluginManager:220 - loadIPPluginJar : add aes
2026-03-16 15:22:48,835 [INFO] IPUIPlugin:80 - create IPUIPlugin
2026-03-16 15:22:48,836 [INFO] PluginManager:220 - loadIPPluginJar : add can
2026-03-16 15:22:48,838 [INFO] IPUIPlugin:80 - create IPUIPlugin
2026-03-16 15:22:48,838 [INFO] PluginManager:220 - loadIPPluginJar : add comp
2026-03-16 15:22:48,842 [INFO] IPUIPlugin:80 - create IPUIPlugin
2026-03-16 15:22:48,844 [INFO] PluginManager:220 - loadIPPluginJar : add cryp
2026-03-16 15:22:48,848 [INFO] IPUIPlugin:80 - create IPUIPlugin
2026-03-16 15:22:48,848 [INFO] PluginManager:220 - loadIPPluginJar : add ddr_ctrl_phy
2026-03-16 15:22:48,853 [INFO] IPUIPlugin:80 - create IPUIPlugin
2026-03-16 15:22:48,853 [INFO] PluginManager:220 - loadIPPluginJar : add dfsdm
2026-03-16 15:22:48,862 [INFO] IPUIPlugin:80 - create IPUIPlugin
2026-03-16 15:22:48,863 [INFO] PluginManager:220 - loadIPPluginJar : add dma
2026-03-16 15:22:48,867 [INFO] IPUIPlugin:80 - create IPUIPlugin
2026-03-16 15:22:48,868 [INFO] PluginManager:220 - loadIPPluginJar : add dma3
2026-03-16 15:22:48,872 [INFO] IPUIPlugin:80 - create IPUIPlugin
2026-03-16 15:22:48,872 [INFO] PluginManager:220 - loadIPPluginJar : add extmemmanager
2026-03-16 15:22:48,874 [INFO] IPUIPlugin:80 - create IPUIPlugin
2026-03-16 15:22:48,876 [INFO] PluginManager:220 - loadIPPluginJar : add fatfs
2026-03-16 15:22:48,884 [INFO] IPUIPlugin:80 - create IPUIPlugin
2026-03-16 15:22:48,884 [INFO] PluginManager:220 - loadIPPluginJar : add fmc
2026-03-16 15:22:48,897 [INFO] IPUIPlugin:80 - create IPUIPlugin
2026-03-16 15:22:48,897 [INFO] PluginManager:220 - loadIPPluginJar : add freertos
2026-03-16 15:22:48,901 [INFO] IPUIPlugin:80 - create IPUIPlugin
2026-03-16 15:22:48,901 [INFO] PluginManager:220 - loadIPPluginJar : add genericplugin
2026-03-16 15:22:48,904 [INFO] IPUIPlugin:80 - create IPUIPlugin
2026-03-16 15:22:48,904 [INFO] PluginManager:220 - loadIPPluginJar : add gfxmmu
2026-03-16 15:22:48,914 [INFO] IPUIPlugin:80 - create IPUIPlugin
2026-03-16 15:22:48,914 [INFO] PluginManager:220 - loadIPPluginJar : add gic
2026-03-16 15:22:48,921 [INFO] IPUIPlugin:80 - create IPUIPlugin
2026-03-16 15:22:48,922 [INFO] PluginManager:220 - loadIPPluginJar : add gpio
2026-03-16 15:22:48,927 [INFO] IPUIPlugin:80 - create IPUIPlugin
2026-03-16 15:22:48,927 [INFO] PluginManager:220 - loadIPPluginJar : add gtzc
2026-03-16 15:22:48,931 [INFO] IPUIPlugin:80 - create IPUIPlugin
2026-03-16 15:22:48,931 [INFO] PluginManager:220 - loadIPPluginJar : add hash
2026-03-16 15:22:48,936 [INFO] IPUIPlugin:80 - create IPUIPlugin
2026-03-16 15:22:48,936 [INFO] PluginManager:220 - loadIPPluginJar : add i2c
2026-03-16 15:22:48,941 [INFO] IPUIPlugin:80 - create IPUIPlugin
2026-03-16 15:22:48,942 [INFO] PluginManager:220 - loadIPPluginJar : add i2s
2026-03-16 15:22:48,948 [INFO] IPUIPlugin:80 - create IPUIPlugin
2026-03-16 15:22:48,948 [INFO] PluginManager:220 - loadIPPluginJar : add i3c
2026-03-16 15:22:48,953 [INFO] IPUIPlugin:80 - create IPUIPlugin
2026-03-16 15:22:48,954 [INFO] PluginManager:220 - loadIPPluginJar : add ipddr
2026-03-16 15:22:48,962 [INFO] IPUIPlugin:80 - create IPUIPlugin
2026-03-16 15:22:48,962 [INFO] PluginManager:220 - loadIPPluginJar : add linkedlist
2026-03-16 15:22:48,968 [INFO] IPUIPlugin:80 - create IPUIPlugin
2026-03-16 15:22:48,968 [INFO] PluginManager:220 - loadIPPluginJar : add lorawan
2026-03-16 15:22:48,972 [INFO] IPUIPlugin:80 - create IPUIPlugin
2026-03-16 15:22:48,972 [INFO] PluginManager:220 - loadIPPluginJar : add ltdc
2026-03-16 15:22:48,981 [INFO] IPUIPlugin:80 - create IPUIPlugin
2026-03-16 15:22:48,981 [INFO] PluginManager:220 - loadIPPluginJar : add mdma
2026-03-16 15:22:48,986 [INFO] IPUIPlugin:80 - create IPUIPlugin
2026-03-16 15:22:48,986 [INFO] PluginManager:220 - loadIPPluginJar : add nvic
2026-03-16 15:22:48,990 [INFO] IPUIPlugin:80 - create IPUIPlugin
2026-03-16 15:22:48,991 [INFO] PluginManager:220 - loadIPPluginJar : add opamp
2026-03-16 15:22:49,010 [INFO] IPUIPlugin:80 - create IPUIPlugin
2026-03-16 15:22:49,010 [INFO] PluginManager:220 - loadIPPluginJar : add openamp
2026-03-16 15:22:49,016 [INFO] IPUIPlugin:80 - create IPUIPlugin
2026-03-16 15:22:49,016 [INFO] PluginManager:220 - loadIPPluginJar : add pdm2pcm
2026-03-16 15:22:49,027 [INFO] IPUIPlugin:80 - create IPUIPlugin
2026-03-16 15:22:49,032 [INFO] PluginManager:220 - loadIPPluginJar : add plateformsettings
2026-03-16 15:22:49,034 [INFO] IPUIPlugin:80 - create IPUIPlugin
2026-03-16 15:22:49,034 [INFO] PluginManager:220 - loadIPPluginJar : add quadspi
2026-03-16 15:22:49,037 [INFO] IPUIPlugin:80 - create IPUIPlugin
2026-03-16 15:22:49,038 [INFO] PluginManager:220 - loadIPPluginJar : add radio
2026-03-16 15:22:49,043 [INFO] IPUIPlugin:80 - create IPUIPlugin
2026-03-16 15:22:49,043 [INFO] PluginManager:220 - loadIPPluginJar : add resmgrutility
2026-03-16 15:22:49,048 [INFO] IPUIPlugin:80 - create IPUIPlugin
2026-03-16 15:22:49,048 [INFO] PluginManager:220 - loadIPPluginJar : add sai
2026-03-16 15:22:49,052 [INFO] IPUIPlugin:80 - create IPUIPlugin
2026-03-16 15:22:49,052 [INFO] PluginManager:220 - loadIPPluginJar : add spi
2026-03-16 15:22:49,064 [INFO] IPUIPlugin:80 - create IPUIPlugin
2026-03-16 15:22:49,064 [INFO] PluginManager:220 - loadIPPluginJar : add stm32_wpan
2026-03-16 15:22:49,067 [INFO] IPUIPlugin:80 - create IPUIPlugin
2026-03-16 15:22:49,067 [INFO] PluginManager:220 - loadIPPluginJar : add tim
2026-03-16 15:22:49,076 [INFO] IPUIPlugin:80 - create IPUIPlugin
2026-03-16 15:22:49,076 [INFO] PluginManager:220 - loadIPPluginJar : add touchsensing
2026-03-16 15:22:49,081 [INFO] IPUIPlugin:80 - create IPUIPlugin
2026-03-16 15:22:49,081 [INFO] PluginManager:220 - loadIPPluginJar : add tracer_emb
2026-03-16 15:22:49,086 [INFO] IPUIPlugin:80 - create IPUIPlugin
2026-03-16 15:22:49,087 [INFO] PluginManager:220 - loadIPPluginJar : add ts
2026-03-16 15:22:49,091 [INFO] IPUIPlugin:80 - create IPUIPlugin
2026-03-16 15:22:49,091 [INFO] PluginManager:220 - loadIPPluginJar : add tsc
2026-03-16 15:22:49,096 [INFO] IPUIPlugin:80 - create IPUIPlugin
2026-03-16 15:22:49,096 [INFO] PluginManager:220 - loadIPPluginJar : add ucpd
2026-03-16 15:22:49,102 [INFO] IPUIPlugin:80 - create IPUIPlugin
2026-03-16 15:22:49,102 [INFO] PluginManager:220 - loadIPPluginJar : add usart
2026-03-16 15:22:49,111 [INFO] IPUIPlugin:80 - create IPUIPlugin
2026-03-16 15:22:49,111 [INFO] PluginManager:220 - loadIPPluginJar : add usbx
2026-03-16 15:22:49,328 [FATAL] Updater:351 - Updater called before beeing initialized
2026-03-16 15:22:49,379 [INFO] RulesReader:64 - Compatibility file has been processed (297 Rules)
2026-03-16 15:22:49,394 [INFO] RulesReader:64 - Compatibility file has been processed (297 Rules)
2026-03-16 15:22:49,411 [INFO] CADModel:165 - CPN selected for project level
2026-03-16 15:22:49,411 [INFO] CADModel:114 - Register for checkConnection events
2026-03-16 15:22:49,411 [FATAL] Updater:351 - Updater called before beeing initialized
2026-03-16 15:22:49,412 [ERROR] CADModel:125 - Updater not yet initialized, retry later 
2026-03-16 15:22:49,665 [FATAL] Updater:351 - Updater called before beeing initialized
2026-03-16 15:22:49,669 [INFO] CADModel:165 - CPN selected for project level
2026-03-16 15:22:49,669 [INFO] CADModel:114 - Register for checkConnection events
2026-03-16 15:22:49,669 [FATAL] Updater:351 - Updater called before beeing initialized
2026-03-16 15:22:49,669 [ERROR] CADModel:125 - Updater not yet initialized, retry later 
2026-03-16 15:22:49,675 [FATAL] Updater:351 - Updater called before beeing initialized
2026-03-16 15:22:49,862 [FATAL] Updater:351 - Updater called before beeing initialized
2026-03-16 15:22:49,871 [INFO] DbMcusAds:53 - JSON generation date=Thu Mar 05 21:32:53 ICT 2026 (1772721173050)
2026-03-16 15:22:49,872 [FATAL] Updater:351 - Updater called before beeing initialized
2026-03-16 15:22:49,915 [WARN] DetailPanel:346 - Failed to get advertising image, set to default
2026-03-16 15:22:50,225 [FATAL] Updater:351 - Updater called before beeing initialized
2026-03-16 15:22:50,231 [FATAL] Updater:351 - Updater called before beeing initialized
2026-03-16 15:22:50,232 [FATAL] Updater:351 - Updater called before beeing initialized
2026-03-16 15:22:50,232 [WARN] DetailPanel:346 - Failed to get advertising image, set to default
2026-03-16 15:22:50,233 [FATAL] Updater:351 - Updater called before beeing initialized
2026-03-16 15:22:50,322 [ERROR] Updater:1198 - MainUpdater not yet initialized. External WinMGr cannot be set.
2026-03-16 15:22:50,328 [INFO] Updater:1134 - Updater Version found : 6.13.0
2026-03-16 15:22:50,353 [INFO] ApplicationProperties:184 - Using Application install path: C:\ST\STM32CubeIDE_1.17.0\STM32CubeIDE\plugins\com.st.stm32cube.common.mx_6.13.0.202411220809
2026-03-16 15:22:51,057 [INFO] ThirdPartyUpdaterWithRetryManager:70 - Updater plugin not ready yet. [2/15]
2026-03-16 15:22:51,935 [ERROR] LogOutputStream:75 - [STDERR_REDIRECT] Mar 16, 2026 3:22:51 PM java.util.prefs.WindowsPreferences <init>
2026-03-16 15:22:51,939 [ERROR] LogOutputStream:75 - [STDERR_REDIRECT] WARNING: Could not open/create prefs root node Software\JavaSoft\Prefs at root 0xffffffff80000002. Windows RegCreateKeyEx(...) returned error code 5.
2026-03-16 15:22:51,939 [ERROR] LogOutputStream:75 - [STDERR_REDIRECT] 
2026-03-16 15:22:52,463 [INFO] MainUpdater:2872 - connection check result : 10
2026-03-16 15:22:52,465 [INFO] MainUpdater:289 - Updater Check For Update Now.
2026-03-16 15:22:52,465 [INFO] MicroXplorer:498 - Change Database Version : DB.6.0.130
2026-03-16 15:22:52,485 [INFO] McuFinderGlobals:63 - Set McuFinder mode to 2 (CubeIDE integrated)
2026-03-16 15:22:52,485 [INFO] UserAuth:171 - activating auth plugin
2026-03-16 15:22:52,505 [INFO] UserAuth:486 - Internet connection configuration mode: 1
2026-03-16 15:22:52,541 [INFO] JxBrowserEngine:152 - Initiate JxBrowser Engine with user profile folder
2026-03-16 15:22:52,743 [INFO] CheckServerUpdateThread:120 - End of CheckServer Thread
2026-03-16 15:22:53,575 [INFO] WebApp:168 - Instantiating new browser for Auth
2026-03-16 15:22:54,520 [INFO] WebApp:449 - Apply proxy settings
2026-03-16 15:22:54,521 [INFO] WebApp:534 - Chromium requires no authentication
2026-03-16 15:22:54,535 [INFO] WebApp:477 - Direct internet connection detected
2026-03-16 15:22:54,536 [WARN] PackLoader:240 - Cannot read IP mode file for STMicroelectronics.X-CUBE-AZRTOS-H7.3.5.0
2026-03-16 15:22:54,577 [WARN] PackLoader:240 - Cannot read IP mode file for STMicroelectronics.FP-ATR-ASTRA1.2.0.2
2026-03-16 15:22:54,611 [INFO] WebApp:880 - Register for checkConnection events
2026-03-16 15:22:54,611 [INFO] WebApp:449 - Apply proxy settings
2026-03-16 15:22:54,611 [INFO] WebApp:534 - Chromium requires no authentication
2026-03-16 15:22:54,612 [INFO] WebApp:477 - Direct internet connection detected
2026-03-16 15:22:54,616 [WARN] PackLoader:240 - Cannot read IP mode file for STMicroelectronics.X-CUBE-SMBUS.2.1.0
2026-03-16 15:22:54,663 [WARN] PackLoader:240 - Cannot read IP mode file for STMicroelectronics.X-CUBE-AZRTOS-F7.1.1.0
2026-03-16 15:22:54,686 [ERROR] Engine:466 - C:\Users\ADMIN\.stm32cubemx\thirdparties\pdsc\STMicroelectronics.FP-SNS-MOTENV1.5.1.0.pdsc: PDSC version is not supported
2026-03-16 15:22:54,706 [ERROR] Engine:466 - C:\Users\ADMIN\.stm32cubemx\thirdparties\pdsc\WES.I-CUBE-Cesium.1.4.0.pdsc: PDSC version is not supported
2026-03-16 15:22:54,758 [WARN] PackLoader:240 - Cannot read IP mode file for STMicroelectronics.X-CUBE-AZRTOS-H7.3.4.0
2026-03-16 15:22:54,792 [WARN] PackLoader:240 - Cannot read IP mode file for STMicroelectronics.X-CUBE-DISPLAY.3.0.0
2026-03-16 15:22:54,815 [ERROR] Engine:466 - C:\Users\ADMIN\.stm32cubemx\thirdparties\pdsc\STMicroelectronics.FP-SNS-MOTENVWB1.1.5.0.pdsc: PDSC version is not supported
2026-03-16 15:22:54,843 [WARN] PackLoader:240 - Cannot read IP mode file for STMicroelectronics.X-CUBE-NFC10.1.0.0
2026-03-16 15:22:54,868 [WARN] PackLoader:240 - Cannot read IP mode file for STMicroelectronics.X-CUBE-ST60.1.1.0
2026-03-16 15:22:54,889 [WARN] PackLoader:240 - Cannot read IP mode file for emotas.I-CUBE-CANOPEN.1.3.0
2026-03-16 15:22:54,910 [WARN] PackLoader:240 - Cannot read IP mode file for STMicroelectronics.X-CUBE-GNSS1.7.1.0
2026-03-16 15:22:54,937 [ERROR] Engine:466 - C:\Users\ADMIN\.stm32cubemx\thirdparties\pdsc\STMicroelectronics.FP-SNS-STBOX1.2.1.0.pdsc: PDSC version is not supported
2026-03-16 15:22:54,967 [WARN] PackLoader:240 - Cannot read IP mode file for STMicroelectronics.FP-SNS-SMARTAG2.1.2.0
2026-03-16 15:22:54,982 [INFO] WebApp:187 - Connection restablished
2026-03-16 15:22:54,993 [WARN] PackLoader:240 - Cannot read IP mode file for STMicroelectronics.FP-SNS-FLIGHT1.5.1.0
2026-03-16 15:22:55,022 [INFO] LogOutputStream:77 - [STDOUT_REDIRECT] 1 : Invalid condition id : UX_CORESTACK_Condition cause : null
2026-03-16 15:22:55,023 [INFO] LogOutputStream:77 - [STDOUT_REDIRECT] 1 : Invalid condition id : UX_CORESTACK_Condition cause : null
2026-03-16 15:22:55,026 [INFO] LogOutputStream:77 - [STDOUT_REDIRECT] 1 : Invalid condition id : UX_CORESTACK_Condition cause : null
2026-03-16 15:22:55,028 [INFO] LogOutputStream:77 - [STDOUT_REDIRECT] 1 : Invalid condition id : UX_CORESTACK_Condition cause : null
2026-03-16 15:22:55,029 [INFO] LogOutputStream:77 - [STDOUT_REDIRECT] 1 : Invalid condition id : UX_CORESTACK_Condition cause : null
2026-03-16 15:22:55,033 [WARN] PackLoader:240 - Cannot read IP mode file for STMicroelectronics.X-CUBE-AZRTOS-WL.2.0.0
2026-03-16 15:22:55,100 [WARN] PackLoader:240 - Cannot read IP mode file for STMicroelectronics.X-CUBE-AZRTOS-H7RS.1.2.0
2026-03-16 15:22:55,128 [WARN] PackLoader:240 - Cannot read IP mode file for STMicroelectronics.X-CUBE-BLE2.3.3.0
2026-03-16 15:22:55,128 [INFO] WebApp:221 - Starting web application
2026-03-16 15:22:55,128 [INFO] WebApp:579 - Web application path used C:\ST\STM32CubeIDE_1.17.0\STM32CubeIDE\plugins\com.st.stm32cube.common.mx_6.13.0.202411220809\db\plugins\mcufinder\reactClient1\index.html
2026-03-16 15:22:55,254 [WARN] PackLoader:240 - Cannot read IP mode file for Infineon.AIROC-Wi-Fi-Bluetooth-STM32.1.8.0
2026-03-16 15:22:55,285 [WARN] PackLoader:240 - Cannot read IP mode file for STMicroelectronics.X-CUBE-NFC9.1.0.0
2026-03-16 15:22:55,318 [WARN] PackLoader:240 - Cannot read IP mode file for STMicroelectronics.X-CUBE-BLE1.7.1.0
2026-03-16 15:22:55,340 [WARN] PackLoader:240 - Cannot read IP mode file for wolfSSL.I-CUBE-wolfMQTT.1.19.2
2026-03-16 15:22:55,364 [ERROR] Engine:466 - C:\Users\ADMIN\.stm32cubemx\thirdparties\pdsc\STMicroelectronics.X-CUBE-FREERTOS.1.4.0.pdsc: PDSC version is not supported
2026-03-16 15:22:55,399 [WARN] PackLoader:240 - Cannot read IP mode file for STMicroelectronics.X-CUBE-EEPRMA1.5.2.0
2026-03-16 15:22:55,430 [WARN] PackLoader:240 - Cannot read IP mode file for wolfSSL.I-CUBE-wolfSSL.5.8.4
2026-03-16 15:22:55,465 [WARN] PackLoader:240 - Cannot read IP mode file for Cesanta.I-CUBE-Mongoose.7.20.0
2026-03-16 15:22:55,560 [WARN] PackLoader:240 - Cannot read IP mode file for STMicroelectronics.X-CUBE-MEMS1.12.0.0
2026-03-16 15:22:55,700 [WARN] PackLoader:240 - Cannot read IP mode file for STMicroelectronics.X-CUBE-AZRTOS-G0.1.1.0
2026-03-16 15:22:55,722 [WARN] PackLoader:240 - Cannot read IP mode file for STMicroelectronics.X-CUBE-NFC4.3.0.0
2026-03-16 15:22:55,749 [WARN] PackLoader:240 - Cannot read IP mode file for EmbeddedOffice.I-CUBE-FS-RTOS.1.0.1
2026-03-16 15:22:55,777 [WARN] PackLoader:240 - Cannot read IP mode file for STMicroelectronics.X-CUBE-WB05N.2.0.0
2026-03-16 15:22:55,797 [WARN] PackLoader:240 - Cannot read IP mode file for wolfSSL.I-CUBE-wolfTPM.3.8.0
2026-03-16 15:22:55,822 [WARN] PackLoader:240 - Cannot read IP mode file for STMicroelectronics.X-CUBE-TCPP.4.2.0
2026-03-16 15:22:55,851 [WARN] PackLoader:240 - Cannot read IP mode file for RealThread.X-CUBE-RT-Thread_Nano.4.1.1
2026-03-16 15:22:55,880 [WARN] PackLoader:240 - Cannot read IP mode file for STMicroelectronics.FP-ATR-SIGFOX1.3.2.0
2026-03-16 15:22:55,903 [ERROR] Engine:466 - C:\Users\ADMIN\.stm32cubemx\thirdparties\pdsc\STMicroelectronics.X-CUBE-FREERTOS.1.5.0.pdsc: PDSC version is not supported
2026-03-16 15:22:55,931 [WARN] PackLoader:240 - Cannot read IP mode file for ITTIA_DB.I-CUBE-ITTIADB.8.9.0
2026-03-16 15:22:55,961 [WARN] PackLoader:240 - Cannot read IP mode file for STMicroelectronics.X-CUBE-NFC6.3.2.0
2026-03-16 15:22:55,990 [WARN] PackLoader:240 - Cannot read IP mode file for STMicroelectronics.X-CUBE-AI.10.2.0
2026-03-16 15:22:56,039 [WARN] PackLoader:240 - Cannot read IP mode file for SEGGER.I-CUBE-embOS.1.3.1
2026-03-16 15:22:56,110 [WARN] PackLoader:240 - Cannot read IP mode file for STMicroelectronics.X-CUBE-ALGOBUILD.1.4.0
2026-03-16 15:22:56,131 [WARN] PackLoader:240 - Cannot read IP mode file for STMicroelectronics.X-CUBE-PM33A1.1.0.0
2026-03-16 15:22:56,169 [WARN] PackLoader:240 - Cannot read IP mode file for STMicroelectronics.X-CUBE-AZRTOS-F4.1.1.0
2026-03-16 15:22:56,191 [WARN] PackLoader:240 - Cannot read IP mode file for STMicroelectronics.X-CUBE-ISPU.2.1.0
2026-03-16 15:22:56,214 [ERROR] Engine:466 - C:\Users\ADMIN\.stm32cubemx\thirdparties\pdsc\STMicroelectronics.X-CUBE-IPS.3.2.0.pdsc: PDSC version is not supported
2026-03-16 15:22:56,237 [WARN] PackLoader:240 - Cannot read IP mode file for STMicroelectronics.X-CUBE-NFC12.1.0.0
2026-03-16 15:22:56,273 [WARN] PackLoader:240 - Cannot read IP mode file for STMicroelectronics.X-CUBE-AZRTOS-L5.2.0.0
2026-03-16 15:22:56,298 [WARN] PackLoader:240 - Cannot read IP mode file for STMicroelectronics.X-CUBE-TOUCHGFX.4.26.0
2026-03-16 15:22:56,316 [WARN] PackLoader:240 - Cannot read IP mode file for STMicroelectronics.X-CUBE-TOUCHGFX.4.26.1
2026-03-16 15:22:56,336 [WARN] PackLoader:240 - Cannot read IP mode file for STMicroelectronics.FP-SNS-STAIOTCFT.1.0.0
2026-03-16 15:22:56,356 [WARN] PackLoader:240 - Cannot read IP mode file for STMicroelectronics.X-CUBE-DPower.1.3.0
2026-03-16 15:22:56,402 [WARN] ConditionMgr:438 - getConditionDescription Invalid condition id : LAN8742 Phy interface Condition cause : null
2026-03-16 15:22:56,402 [WARN] PackLoader:240 - Cannot read IP mode file for STMicroelectronics.X-CUBE-AZRTOS-L4.2.0.0
2026-03-16 15:22:56,404 [WARN] ConditionMgr:1044 - genDependencies : Invalid condition id : LAN8742 Phy interface Condition cause : null
2026-03-16 15:22:56,404 [WARN] ConditionMgr:1044 - genDependencies : Invalid condition id : LAN8742 Phy interface Condition cause : null
2026-03-16 15:22:56,405 [WARN] ConditionMgr:1044 - genDependencies : Invalid condition id : LAN8742 Phy interface Condition cause : null
2026-03-16 15:22:56,436 [WARN] PackLoader:240 - Cannot read IP mode file for STMicroelectronics.X-CUBE-SFXS2LP1.4.0.0
2026-03-16 15:22:56,473 [ERROR] Engine:466 - C:\Users\ADMIN\.stm32cubemx\thirdparties\pdsc\STMicroelectronics.X-CUBE-ST67W61.1.2.0.pdsc: PDSC version is not supported
2026-03-16 15:22:56,506 [WARN] PackLoader:240 - Cannot read IP mode file for STMicroelectronics.X-CUBE-BLEMGR.4.1.0
2026-03-16 15:22:56,543 [WARN] ConditionMgr:438 - getConditionDescription Invalid condition id : UX DEVICE CLASS RTOS Condition cause : null
2026-03-16 15:22:56,543 [WARN] ConditionMgr:438 - getConditionDescription Invalid condition id : UX DEVICE CLASS RTOS Condition cause : null
2026-03-16 15:22:56,545 [WARN] PackLoader:240 - Cannot read IP mode file for STMicroelectronics.X-CUBE-AZRTOS-WB.2.0.0
2026-03-16 15:22:56,545 [WARN] ConditionMgr:1044 - genDependencies : Invalid condition id : UX DEVICE CLASS RTOS Condition cause : null
2026-03-16 15:22:56,545 [WARN] ConditionMgr:1044 - genDependencies : Invalid condition id : UX DEVICE CLASS RTOS Condition cause : null
2026-03-16 15:22:56,546 [WARN] ConditionMgr:1044 - genDependencies : Invalid condition id : UX DEVICE CLASS RTOS Condition cause : null
2026-03-16 15:22:56,546 [WARN] ConditionMgr:1044 - genDependencies : Invalid condition id : UX DEVICE CLASS RTOS Condition cause : null
2026-03-16 15:22:56,546 [WARN] ConditionMgr:1044 - genDependencies : Invalid condition id : UX DEVICE CLASS RTOS Condition cause : null
2026-03-16 15:22:56,564 [WARN] ConditionMgr:438 - getConditionDescription Invalid condition id : Cortex-A Device cause : null
2026-03-16 15:22:56,591 [WARN] ConditionMgr:1044 - genDependencies : Invalid condition id : Cortex-A Device cause : null
2026-03-16 15:22:56,591 [WARN] ConditionMgr:1044 - genDependencies : Invalid condition id : Cortex-A Device cause : null
2026-03-16 15:22:56,591 [WARN] ConditionMgr:1044 - genDependencies : Invalid condition id : Cortex-A Device cause : null
2026-03-16 15:22:56,612 [WARN] PackLoader:240 - Cannot read IP mode file for STMicroelectronics.X-CUBE-STSE01.2.0.0
2026-03-16 15:22:56,635 [WARN] PackLoader:240 - Cannot read IP mode file for STMicroelectronics.X-CUBE-SUBG2.5.0.0
2026-03-16 15:22:56,667 [WARN] PackLoader:240 - Cannot read IP mode file for STMicroelectronics.X-CUBE-AZRTOS-G4.2.0.0
2026-03-16 15:22:56,688 [WARN] PackLoader:240 - Cannot read IP mode file for wolfSSL.I-CUBE-wolfSSH.1.4.20
2026-03-16 15:22:56,709 [WARN] PackLoader:240 - Cannot read IP mode file for STMicroelectronics.X-CUBE-NFC7.2.0.0
2026-03-16 15:22:56,730 [WARN] PackLoader:240 - Cannot read IP mode file for STMicroelectronics.X-CUBE-ALS.1.0.2
2026-03-16 15:22:56,759 [WARN] PackLoader:240 - Cannot read IP mode file for STMicroelectronics.X-CUBE-TOF1.3.4.3
2026-03-16 15:22:56,768 [INFO] ThirdParty:978 - Integrity check success = true
2026-03-16 15:22:56,768 [INFO] IntegrityCheckThread:100 - exiting critical section [integrity check]
2026-03-16 15:22:56,768 [INFO] IntegrityCheckThread:103 - End integrity checks thread
